#
# There is insufficient memory for the Java Runtime Environment to continue.
# Native memory allocation (malloc) failed to allocate 1879440 bytes for Chunk::new
# Possible reasons:
#   The system is out of physical RAM or swap space
#   The process is running with CompressedOops enabled, and the Java Heap may be blocking the growth of the native heap
# Possible solutions:
#   Reduce memory load on the system
#   Increase physical memory or swap space
#   Check if swap backing store is full
#   Decrease Java heap size (-Xmx/-Xms)
#   Decrease number of Java threads
#   Decrease Java thread stack sizes (-Xss)
#   Set larger code cache with -XX:ReservedCodeCacheSize=
#   JVM is running with Unscaled Compressed Oops mode in which the Java heap is
#     placed in the first 4GB address space. The Java Heap base address is the
#     maximum limit for the native heap growth. Please use -XX:HeapBaseMinAddress
#     to set the Java Heap base and to place the Java Heap above 4GB virtual address.
# This output file may be truncated or incomplete.
#
#  Out of Memory Error (t:/workspace/open/src/hotspot/share/memory/arena.cpp:196), pid=19944, tid=1884
#
# JRE version: Java(TM) SE Runtime Environment (13.0.1+9) (build 13.0.1+9)
# Java VM: Java HotSpot(TM) 64-Bit Server VM (13.0.1+9, mixed mode, sharing, tiered, compressed oops, g1 gc, windows-amd64)
# No core dump will be written. Minidumps are not enabled by default on client versions of Windows
#

---------------  S U M M A R Y ------------

Command Line: --add-opens=java.base/java.util=ALL-UNNAMED --add-opens=java.base/java.lang=ALL-UNNAMED --add-opens=java.base/java.lang.invoke=ALL-UNNAMED --add-opens=java.prefs/java.util.prefs=ALL-UNNAMED -XX:MaxMetaspaceSize=256m -XX:+HeapDumpOnOutOfMemoryError -Xms256m -Xmx512m -Dfile.encoding=windows-1252 -Duser.country=US -Duser.language=en -Duser.variant org.gradle.launcher.daemon.bootstrap.GradleDaemon 6.0.1

Host: Intel(R) Core(TM) i5-6200U CPU @ 2.30GHz, 4 cores, 7G,  Windows 10 , 64 bit Build 18362 (10.0.18362.778)
Time: Mon Apr 20 10:36:36 2020 Eastern Daylight Time elapsed time: 11 seconds (0d 0h 0m 11s)

---------------  T H R E A D  ---------------

Current thread (0x000001f3a0888000):  JavaThread "C2 CompilerThread1" daemon [_thread_in_native, id=1884, stack(0x000000b49f500000,0x000000b49f600000)]


Current CompileTask:
C2:  11993 5050       4       groovy.lang.MetaClassImpl::addMetaMethodToIndex (65 bytes)

Stack: [0x000000b49f500000,0x000000b49f600000]
Native frames: (J=compiled Java code, j=interpreted, Vv=VM code, C=native code)
V  [jvm.dll+0x626eca]
V  [jvm.dll+0x772c6a]
V  [jvm.dll+0x77441f]
V  [jvm.dll+0x774a23]
V  [jvm.dll+0x24da58]
V  [jvm.dll+0xc3ae7]
V  [jvm.dll+0xc406c]
V  [jvm.dll+0x35de75]
V  [jvm.dll+0x329593]
V  [jvm.dll+0x32896a]
V  [jvm.dll+0x2078c7]
V  [jvm.dll+0x206adf]
V  [jvm.dll+0x18b94c]
V  [jvm.dll+0x2159bd]
V  [jvm.dll+0x213e6b]
V  [jvm.dll+0x738b16]
V  [jvm.dll+0x731c0a]
V  [jvm.dll+0x6260c6]
C  [ucrtbase.dll+0x20e72]
C  [KERNEL32.DLL+0x17bd4]
C  [ntdll.dll+0x6ce51]


---------------  P R O C E S S  ---------------

Threads class SMR info:
_java_thread_list=0x000001f3a34e07b0, length=33, elements={
0x000001f3842df000, 0x000001f39f121000, 0x000001f39f122000, 0x000001f39f947000,
0x000001f39f94c000, 0x000001f39f94e000, 0x000001f39f951000, 0x000001f39f95e800,
0x000001f39fa8f000, 0x000001f39fae4000, 0x000001f3a0ea3000, 0x000001f39fd2e800,
0x000001f3a1b26000, 0x000001f3a104c800, 0x000001f3a1510000, 0x000001f3a07d7000,
0x000001f3a0f30800, 0x000001f3a089f000, 0x000001f3a2c61800, 0x000001f3a0887800,
0x000001f3a222f000, 0x000001f3a2234800, 0x000001f3a2233000, 0x000001f3a2230800,
0x000001f3a0888000, 0x000001f3a2234000, 0x000001f3a222f800, 0x000001f3a2231800,
0x000001f3a2232000, 0x000001f3a4ede800, 0x000001f3a4ee2000, 0x000001f3a4ee1000,
0x000001f3a4edf800
}

Java Threads: ( => current thread )
  0x000001f3842df000 JavaThread "main" [_thread_blocked, id=20236, stack(0x000000b49d700000,0x000000b49d800000)]
  0x000001f39f121000 JavaThread "Reference Handler" daemon [_thread_blocked, id=11600, stack(0x000000b49de00000,0x000000b49df00000)]
  0x000001f39f122000 JavaThread "Finalizer" daemon [_thread_blocked, id=7160, stack(0x000000b49df00000,0x000000b49e000000)]
  0x000001f39f947000 JavaThread "Signal Dispatcher" daemon [_thread_blocked, id=15440, stack(0x000000b49e000000,0x000000b49e100000)]
  0x000001f39f94c000 JavaThread "Attach Listener" daemon [_thread_blocked, id=20208, stack(0x000000b49e100000,0x000000b49e200000)]
  0x000001f39f94e000 JavaThread "C2 CompilerThread0" daemon [_thread_in_native, id=20128, stack(0x000000b49e200000,0x000000b49e300000)]
  0x000001f39f951000 JavaThread "C1 CompilerThread0" daemon [_thread_blocked, id=17764, stack(0x000000b49e300000,0x000000b49e400000)]
  0x000001f39f95e800 JavaThread "Sweeper thread" daemon [_thread_blocked, id=20212, stack(0x000000b49e400000,0x000000b49e500000)]
  0x000001f39fa8f000 JavaThread "Common-Cleaner" daemon [_thread_blocked, id=11780, stack(0x000000b49e500000,0x000000b49e600000)]
  0x000001f39fae4000 JavaThread "Service Thread" daemon [_thread_blocked, id=13540, stack(0x000000b49e600000,0x000000b49e700000)]
  0x000001f3a0ea3000 JavaThread "Daemon health stats" [_thread_blocked, id=5476, stack(0x000000b49ec00000,0x000000b49ed00000)]
  0x000001f39fd2e800 JavaThread "Incoming local TCP Connector on port 58195" [_thread_in_native, id=14084, stack(0x000000b49e800000,0x000000b49e900000)]
  0x000001f3a1b26000 JavaThread "Daemon periodic checks" [_thread_blocked, id=10000, stack(0x000000b49ed00000,0x000000b49ee00000)]
  0x000001f3a104c800 JavaThread "Daemon" [_thread_blocked, id=8168, stack(0x000000b49ee00000,0x000000b49ef00000)]
  0x000001f3a1510000 JavaThread "Handler for socket connection from /127.0.0.1:58195 to /127.0.0.1:58196" [_thread_in_native, id=5144, stack(0x000000b49ef00000,0x000000b49f000000)]
  0x000001f3a07d7000 JavaThread "Cancel handler" [_thread_blocked, id=14428, stack(0x000000b49f000000,0x000000b49f100000)]
  0x000001f3a0f30800 JavaThread "Daemon worker" [_thread_in_native, id=19368, stack(0x000000b49f100000,0x000000b49f200000)]
  0x000001f3a089f000 JavaThread "Asynchronous log dispatcher for DefaultDaemonConnection: socket connection from /127.0.0.1:58195 to /127.0.0.1:58196" [_thread_blocked, id=12276, stack(0x000000b49f200000,0x000000b49f300000)]
  0x000001f3a2c61800 JavaThread "Stdin handler" [_thread_blocked, id=14896, stack(0x000000b49f300000,0x000000b49f400000)]
  0x000001f3a0887800 JavaThread "Thread-8" [_thread_blocked, id=12244, stack(0x000000b49f400000,0x000000b49f500000)]
  0x000001f3a222f000 JavaThread "Cache worker for file hash cache (C:\Users\balachandran.k\.gradle\caches\6.0.1\fileHashes)" [_thread_blocked, id=12348, stack(0x000000b49f600000,0x000000b49f700000)]
  0x000001f3a2234800 JavaThread "File lock request listener" [_thread_in_native, id=18880, stack(0x000000b49f700000,0x000000b49f800000)]
  0x000001f3a2233000 JavaThread "Cache worker for journal cache (C:\Users\balachandran.k\.gradle\caches\journal-1)" [_thread_blocked, id=13968, stack(0x000000b49f800000,0x000000b49f900000)]
  0x000001f3a2230800 JavaThread "Cache worker for file hash cache (D:\Balachandran\ReactNative\FirstApp\android\.gradle\6.0.1\fileHashes)" [_thread_blocked, id=16820, stack(0x000000b49f900000,0x000000b49fa00000)]
=>0x000001f3a0888000 JavaThread "C2 CompilerThread1" daemon [_thread_in_native, id=1884, stack(0x000000b49f500000,0x000000b49f600000)]
  0x000001f3a2234000 JavaThread "Cache worker for cache directory md-supplier (C:\Users\balachandran.k\.gradle\caches\6.0.1\md-supplier)" [_thread_blocked, id=13356, stack(0x000000b49fa00000,0x000000b49fb00000)]
  0x000001f3a222f800 JavaThread "Cache worker for cache directory md-rule (C:\Users\balachandran.k\.gradle\caches\6.0.1\md-rule)" [_thread_blocked, id=15980, stack(0x000000b49fb00000,0x000000b49fc00000)]
  0x000001f3a2231800 JavaThread "Cache worker for execution history cache (C:\Users\balachandran.k\.gradle\caches\6.0.1\executionHistory)" [_thread_blocked, id=17036, stack(0x000000b49fc00000,0x000000b49fd00000)]
  0x000001f3a2232000 JavaThread "Build operations" [_thread_blocked, id=10084, stack(0x000000b49fd00000,0x000000b49fe00000)]
  0x000001f3a4ede800 JavaThread "Build operations Thread 2" [_thread_blocked, id=20232, stack(0x000000b49fe00000,0x000000b49ff00000)]
  0x000001f3a4ee2000 JavaThread "Build operations Thread 3" [_thread_blocked, id=12720, stack(0x000000b49ff00000,0x000000b4a0000000)]
  0x000001f3a4ee1000 JavaThread "Build operations Thread 4" [_thread_blocked, id=11732, stack(0x000000b4a0000000,0x000000b4a0100000)]
  0x000001f3a4edf800 JavaThread "Cache worker for Build Output Cleanup Cache (D:\Balachandran\ReactNative\FirstApp\android\.gradle\buildOutputCleanup)" [_thread_blocked, id=2088, stack(0x000000b4a0100000,0x000000b4a0200000)]

Other Threads:
  0x000001f39f119800 VMThread "VM Thread" [stack: 0x000000b49dd00000,0x000000b49de00000] [id=19628]
  0x000001f39fae5000 WatcherThread [stack: 0x000000b49e700000,0x000000b49e800000] [id=11888]
  0x000001f384304000 GCTaskThread "GC Thread#0" [stack: 0x000000b49d800000,0x000000b49d900000] [id=1980]
  0x000001f3a00f7800 GCTaskThread "GC Thread#1" [stack: 0x000000b49e900000,0x000000b49ea00000] [id=20448]
  0x000001f39ffb7000 GCTaskThread "GC Thread#2" [stack: 0x000000b49ea00000,0x000000b49eb00000] [id=17952]
  0x000001f3a00e1000 GCTaskThread "GC Thread#3" [stack: 0x000000b49eb00000,0x000000b49ec00000] [id=10600]
  0x000001f384309800 ConcurrentGCThread "G1 Main Marker" [stack: 0x000000b49d900000,0x000000b49da00000] [id=17464]
  0x000001f38430b000 ConcurrentGCThread "G1 Conc#0" [stack: 0x000000b49da00000,0x000000b49db00000] [id=14176]
  0x000001f38439e800 ConcurrentGCThread "G1 Refine#0" [stack: 0x000000b49db00000,0x000000b49dc00000] [id=19696]
  0x000001f39efcc000 ConcurrentGCThread "G1 Young RemSet Sampling" [stack: 0x000000b49dc00000,0x000000b49dd00000] [id=16268]

Threads with active compile tasks:
C2 CompilerThread0    12009 4941       4       groovy.lang.MetaClassImpl$1MOPIter::methodNameAction (325 bytes)
C2 CompilerThread1    12009 5050       4       groovy.lang.MetaClassImpl::addMetaMethodToIndex (65 bytes)

VM state:not at safepoint (normal execution)

VM Mutex/Monitor currently owned by a thread: None

Heap address: 0x00000000e0000000, size: 512 MB, Compressed Oops mode: 32-bit
Narrow klass base: 0x0000000800000000, Narrow klass shift: 3
Compressed class space size: 260046848 Address: 0x0000000800b40000

Heap:
 garbage-first heap   total 262144K, used 48599K [0x00000000e0000000, 0x0000000100000000)
  region size 1024K, 23 young (23552K), 17 survivors (17408K)
 Metaspace       used 46881K, capacity 48172K, committed 48256K, reserved 296960K
  class space    used 6261K, capacity 6737K, committed 6784K, reserved 253952K
Heap Regions: E=young(eden), S=young(survivor), O=old, HS=humongous(starts), HC=humongous(continues), CS=collection set, F=free, A=archive, TAMS=top-at-mark-start (previous, next)
|   0|0x00000000e0000000, 0x00000000e0100000, 0x00000000e0100000|100%| O|  |TAMS 0x00000000e0100000, 0x00000000e0000000| Untracked 
|   1|0x00000000e0100000, 0x00000000e0200000, 0x00000000e0200000|100%| O|  |TAMS 0x00000000e0200000, 0x00000000e0100000| Untracked 
|   2|0x00000000e0200000, 0x00000000e0300000, 0x00000000e0300000|100%| O|  |TAMS 0x00000000e0300000, 0x00000000e0200000| Untracked 
|   3|0x00000000e0300000, 0x00000000e0400000, 0x00000000e0400000|100%|HS|  |TAMS 0x00000000e0400000, 0x00000000e0300000| Complete 
|   4|0x00000000e0400000, 0x00000000e0500000, 0x00000000e0500000|100%|HC|  |TAMS 0x00000000e0500000, 0x00000000e0400000| Complete 
|   5|0x00000000e0500000, 0x00000000e0600000, 0x00000000e0600000|100%|HC|  |TAMS 0x00000000e0600000, 0x00000000e0500000| Complete 
|   6|0x00000000e0600000, 0x00000000e0700000, 0x00000000e0700000|100%| O|  |TAMS 0x00000000e0700000, 0x00000000e0600000| Untracked 
|   7|0x00000000e0700000, 0x00000000e0800000, 0x00000000e0800000|100%| O|  |TAMS 0x00000000e0800000, 0x00000000e0700000| Untracked 
|   8|0x00000000e0800000, 0x00000000e0900000, 0x00000000e0900000|100%| O|  |TAMS 0x00000000e0900000, 0x00000000e0800000| Untracked 
|   9|0x00000000e0900000, 0x00000000e0a00000, 0x00000000e0a00000|100%| O|  |TAMS 0x00000000e0a00000, 0x00000000e0900000| Untracked 
|  10|0x00000000e0a00000, 0x00000000e0b00000, 0x00000000e0b00000|100%| O|  |TAMS 0x00000000e0b00000, 0x00000000e0a00000| Untracked 
|  11|0x00000000e0b00000, 0x00000000e0c00000, 0x00000000e0c00000|100%| O|  |TAMS 0x00000000e0c00000, 0x00000000e0b00000| Untracked 
|  12|0x00000000e0c00000, 0x00000000e0d00000, 0x00000000e0d00000|100%| O|  |TAMS 0x00000000e0d00000, 0x00000000e0c00000| Untracked 
|  13|0x00000000e0d00000, 0x00000000e0e00000, 0x00000000e0e00000|100%|HS|  |TAMS 0x00000000e0e00000, 0x00000000e0d00000| Complete 
|  14|0x00000000e0e00000, 0x00000000e0f00000, 0x00000000e0f00000|100%|HC|  |TAMS 0x00000000e0f00000, 0x00000000e0e00000| Complete 
|  15|0x00000000e0f00000, 0x00000000e0f00000, 0x00000000e1000000|  0%| F|  |TAMS 0x00000000e0f00000, 0x00000000e0f00000| Untracked 
|  16|0x00000000e1000000, 0x00000000e1100000, 0x00000000e1100000|100%| O|  |TAMS 0x00000000e1100000, 0x00000000e1000000| Untracked 
|  17|0x00000000e1100000, 0x00000000e1200000, 0x00000000e1200000|100%| O|  |TAMS 0x00000000e11fca00, 0x00000000e1100000| Untracked 
|  18|0x00000000e1200000, 0x00000000e1300000, 0x00000000e1300000|100%| O|  |TAMS 0x00000000e1200000, 0x00000000e1200000| Untracked 
|  19|0x00000000e1300000, 0x00000000e1400000, 0x00000000e1400000|100%| O|  |TAMS 0x00000000e1300000, 0x00000000e1300000| Untracked 
|  20|0x00000000e1400000, 0x00000000e1500000, 0x00000000e1500000|100%| O|  |TAMS 0x00000000e1400000, 0x00000000e1400000| Untracked 
|  21|0x00000000e1500000, 0x00000000e1600000, 0x00000000e1600000|100%| O|  |TAMS 0x00000000e1500000, 0x00000000e1500000| Untracked 
|  22|0x00000000e1600000, 0x00000000e1700000, 0x00000000e1700000|100%| O|  |TAMS 0x00000000e1600000, 0x00000000e1600000| Untracked 
|  23|0x00000000e1700000, 0x00000000e1800000, 0x00000000e1800000|100%| O|  |TAMS 0x00000000e1700000, 0x00000000e1700000| Untracked 
|  24|0x00000000e1800000, 0x00000000e1900000, 0x00000000e1900000|100%| O|  |TAMS 0x00000000e1800000, 0x00000000e1800000| Untracked 
|  25|0x00000000e1900000, 0x00000000e1a00000, 0x00000000e1a00000|100%| O|  |TAMS 0x00000000e1900000, 0x00000000e1900000| Untracked 
|  26|0x00000000e1a00000, 0x00000000e1a75c00, 0x00000000e1b00000| 45%| O|  |TAMS 0x00000000e1a00000, 0x00000000e1a00000| Untracked 
|  27|0x00000000e1b00000, 0x00000000e1b00000, 0x00000000e1c00000|  0%| F|  |TAMS 0x00000000e1b00000, 0x00000000e1b00000| Untracked 
|  28|0x00000000e1c00000, 0x00000000e1c00000, 0x00000000e1d00000|  0%| F|  |TAMS 0x00000000e1c00000, 0x00000000e1c00000| Untracked 
|  29|0x00000000e1d00000, 0x00000000e1d00000, 0x00000000e1e00000|  0%| F|  |TAMS 0x00000000e1d00000, 0x00000000e1d00000| Untracked 
|  30|0x00000000e1e00000, 0x00000000e1e00000, 0x00000000e1f00000|  0%| F|  |TAMS 0x00000000e1e00000, 0x00000000e1e00000| Untracked 
|  31|0x00000000e1f00000, 0x00000000e1f00000, 0x00000000e2000000|  0%| F|  |TAMS 0x00000000e1f00000, 0x00000000e1f00000| Untracked 
|  32|0x00000000e2000000, 0x00000000e2000000, 0x00000000e2100000|  0%| F|  |TAMS 0x00000000e2000000, 0x00000000e2000000| Untracked 
|  33|0x00000000e2100000, 0x00000000e2100000, 0x00000000e2200000|  0%| F|  |TAMS 0x00000000e2100000, 0x00000000e2100000| Untracked 
|  34|0x00000000e2200000, 0x00000000e2200000, 0x00000000e2300000|  0%| F|  |TAMS 0x00000000e2200000, 0x00000000e2200000| Untracked 
|  35|0x00000000e2300000, 0x00000000e2300000, 0x00000000e2400000|  0%| F|  |TAMS 0x00000000e2300000, 0x00000000e2300000| Untracked 
|  36|0x00000000e2400000, 0x00000000e2400000, 0x00000000e2500000|  0%| F|  |TAMS 0x00000000e2400000, 0x00000000e2400000| Untracked 
|  37|0x00000000e2500000, 0x00000000e2500000, 0x00000000e2600000|  0%| F|  |TAMS 0x00000000e2500000, 0x00000000e2500000| Untracked 
|  38|0x00000000e2600000, 0x00000000e2600000, 0x00000000e2700000|  0%| F|  |TAMS 0x00000000e2600000, 0x00000000e2600000| Untracked 
|  39|0x00000000e2700000, 0x00000000e2700000, 0x00000000e2800000|  0%| F|  |TAMS 0x00000000e2700000, 0x00000000e2700000| Untracked 
|  40|0x00000000e2800000, 0x00000000e2800000, 0x00000000e2900000|  0%| F|  |TAMS 0x00000000e2800000, 0x00000000e2800000| Untracked 
|  41|0x00000000e2900000, 0x00000000e2900000, 0x00000000e2a00000|  0%| F|  |TAMS 0x00000000e2900000, 0x00000000e2900000| Untracked 
|  42|0x00000000e2a00000, 0x00000000e2a00000, 0x00000000e2b00000|  0%| F|  |TAMS 0x00000000e2a00000, 0x00000000e2a00000| Untracked 
|  43|0x00000000e2b00000, 0x00000000e2b00000, 0x00000000e2c00000|  0%| F|  |TAMS 0x00000000e2b00000, 0x00000000e2b00000| Untracked 
|  44|0x00000000e2c00000, 0x00000000e2c00000, 0x00000000e2d00000|  0%| F|  |TAMS 0x00000000e2c00000, 0x00000000e2c00000| Untracked 
|  45|0x00000000e2d00000, 0x00000000e2d00000, 0x00000000e2e00000|  0%| F|  |TAMS 0x00000000e2d00000, 0x00000000e2d00000| Untracked 
|  46|0x00000000e2e00000, 0x00000000e2e00000, 0x00000000e2f00000|  0%| F|  |TAMS 0x00000000e2e00000, 0x00000000e2e00000| Untracked 
|  47|0x00000000e2f00000, 0x00000000e2f00000, 0x00000000e3000000|  0%| F|  |TAMS 0x00000000e2f00000, 0x00000000e2f00000| Untracked 
|  48|0x00000000e3000000, 0x00000000e3000000, 0x00000000e3100000|  0%| F|  |TAMS 0x00000000e3000000, 0x00000000e3000000| Untracked 
|  49|0x00000000e3100000, 0x00000000e3100000, 0x00000000e3200000|  0%| F|  |TAMS 0x00000000e3100000, 0x00000000e3100000| Untracked 
|  50|0x00000000e3200000, 0x00000000e3200000, 0x00000000e3300000|  0%| F|  |TAMS 0x00000000e3200000, 0x00000000e3200000| Untracked 
|  51|0x00000000e3300000, 0x00000000e3300000, 0x00000000e3400000|  0%| F|  |TAMS 0x00000000e3300000, 0x00000000e3300000| Untracked 
|  52|0x00000000e3400000, 0x00000000e3400000, 0x00000000e3500000|  0%| F|  |TAMS 0x00000000e3400000, 0x00000000e3400000| Untracked 
|  53|0x00000000e3500000, 0x00000000e3500000, 0x00000000e3600000|  0%| F|  |TAMS 0x00000000e3500000, 0x00000000e3500000| Untracked 
|  54|0x00000000e3600000, 0x00000000e3600000, 0x00000000e3700000|  0%| F|  |TAMS 0x00000000e3600000, 0x00000000e3600000| Untracked 
|  55|0x00000000e3700000, 0x00000000e3700000, 0x00000000e3800000|  0%| F|  |TAMS 0x00000000e3700000, 0x00000000e3700000| Untracked 
|  56|0x00000000e3800000, 0x00000000e3800000, 0x00000000e3900000|  0%| F|  |TAMS 0x00000000e3800000, 0x00000000e3800000| Untracked 
|  57|0x00000000e3900000, 0x00000000e3900000, 0x00000000e3a00000|  0%| F|  |TAMS 0x00000000e3900000, 0x00000000e3900000| Untracked 
|  58|0x00000000e3a00000, 0x00000000e3a00000, 0x00000000e3b00000|  0%| F|  |TAMS 0x00000000e3a00000, 0x00000000e3a00000| Untracked 
|  59|0x00000000e3b00000, 0x00000000e3b00000, 0x00000000e3c00000|  0%| F|  |TAMS 0x00000000e3b00000, 0x00000000e3b00000| Untracked 
|  60|0x00000000e3c00000, 0x00000000e3c00000, 0x00000000e3d00000|  0%| F|  |TAMS 0x00000000e3c00000, 0x00000000e3c00000| Untracked 
|  61|0x00000000e3d00000, 0x00000000e3d00000, 0x00000000e3e00000|  0%| F|  |TAMS 0x00000000e3d00000, 0x00000000e3d00000| Untracked 
|  62|0x00000000e3e00000, 0x00000000e3e00000, 0x00000000e3f00000|  0%| F|  |TAMS 0x00000000e3e00000, 0x00000000e3e00000| Untracked 
|  63|0x00000000e3f00000, 0x00000000e3f00000, 0x00000000e4000000|  0%| F|  |TAMS 0x00000000e3f00000, 0x00000000e3f00000| Untracked 
|  64|0x00000000e4000000, 0x00000000e4000000, 0x00000000e4100000|  0%| F|  |TAMS 0x00000000e4000000, 0x00000000e4000000| Untracked 
|  65|0x00000000e4100000, 0x00000000e4100000, 0x00000000e4200000|  0%| F|  |TAMS 0x00000000e4100000, 0x00000000e4100000| Untracked 
|  66|0x00000000e4200000, 0x00000000e4200000, 0x00000000e4300000|  0%| F|  |TAMS 0x00000000e4200000, 0x00000000e4200000| Untracked 
|  67|0x00000000e4300000, 0x00000000e4300000, 0x00000000e4400000|  0%| F|  |TAMS 0x00000000e4300000, 0x00000000e4300000| Untracked 
|  68|0x00000000e4400000, 0x00000000e4400000, 0x00000000e4500000|  0%| F|  |TAMS 0x00000000e4400000, 0x00000000e4400000| Untracked 
|  69|0x00000000e4500000, 0x00000000e4500000, 0x00000000e4600000|  0%| F|  |TAMS 0x00000000e4500000, 0x00000000e4500000| Untracked 
|  70|0x00000000e4600000, 0x00000000e4600000, 0x00000000e4700000|  0%| F|  |TAMS 0x00000000e4600000, 0x00000000e4600000| Untracked 
|  71|0x00000000e4700000, 0x00000000e4700000, 0x00000000e4800000|  0%| F|  |TAMS 0x00000000e4700000, 0x00000000e4700000| Untracked 
|  72|0x00000000e4800000, 0x00000000e4800000, 0x00000000e4900000|  0%| F|  |TAMS 0x00000000e4800000, 0x00000000e4800000| Untracked 
|  73|0x00000000e4900000, 0x00000000e4900000, 0x00000000e4a00000|  0%| F|  |TAMS 0x00000000e4900000, 0x00000000e4900000| Untracked 
|  74|0x00000000e4a00000, 0x00000000e4a00000, 0x00000000e4b00000|  0%| F|  |TAMS 0x00000000e4a00000, 0x00000000e4a00000| Untracked 
|  75|0x00000000e4b00000, 0x00000000e4b00000, 0x00000000e4c00000|  0%| F|  |TAMS 0x00000000e4b00000, 0x00000000e4b00000| Untracked 
|  76|0x00000000e4c00000, 0x00000000e4c00000, 0x00000000e4d00000|  0%| F|  |TAMS 0x00000000e4c00000, 0x00000000e4c00000| Untracked 
|  77|0x00000000e4d00000, 0x00000000e4d00000, 0x00000000e4e00000|  0%| F|  |TAMS 0x00000000e4d00000, 0x00000000e4d00000| Untracked 
|  78|0x00000000e4e00000, 0x00000000e4e00000, 0x00000000e4f00000|  0%| F|  |TAMS 0x00000000e4e00000, 0x00000000e4e00000| Untracked 
|  79|0x00000000e4f00000, 0x00000000e4f00000, 0x00000000e5000000|  0%| F|  |TAMS 0x00000000e4f00000, 0x00000000e4f00000| Untracked 
|  80|0x00000000e5000000, 0x00000000e5000000, 0x00000000e5100000|  0%| F|  |TAMS 0x00000000e5000000, 0x00000000e5000000| Untracked 
|  81|0x00000000e5100000, 0x00000000e5100000, 0x00000000e5200000|  0%| F|  |TAMS 0x00000000e5100000, 0x00000000e5100000| Untracked 
|  82|0x00000000e5200000, 0x00000000e5200000, 0x00000000e5300000|  0%| F|  |TAMS 0x00000000e5200000, 0x00000000e5200000| Untracked 
|  83|0x00000000e5300000, 0x00000000e5300000, 0x00000000e5400000|  0%| F|  |TAMS 0x00000000e5300000, 0x00000000e5300000| Untracked 
|  84|0x00000000e5400000, 0x00000000e5400000, 0x00000000e5500000|  0%| F|  |TAMS 0x00000000e5400000, 0x00000000e5400000| Untracked 
|  85|0x00000000e5500000, 0x00000000e5500000, 0x00000000e5600000|  0%| F|  |TAMS 0x00000000e5500000, 0x00000000e5500000| Untracked 
|  86|0x00000000e5600000, 0x00000000e5600000, 0x00000000e5700000|  0%| F|  |TAMS 0x00000000e5600000, 0x00000000e5600000| Untracked 
|  87|0x00000000e5700000, 0x00000000e5700000, 0x00000000e5800000|  0%| F|  |TAMS 0x00000000e5700000, 0x00000000e5700000| Untracked 
|  88|0x00000000e5800000, 0x00000000e5800000, 0x00000000e5900000|  0%| F|  |TAMS 0x00000000e5800000, 0x00000000e5800000| Untracked 
|  89|0x00000000e5900000, 0x00000000e5900000, 0x00000000e5a00000|  0%| F|  |TAMS 0x00000000e5900000, 0x00000000e5900000| Untracked 
|  90|0x00000000e5a00000, 0x00000000e5a00000, 0x00000000e5b00000|  0%| F|  |TAMS 0x00000000e5a00000, 0x00000000e5a00000| Untracked 
|  91|0x00000000e5b00000, 0x00000000e5b00000, 0x00000000e5c00000|  0%| F|  |TAMS 0x00000000e5b00000, 0x00000000e5b00000| Untracked 
|  92|0x00000000e5c00000, 0x00000000e5c00000, 0x00000000e5d00000|  0%| F|  |TAMS 0x00000000e5c00000, 0x00000000e5c00000| Untracked 
|  93|0x00000000e5d00000, 0x00000000e5d00000, 0x00000000e5e00000|  0%| F|  |TAMS 0x00000000e5d00000, 0x00000000e5d00000| Untracked 
|  94|0x00000000e5e00000, 0x00000000e5e00000, 0x00000000e5f00000|  0%| F|  |TAMS 0x00000000e5e00000, 0x00000000e5e00000| Untracked 
|  95|0x00000000e5f00000, 0x00000000e5f00000, 0x00000000e6000000|  0%| F|  |TAMS 0x00000000e5f00000, 0x00000000e5f00000| Untracked 
|  96|0x00000000e6000000, 0x00000000e6000000, 0x00000000e6100000|  0%| F|  |TAMS 0x00000000e6000000, 0x00000000e6000000| Untracked 
|  97|0x00000000e6100000, 0x00000000e6100000, 0x00000000e6200000|  0%| F|  |TAMS 0x00000000e6100000, 0x00000000e6100000| Untracked 
|  98|0x00000000e6200000, 0x00000000e6200000, 0x00000000e6300000|  0%| F|  |TAMS 0x00000000e6200000, 0x00000000e6200000| Untracked 
|  99|0x00000000e6300000, 0x00000000e6300000, 0x00000000e6400000|  0%| F|  |TAMS 0x00000000e6300000, 0x00000000e6300000| Untracked 
| 100|0x00000000e6400000, 0x00000000e6400000, 0x00000000e6500000|  0%| F|  |TAMS 0x00000000e6400000, 0x00000000e6400000| Untracked 
| 101|0x00000000e6500000, 0x00000000e6500000, 0x00000000e6600000|  0%| F|  |TAMS 0x00000000e6500000, 0x00000000e6500000| Untracked 
| 102|0x00000000e6600000, 0x00000000e6600000, 0x00000000e6700000|  0%| F|  |TAMS 0x00000000e6600000, 0x00000000e6600000| Untracked 
| 103|0x00000000e6700000, 0x00000000e6700000, 0x00000000e6800000|  0%| F|  |TAMS 0x00000000e6700000, 0x00000000e6700000| Untracked 
| 104|0x00000000e6800000, 0x00000000e6800000, 0x00000000e6900000|  0%| F|  |TAMS 0x00000000e6800000, 0x00000000e6800000| Untracked 
| 105|0x00000000e6900000, 0x00000000e6900000, 0x00000000e6a00000|  0%| F|  |TAMS 0x00000000e6900000, 0x00000000e6900000| Untracked 
| 106|0x00000000e6a00000, 0x00000000e6b00000, 0x00000000e6b00000|100%| S|CS|TAMS 0x00000000e6a00000, 0x00000000e6a00000| Complete 
| 107|0x00000000e6b00000, 0x00000000e6c00000, 0x00000000e6c00000|100%| S|CS|TAMS 0x00000000e6b00000, 0x00000000e6b00000| Complete 
| 108|0x00000000e6c00000, 0x00000000e6d00000, 0x00000000e6d00000|100%| S|CS|TAMS 0x00000000e6c00000, 0x00000000e6c00000| Complete 
| 109|0x00000000e6d00000, 0x00000000e6e00000, 0x00000000e6e00000|100%| S|CS|TAMS 0x00000000e6d00000, 0x00000000e6d00000| Complete 
| 110|0x00000000e6e00000, 0x00000000e6f00000, 0x00000000e6f00000|100%| S|CS|TAMS 0x00000000e6e00000, 0x00000000e6e00000| Complete 
| 111|0x00000000e6f00000, 0x00000000e7000000, 0x00000000e7000000|100%| S|CS|TAMS 0x00000000e6f00000, 0x00000000e6f00000| Complete 
| 112|0x00000000e7000000, 0x00000000e7100000, 0x00000000e7100000|100%| S|CS|TAMS 0x00000000e7000000, 0x00000000e7000000| Complete 
| 113|0x00000000e7100000, 0x00000000e7200000, 0x00000000e7200000|100%| S|CS|TAMS 0x00000000e7100000, 0x00000000e7100000| Complete 
| 114|0x00000000e7200000, 0x00000000e7300000, 0x00000000e7300000|100%| S|CS|TAMS 0x00000000e7200000, 0x00000000e7200000| Complete 
| 115|0x00000000e7300000, 0x00000000e7400000, 0x00000000e7400000|100%| S|CS|TAMS 0x00000000e7300000, 0x00000000e7300000| Complete 
| 116|0x00000000e7400000, 0x00000000e7500000, 0x00000000e7500000|100%| S|CS|TAMS 0x00000000e7400000, 0x00000000e7400000| Complete 
| 117|0x00000000e7500000, 0x00000000e7600000, 0x00000000e7600000|100%| S|CS|TAMS 0x00000000e7500000, 0x00000000e7500000| Complete 
| 118|0x00000000e7600000, 0x00000000e7700000, 0x00000000e7700000|100%| S|CS|TAMS 0x00000000e7600000, 0x00000000e7600000| Complete 
| 119|0x00000000e7700000, 0x00000000e7800000, 0x00000000e7800000|100%| S|CS|TAMS 0x00000000e7700000, 0x00000000e7700000| Complete 
| 120|0x00000000e7800000, 0x00000000e7900000, 0x00000000e7900000|100%| S|CS|TAMS 0x00000000e7800000, 0x00000000e7800000| Complete 
| 121|0x00000000e7900000, 0x00000000e7a00000, 0x00000000e7a00000|100%| S|CS|TAMS 0x00000000e7900000, 0x00000000e7900000| Complete 
| 122|0x00000000e7a00000, 0x00000000e7b00000, 0x00000000e7b00000|100%| S|CS|TAMS 0x00000000e7a00000, 0x00000000e7a00000| Complete 
| 123|0x00000000e7b00000, 0x00000000e7b00000, 0x00000000e7c00000|  0%| F|  |TAMS 0x00000000e7b00000, 0x00000000e7b00000| Untracked 
| 124|0x00000000e7c00000, 0x00000000e7c00000, 0x00000000e7d00000|  0%| F|  |TAMS 0x00000000e7c00000, 0x00000000e7c00000| Untracked 
| 125|0x00000000e7d00000, 0x00000000e7d00000, 0x00000000e7e00000|  0%| F|  |TAMS 0x00000000e7d00000, 0x00000000e7d00000| Untracked 
| 126|0x00000000e7e00000, 0x00000000e7e00000, 0x00000000e7f00000|  0%| F|  |TAMS 0x00000000e7e00000, 0x00000000e7e00000| Untracked 
| 127|0x00000000e7f00000, 0x00000000e7f00000, 0x00000000e8000000|  0%| F|  |TAMS 0x00000000e7f00000, 0x00000000e7f00000| Untracked 
| 128|0x00000000e8000000, 0x00000000e8000000, 0x00000000e8100000|  0%| F|  |TAMS 0x00000000e8000000, 0x00000000e8000000| Untracked 
| 129|0x00000000e8100000, 0x00000000e8100000, 0x00000000e8200000|  0%| F|  |TAMS 0x00000000e8100000, 0x00000000e8100000| Untracked 
| 130|0x00000000e8200000, 0x00000000e8200000, 0x00000000e8300000|  0%| F|  |TAMS 0x00000000e8200000, 0x00000000e8200000| Untracked 
| 131|0x00000000e8300000, 0x00000000e8300000, 0x00000000e8400000|  0%| F|  |TAMS 0x00000000e8300000, 0x00000000e8300000| Untracked 
| 132|0x00000000e8400000, 0x00000000e8400000, 0x00000000e8500000|  0%| F|  |TAMS 0x00000000e8400000, 0x00000000e8400000| Untracked 
| 133|0x00000000e8500000, 0x00000000e8500000, 0x00000000e8600000|  0%| F|  |TAMS 0x00000000e8500000, 0x00000000e8500000| Untracked 
| 134|0x00000000e8600000, 0x00000000e8600000, 0x00000000e8700000|  0%| F|  |TAMS 0x00000000e8600000, 0x00000000e8600000| Untracked 
| 135|0x00000000e8700000, 0x00000000e8700000, 0x00000000e8800000|  0%| F|  |TAMS 0x00000000e8700000, 0x00000000e8700000| Untracked 
| 136|0x00000000e8800000, 0x00000000e8800000, 0x00000000e8900000|  0%| F|  |TAMS 0x00000000e8800000, 0x00000000e8800000| Untracked 
| 137|0x00000000e8900000, 0x00000000e8900000, 0x00000000e8a00000|  0%| F|  |TAMS 0x00000000e8900000, 0x00000000e8900000| Untracked 
| 138|0x00000000e8a00000, 0x00000000e8a00000, 0x00000000e8b00000|  0%| F|  |TAMS 0x00000000e8a00000, 0x00000000e8a00000| Untracked 
| 139|0x00000000e8b00000, 0x00000000e8b00000, 0x00000000e8c00000|  0%| F|  |TAMS 0x00000000e8b00000, 0x00000000e8b00000| Untracked 
| 140|0x00000000e8c00000, 0x00000000e8c00000, 0x00000000e8d00000|  0%| F|  |TAMS 0x00000000e8c00000, 0x00000000e8c00000| Untracked 
| 141|0x00000000e8d00000, 0x00000000e8d00000, 0x00000000e8e00000|  0%| F|  |TAMS 0x00000000e8d00000, 0x00000000e8d00000| Untracked 
| 142|0x00000000e8e00000, 0x00000000e8e00000, 0x00000000e8f00000|  0%| F|  |TAMS 0x00000000e8e00000, 0x00000000e8e00000| Untracked 
| 143|0x00000000e8f00000, 0x00000000e8f00000, 0x00000000e9000000|  0%| F|  |TAMS 0x00000000e8f00000, 0x00000000e8f00000| Untracked 
| 144|0x00000000e9000000, 0x00000000e9000000, 0x00000000e9100000|  0%| F|  |TAMS 0x00000000e9000000, 0x00000000e9000000| Untracked 
| 145|0x00000000e9100000, 0x00000000e9100000, 0x00000000e9200000|  0%| F|  |TAMS 0x00000000e9100000, 0x00000000e9100000| Untracked 
| 146|0x00000000e9200000, 0x00000000e9200000, 0x00000000e9300000|  0%| F|  |TAMS 0x00000000e9200000, 0x00000000e9200000| Untracked 
| 147|0x00000000e9300000, 0x00000000e9300000, 0x00000000e9400000|  0%| F|  |TAMS 0x00000000e9300000, 0x00000000e9300000| Untracked 
| 148|0x00000000e9400000, 0x00000000e9400000, 0x00000000e9500000|  0%| F|  |TAMS 0x00000000e9400000, 0x00000000e9400000| Untracked 
| 149|0x00000000e9500000, 0x00000000e9500000, 0x00000000e9600000|  0%| F|  |TAMS 0x00000000e9500000, 0x00000000e9500000| Untracked 
| 150|0x00000000e9600000, 0x00000000e9600000, 0x00000000e9700000|  0%| F|  |TAMS 0x00000000e9600000, 0x00000000e9600000| Untracked 
| 151|0x00000000e9700000, 0x00000000e9700000, 0x00000000e9800000|  0%| F|  |TAMS 0x00000000e9700000, 0x00000000e9700000| Untracked 
| 152|0x00000000e9800000, 0x00000000e9800000, 0x00000000e9900000|  0%| F|  |TAMS 0x00000000e9800000, 0x00000000e9800000| Untracked 
| 153|0x00000000e9900000, 0x00000000e9900000, 0x00000000e9a00000|  0%| F|  |TAMS 0x00000000e9900000, 0x00000000e9900000| Untracked 
| 154|0x00000000e9a00000, 0x00000000e9a00000, 0x00000000e9b00000|  0%| F|  |TAMS 0x00000000e9a00000, 0x00000000e9a00000| Untracked 
| 155|0x00000000e9b00000, 0x00000000e9b00000, 0x00000000e9c00000|  0%| F|  |TAMS 0x00000000e9b00000, 0x00000000e9b00000| Untracked 
| 156|0x00000000e9c00000, 0x00000000e9c00000, 0x00000000e9d00000|  0%| F|  |TAMS 0x00000000e9c00000, 0x00000000e9c00000| Untracked 
| 157|0x00000000e9d00000, 0x00000000e9d00000, 0x00000000e9e00000|  0%| F|  |TAMS 0x00000000e9d00000, 0x00000000e9d00000| Untracked 
| 158|0x00000000e9e00000, 0x00000000e9e00000, 0x00000000e9f00000|  0%| F|  |TAMS 0x00000000e9e00000, 0x00000000e9e00000| Untracked 
| 159|0x00000000e9f00000, 0x00000000e9f00000, 0x00000000ea000000|  0%| F|  |TAMS 0x00000000e9f00000, 0x00000000e9f00000| Untracked 
| 160|0x00000000ea000000, 0x00000000ea000000, 0x00000000ea100000|  0%| F|  |TAMS 0x00000000ea000000, 0x00000000ea000000| Untracked 
| 161|0x00000000ea100000, 0x00000000ea100000, 0x00000000ea200000|  0%| F|  |TAMS 0x00000000ea100000, 0x00000000ea100000| Untracked 
| 162|0x00000000ea200000, 0x00000000ea200000, 0x00000000ea300000|  0%| F|  |TAMS 0x00000000ea200000, 0x00000000ea200000| Untracked 
| 163|0x00000000ea300000, 0x00000000ea300000, 0x00000000ea400000|  0%| F|  |TAMS 0x00000000ea300000, 0x00000000ea300000| Untracked 
| 164|0x00000000ea400000, 0x00000000ea400000, 0x00000000ea500000|  0%| F|  |TAMS 0x00000000ea400000, 0x00000000ea400000| Untracked 
| 165|0x00000000ea500000, 0x00000000ea500000, 0x00000000ea600000|  0%| F|  |TAMS 0x00000000ea500000, 0x00000000ea500000| Untracked 
| 166|0x00000000ea600000, 0x00000000ea600000, 0x00000000ea700000|  0%| F|  |TAMS 0x00000000ea600000, 0x00000000ea600000| Untracked 
| 167|0x00000000ea700000, 0x00000000ea700000, 0x00000000ea800000|  0%| F|  |TAMS 0x00000000ea700000, 0x00000000ea700000| Untracked 
| 168|0x00000000ea800000, 0x00000000ea800000, 0x00000000ea900000|  0%| F|  |TAMS 0x00000000ea800000, 0x00000000ea800000| Untracked 
| 169|0x00000000ea900000, 0x00000000ea900000, 0x00000000eaa00000|  0%| F|  |TAMS 0x00000000ea900000, 0x00000000ea900000| Untracked 
| 170|0x00000000eaa00000, 0x00000000eaa00000, 0x00000000eab00000|  0%| F|  |TAMS 0x00000000eaa00000, 0x00000000eaa00000| Untracked 
| 171|0x00000000eab00000, 0x00000000eab00000, 0x00000000eac00000|  0%| F|  |TAMS 0x00000000eab00000, 0x00000000eab00000| Untracked 
| 172|0x00000000eac00000, 0x00000000eac00000, 0x00000000ead00000|  0%| F|  |TAMS 0x00000000eac00000, 0x00000000eac00000| Untracked 
| 173|0x00000000ead00000, 0x00000000ead00000, 0x00000000eae00000|  0%| F|  |TAMS 0x00000000ead00000, 0x00000000ead00000| Untracked 
| 174|0x00000000eae00000, 0x00000000eae00000, 0x00000000eaf00000|  0%| F|  |TAMS 0x00000000eae00000, 0x00000000eae00000| Untracked 
| 175|0x00000000eaf00000, 0x00000000eaf00000, 0x00000000eb000000|  0%| F|  |TAMS 0x00000000eaf00000, 0x00000000eaf00000| Untracked 
| 176|0x00000000eb000000, 0x00000000eb000000, 0x00000000eb100000|  0%| F|  |TAMS 0x00000000eb000000, 0x00000000eb000000| Untracked 
| 177|0x00000000eb100000, 0x00000000eb100000, 0x00000000eb200000|  0%| F|  |TAMS 0x00000000eb100000, 0x00000000eb100000| Untracked 
| 178|0x00000000eb200000, 0x00000000eb200000, 0x00000000eb300000|  0%| F|  |TAMS 0x00000000eb200000, 0x00000000eb200000| Untracked 
| 179|0x00000000eb300000, 0x00000000eb300000, 0x00000000eb400000|  0%| F|  |TAMS 0x00000000eb300000, 0x00000000eb300000| Untracked 
| 180|0x00000000eb400000, 0x00000000eb400000, 0x00000000eb500000|  0%| F|  |TAMS 0x00000000eb400000, 0x00000000eb400000| Untracked 
| 181|0x00000000eb500000, 0x00000000eb500000, 0x00000000eb600000|  0%| F|  |TAMS 0x00000000eb500000, 0x00000000eb500000| Untracked 
| 182|0x00000000eb600000, 0x00000000eb600000, 0x00000000eb700000|  0%| F|  |TAMS 0x00000000eb600000, 0x00000000eb600000| Untracked 
| 183|0x00000000eb700000, 0x00000000eb700000, 0x00000000eb800000|  0%| F|  |TAMS 0x00000000eb700000, 0x00000000eb700000| Untracked 
| 184|0x00000000eb800000, 0x00000000eb800000, 0x00000000eb900000|  0%| F|  |TAMS 0x00000000eb800000, 0x00000000eb800000| Untracked 
| 185|0x00000000eb900000, 0x00000000eb900000, 0x00000000eba00000|  0%| F|  |TAMS 0x00000000eb900000, 0x00000000eb900000| Untracked 
| 186|0x00000000eba00000, 0x00000000eba00000, 0x00000000ebb00000|  0%| F|  |TAMS 0x00000000eba00000, 0x00000000eba00000| Untracked 
| 187|0x00000000ebb00000, 0x00000000ebb00000, 0x00000000ebc00000|  0%| F|  |TAMS 0x00000000ebb00000, 0x00000000ebb00000| Untracked 
| 188|0x00000000ebc00000, 0x00000000ebc00000, 0x00000000ebd00000|  0%| F|  |TAMS 0x00000000ebc00000, 0x00000000ebc00000| Untracked 
| 189|0x00000000ebd00000, 0x00000000ebd00000, 0x00000000ebe00000|  0%| F|  |TAMS 0x00000000ebd00000, 0x00000000ebd00000| Untracked 
| 190|0x00000000ebe00000, 0x00000000ebe00000, 0x00000000ebf00000|  0%| F|  |TAMS 0x00000000ebe00000, 0x00000000ebe00000| Untracked 
| 191|0x00000000ebf00000, 0x00000000ebf00000, 0x00000000ec000000|  0%| F|  |TAMS 0x00000000ebf00000, 0x00000000ebf00000| Untracked 
| 192|0x00000000ec000000, 0x00000000ec000000, 0x00000000ec100000|  0%| F|  |TAMS 0x00000000ec000000, 0x00000000ec000000| Untracked 
| 193|0x00000000ec100000, 0x00000000ec100000, 0x00000000ec200000|  0%| F|  |TAMS 0x00000000ec100000, 0x00000000ec100000| Untracked 
| 194|0x00000000ec200000, 0x00000000ec200000, 0x00000000ec300000|  0%| F|  |TAMS 0x00000000ec200000, 0x00000000ec200000| Untracked 
| 195|0x00000000ec300000, 0x00000000ec300000, 0x00000000ec400000|  0%| F|  |TAMS 0x00000000ec300000, 0x00000000ec300000| Untracked 
| 196|0x00000000ec400000, 0x00000000ec400000, 0x00000000ec500000|  0%| F|  |TAMS 0x00000000ec400000, 0x00000000ec400000| Untracked 
| 197|0x00000000ec500000, 0x00000000ec500000, 0x00000000ec600000|  0%| F|  |TAMS 0x00000000ec500000, 0x00000000ec500000| Untracked 
| 198|0x00000000ec600000, 0x00000000ec600000, 0x00000000ec700000|  0%| F|  |TAMS 0x00000000ec600000, 0x00000000ec600000| Untracked 
| 199|0x00000000ec700000, 0x00000000ec700000, 0x00000000ec800000|  0%| F|  |TAMS 0x00000000ec700000, 0x00000000ec700000| Untracked 
| 200|0x00000000ec800000, 0x00000000ec800000, 0x00000000ec900000|  0%| F|  |TAMS 0x00000000ec800000, 0x00000000ec800000| Untracked 
| 201|0x00000000ec900000, 0x00000000ec900000, 0x00000000eca00000|  0%| F|  |TAMS 0x00000000ec900000, 0x00000000ec900000| Untracked 
| 202|0x00000000eca00000, 0x00000000eca00000, 0x00000000ecb00000|  0%| F|  |TAMS 0x00000000eca00000, 0x00000000eca00000| Untracked 
| 203|0x00000000ecb00000, 0x00000000ecb00000, 0x00000000ecc00000|  0%| F|  |TAMS 0x00000000ecb00000, 0x00000000ecb00000| Untracked 
| 204|0x00000000ecc00000, 0x00000000ecc00000, 0x00000000ecd00000|  0%| F|  |TAMS 0x00000000ecc00000, 0x00000000ecc00000| Untracked 
| 205|0x00000000ecd00000, 0x00000000ecd00000, 0x00000000ece00000|  0%| F|  |TAMS 0x00000000ecd00000, 0x00000000ecd00000| Untracked 
| 206|0x00000000ece00000, 0x00000000ece00000, 0x00000000ecf00000|  0%| F|  |TAMS 0x00000000ece00000, 0x00000000ece00000| Untracked 
| 207|0x00000000ecf00000, 0x00000000ecf00000, 0x00000000ed000000|  0%| F|  |TAMS 0x00000000ecf00000, 0x00000000ecf00000| Untracked 
| 208|0x00000000ed000000, 0x00000000ed000000, 0x00000000ed100000|  0%| F|  |TAMS 0x00000000ed000000, 0x00000000ed000000| Untracked 
| 209|0x00000000ed100000, 0x00000000ed100000, 0x00000000ed200000|  0%| F|  |TAMS 0x00000000ed100000, 0x00000000ed100000| Untracked 
| 210|0x00000000ed200000, 0x00000000ed200000, 0x00000000ed300000|  0%| F|  |TAMS 0x00000000ed200000, 0x00000000ed200000| Untracked 
| 211|0x00000000ed300000, 0x00000000ed300000, 0x00000000ed400000|  0%| F|  |TAMS 0x00000000ed300000, 0x00000000ed300000| Untracked 
| 212|0x00000000ed400000, 0x00000000ed400000, 0x00000000ed500000|  0%| F|  |TAMS 0x00000000ed400000, 0x00000000ed400000| Untracked 
| 213|0x00000000ed500000, 0x00000000ed500000, 0x00000000ed600000|  0%| F|  |TAMS 0x00000000ed500000, 0x00000000ed500000| Untracked 
| 214|0x00000000ed600000, 0x00000000ed600000, 0x00000000ed700000|  0%| F|  |TAMS 0x00000000ed600000, 0x00000000ed600000| Untracked 
| 215|0x00000000ed700000, 0x00000000ed700000, 0x00000000ed800000|  0%| F|  |TAMS 0x00000000ed700000, 0x00000000ed700000| Untracked 
| 216|0x00000000ed800000, 0x00000000ed800000, 0x00000000ed900000|  0%| F|  |TAMS 0x00000000ed800000, 0x00000000ed800000| Untracked 
| 217|0x00000000ed900000, 0x00000000ed900000, 0x00000000eda00000|  0%| F|  |TAMS 0x00000000ed900000, 0x00000000ed900000| Untracked 
| 218|0x00000000eda00000, 0x00000000eda00000, 0x00000000edb00000|  0%| F|  |TAMS 0x00000000eda00000, 0x00000000eda00000| Untracked 
| 219|0x00000000edb00000, 0x00000000edb00000, 0x00000000edc00000|  0%| F|  |TAMS 0x00000000edb00000, 0x00000000edb00000| Untracked 
| 220|0x00000000edc00000, 0x00000000edc00000, 0x00000000edd00000|  0%| F|  |TAMS 0x00000000edc00000, 0x00000000edc00000| Untracked 
| 221|0x00000000edd00000, 0x00000000edd00000, 0x00000000ede00000|  0%| F|  |TAMS 0x00000000edd00000, 0x00000000edd00000| Untracked 
| 222|0x00000000ede00000, 0x00000000ede00000, 0x00000000edf00000|  0%| F|  |TAMS 0x00000000ede00000, 0x00000000ede00000| Untracked 
| 223|0x00000000edf00000, 0x00000000edf00000, 0x00000000ee000000|  0%| F|  |TAMS 0x00000000edf00000, 0x00000000edf00000| Untracked 
| 224|0x00000000ee000000, 0x00000000ee000000, 0x00000000ee100000|  0%| F|  |TAMS 0x00000000ee000000, 0x00000000ee000000| Untracked 
| 225|0x00000000ee100000, 0x00000000ee100000, 0x00000000ee200000|  0%| F|  |TAMS 0x00000000ee100000, 0x00000000ee100000| Untracked 
| 226|0x00000000ee200000, 0x00000000ee200000, 0x00000000ee300000|  0%| F|  |TAMS 0x00000000ee200000, 0x00000000ee200000| Untracked 
| 227|0x00000000ee300000, 0x00000000ee300000, 0x00000000ee400000|  0%| F|  |TAMS 0x00000000ee300000, 0x00000000ee300000| Untracked 
| 228|0x00000000ee400000, 0x00000000ee400000, 0x00000000ee500000|  0%| F|  |TAMS 0x00000000ee400000, 0x00000000ee400000| Untracked 
| 229|0x00000000ee500000, 0x00000000ee500000, 0x00000000ee600000|  0%| F|  |TAMS 0x00000000ee500000, 0x00000000ee500000| Untracked 
| 230|0x00000000ee600000, 0x00000000ee600000, 0x00000000ee700000|  0%| F|  |TAMS 0x00000000ee600000, 0x00000000ee600000| Untracked 
| 231|0x00000000ee700000, 0x00000000ee700000, 0x00000000ee800000|  0%| F|  |TAMS 0x00000000ee700000, 0x00000000ee700000| Untracked 
| 232|0x00000000ee800000, 0x00000000ee800000, 0x00000000ee900000|  0%| F|  |TAMS 0x00000000ee800000, 0x00000000ee800000| Untracked 
| 233|0x00000000ee900000, 0x00000000ee900000, 0x00000000eea00000|  0%| F|  |TAMS 0x00000000ee900000, 0x00000000ee900000| Untracked 
| 234|0x00000000eea00000, 0x00000000eea00000, 0x00000000eeb00000|  0%| F|  |TAMS 0x00000000eea00000, 0x00000000eea00000| Untracked 
| 235|0x00000000eeb00000, 0x00000000eeb00000, 0x00000000eec00000|  0%| F|  |TAMS 0x00000000eeb00000, 0x00000000eeb00000| Untracked 
| 236|0x00000000eec00000, 0x00000000eec00000, 0x00000000eed00000|  0%| F|  |TAMS 0x00000000eec00000, 0x00000000eec00000| Untracked 
| 237|0x00000000eed00000, 0x00000000eed00000, 0x00000000eee00000|  0%| F|  |TAMS 0x00000000eed00000, 0x00000000eed00000| Untracked 
| 238|0x00000000eee00000, 0x00000000eee00000, 0x00000000eef00000|  0%| F|  |TAMS 0x00000000eee00000, 0x00000000eee00000| Untracked 
| 239|0x00000000eef00000, 0x00000000eef00000, 0x00000000ef000000|  0%| F|  |TAMS 0x00000000eef00000, 0x00000000eef00000| Untracked 
| 240|0x00000000ef000000, 0x00000000ef000000, 0x00000000ef100000|  0%| F|  |TAMS 0x00000000ef000000, 0x00000000ef000000| Untracked 
| 241|0x00000000ef100000, 0x00000000ef100000, 0x00000000ef200000|  0%| F|  |TAMS 0x00000000ef100000, 0x00000000ef100000| Untracked 
| 242|0x00000000ef200000, 0x00000000ef200000, 0x00000000ef300000|  0%| F|  |TAMS 0x00000000ef200000, 0x00000000ef200000| Untracked 
| 243|0x00000000ef300000, 0x00000000ef300000, 0x00000000ef400000|  0%| F|  |TAMS 0x00000000ef300000, 0x00000000ef300000| Untracked 
| 244|0x00000000ef400000, 0x00000000ef400000, 0x00000000ef500000|  0%| F|  |TAMS 0x00000000ef400000, 0x00000000ef400000| Untracked 
| 245|0x00000000ef500000, 0x00000000ef500000, 0x00000000ef600000|  0%| F|  |TAMS 0x00000000ef500000, 0x00000000ef500000| Untracked 
| 246|0x00000000ef600000, 0x00000000ef600000, 0x00000000ef700000|  0%| F|  |TAMS 0x00000000ef600000, 0x00000000ef600000| Untracked 
| 247|0x00000000ef700000, 0x00000000ef700000, 0x00000000ef800000|  0%| F|  |TAMS 0x00000000ef700000, 0x00000000ef700000| Untracked 
| 248|0x00000000ef800000, 0x00000000ef800000, 0x00000000ef900000|  0%| F|  |TAMS 0x00000000ef800000, 0x00000000ef800000| Untracked 
| 249|0x00000000ef900000, 0x00000000ef900000, 0x00000000efa00000|  0%| F|  |TAMS 0x00000000ef900000, 0x00000000ef900000| Untracked 
| 250|0x00000000efa00000, 0x00000000efa84010, 0x00000000efb00000| 51%| E|  |TAMS 0x00000000efa00000, 0x00000000efa00000| Complete 
| 251|0x00000000efb00000, 0x00000000efc00000, 0x00000000efc00000|100%| E|CS|TAMS 0x00000000efb00000, 0x00000000efb00000| Complete 
| 252|0x00000000efc00000, 0x00000000efd00000, 0x00000000efd00000|100%| E|CS|TAMS 0x00000000efc00000, 0x00000000efc00000| Complete 
| 253|0x00000000efd00000, 0x00000000efe00000, 0x00000000efe00000|100%| E|CS|TAMS 0x00000000efd00000, 0x00000000efd00000| Complete 
| 254|0x00000000efe00000, 0x00000000eff00000, 0x00000000eff00000|100%| E|CS|TAMS 0x00000000efe00000, 0x00000000efe00000| Complete 
| 255|0x00000000eff00000, 0x00000000f0000000, 0x00000000f0000000|100%| E|CS|TAMS 0x00000000eff00000, 0x00000000eff00000| Complete 

Card table byte_map: [0x000001f39b8d0000,0x000001f39b9d0000] _byte_map_base: 0x000001f39b1d0000

Marking Bits (Prev, Next): (CMBitMap*) 0x000001f384304de8, (CMBitMap*) 0x000001f384304e28
 Prev Bits: [0x000001f39bad0000, 0x000001f39c2d0000)
 Next Bits: [0x000001f39c2d0000, 0x000001f39cad0000)

Polling page: 0x000001f3820a0000

Metaspace:

Usage:
  Non-class:     40.46 MB capacity,    39.67 MB ( 98%) used,   726.53 KB (  2%) free+waste,    88.44 KB ( <1%) overhead. 
      Class:      6.58 MB capacity,     6.11 MB ( 93%) used,   431.98 KB (  6%) free+waste,    43.81 KB ( <1%) overhead. 
       Both:     47.04 MB capacity,    45.78 MB ( 97%) used,     1.13 MB (  2%) free+waste,   132.25 KB ( <1%) overhead. 

Virtual space:
  Non-class space:       42.00 MB reserved,      40.50 MB ( 96%) committed 
      Class space:      248.00 MB reserved,       6.63 MB (  3%) committed 
             Both:      290.00 MB reserved,      47.13 MB ( 16%) committed 

Chunk freelists:
   Non-Class:  37.00 KB
       Class:  15.00 KB
        Both:  52.00 KB

MaxMetaspaceSize: 256.00 MB
CompressedClassSpaceSize: 248.00 MB

CodeHeap 'non-profiled nmethods': size=120064Kb used=2750Kb max_used=2750Kb free=117313Kb
 bounds [0x000001f394290000, 0x000001f394540000, 0x000001f39b7d0000]
CodeHeap 'profiled nmethods': size=120000Kb used=10663Kb max_used=10663Kb free=109336Kb
 bounds [0x000001f38cd60000, 0x000001f38d7d0000, 0x000001f394290000]
CodeHeap 'non-nmethods': size=5696Kb used=2353Kb max_used=2395Kb free=3342Kb
 bounds [0x000001f38c7d0000, 0x000001f38ca40000, 0x000001f38cd60000]
 total_blobs=7347 nmethods=4799 adapters=737
 compilation: enabled
              stopped_count=0, restarted_count=0
 full_count=0

Compilation events (20 events):
Event: 11.804 Thread 0x000001f39f951000 5053       3       org.codehaus.groovy.reflection.CachedClass$1::initValue (5 bytes)
Event: 11.804 Thread 0x000001f39f951000 nmethod 5053 0x000001f38d7c4810 code [0x000001f38d7c49c0, 0x000001f38d7c4b90]
Event: 11.806 Thread 0x000001f39f951000 5055       3       java.util.HashMap$TreeNode::find (172 bytes)
Event: 11.807 Thread 0x000001f39f951000 nmethod 5055 0x000001f38d7c4c90 code [0x000001f38d7c4ec0, 0x000001f38d7c59a0]
Event: 11.808 Thread 0x000001f39f951000 5056       3       com.google.common.cache.LocalCache::get (21 bytes)
Event: 11.808 Thread 0x000001f39f951000 nmethod 5056 0x000001f38d7c5c90 code [0x000001f38d7c5ea0, 0x000001f38d7c64c0]
Event: 11.808 Thread 0x000001f39f951000 5057   !   3       com.google.common.cache.LocalCache$Segment::get (210 bytes)
Event: 11.811 Thread 0x000001f39f951000 nmethod 5057 0x000001f38d7c6790 code [0x000001f38d7c6ca0, 0x000001f38d7c97e0]
Event: 11.811 Thread 0x000001f39f951000 5058       1       org.gradle.internal.reflect.ReflectionCache$CacheEntry::access$200 (5 bytes)
Event: 11.812 Thread 0x000001f39f951000 nmethod 5058 0x000001f39453a410 code [0x000001f39453a5a0, 0x000001f39453a698]
Event: 11.823 Thread 0x000001f3a0888000 nmethod 5029 0x000001f39453a710 code [0x000001f39453aa00, 0x000001f39453cd88]
Event: 11.823 Thread 0x000001f3a0888000 5032       4       java.util.regex.Matcher::reset (128 bytes)
Event: 11.833 Thread 0x000001f3a0888000 nmethod 5032 0x000001f39453dd10 code [0x000001f39453dee0, 0x000001f39453e1f8]
Event: 11.834 Thread 0x000001f3a0888000 5030       4       java.lang.Integer::parseInt (264 bytes)
Event: 11.842 Thread 0x000001f3a0888000 nmethod 5030 0x000001f39453e410 code [0x000001f39453e5c0, 0x000001f39453ea18]
Event: 11.842 Thread 0x000001f3a0888000 5033       4       java.util.HashMap$ValueIterator::next (8 bytes)
Event: 11.850 Thread 0x000001f3a0888000 nmethod 5033 0x000001f39453ef10 code [0x000001f39453f0a0, 0x000001f39453f498]
Event: 11.850 Thread 0x000001f3a0888000 5049       4       groovy.lang.MetaClassImpl::checkIfGroovyObjectMethod (57 bytes)
Event: 11.851 Thread 0x000001f3a0888000 nmethod 5049 0x000001f39453f610 code [0x000001f39453f7a0, 0x000001f39453f858]
Event: 11.851 Thread 0x000001f3a0888000 5050       4       groovy.lang.MetaClassImpl::addMetaMethodToIndex (65 bytes)

GC Heap History (16 events):
Event: 0.443 GC heap before
{Heap before GC invocations=0 (full 0):
 garbage-first heap   total 262144K, used 19456K [0x00000000e0000000, 0x0000000100000000)
  region size 1024K, 14 young (14336K), 0 survivors (0K)
 Metaspace       used 2040K, capacity 5437K, committed 5504K, reserved 262144K
  class space    used 237K, capacity 576K, committed 640K, reserved 253952K
}
Event: 0.448 GC heap after
{Heap after GC invocations=1 (full 0):
 garbage-first heap   total 262144K, used 7617K [0x00000000e0000000, 0x0000000100000000)
  region size 1024K, 2 young (2048K), 2 survivors (2048K)
 Metaspace       used 2040K, capacity 5437K, committed 5504K, reserved 262144K
  class space    used 237K, capacity 576K, committed 640K, reserved 253952K
}
Event: 0.719 GC heap before
{Heap before GC invocations=1 (full 0):
 garbage-first heap   total 262144K, used 18881K [0x00000000e0000000, 0x0000000100000000)
  region size 1024K, 13 young (13312K), 2 survivors (2048K)
 Metaspace       used 3727K, capacity 6540K, committed 6656K, reserved 262144K
  class space    used 478K, capacity 753K, committed 768K, reserved 253952K
}
Event: 0.722 GC heap after
{Heap after GC invocations=2 (full 0):
 garbage-first heap   total 262144K, used 8458K [0x00000000e0000000, 0x0000000100000000)
  region size 1024K, 1 young (1024K), 1 survivors (1024K)
 Metaspace       used 3727K, capacity 6540K, committed 6656K, reserved 262144K
  class space    used 478K, capacity 753K, committed 768K, reserved 253952K
}
Event: 1.046 GC heap before
{Heap before GC invocations=2 (full 0):
 garbage-first heap   total 262144K, used 36106K [0x00000000e0000000, 0x0000000100000000)
  region size 1024K, 29 young (29696K), 1 survivors (1024K)
 Metaspace       used 3938K, capacity 6596K, committed 6784K, reserved 262144K
  class space    used 493K, capacity 793K, committed 896K, reserved 253952K
}
Event: 1.050 GC heap after
{Heap after GC invocations=3 (full 0):
 garbage-first heap   total 262144K, used 12511K [0x00000000e0000000, 0x0000000100000000)
  region size 1024K, 4 young (4096K), 4 survivors (4096K)
 Metaspace       used 3938K, capacity 6596K, committed 6784K, reserved 262144K
  class space    used 493K, capacity 793K, committed 896K, reserved 253952K
}
Event: 3.475 GC heap before
{Heap before GC invocations=3 (full 0):
 garbage-first heap   total 262144K, used 53471K [0x00000000e0000000, 0x0000000100000000)
  region size 1024K, 44 young (45056K), 4 survivors (4096K)
 Metaspace       used 10935K, capacity 11359K, committed 11520K, reserved 264192K
  class space    used 1560K, capacity 1710K, committed 1792K, reserved 253952K
}
Event: 3.482 GC heap after
{Heap after GC invocations=4 (full 0):
 garbage-first heap   total 262144K, used 15675K [0x00000000e0000000, 0x0000000100000000)
  region size 1024K, 3 young (3072K), 3 survivors (3072K)
 Metaspace       used 10935K, capacity 11359K, committed 11520K, reserved 264192K
  class space    used 1560K, capacity 1710K, committed 1792K, reserved 253952K
}
Event: 4.436 GC heap before
{Heap before GC invocations=4 (full 0):
 garbage-first heap   total 262144K, used 69947K [0x00000000e0000000, 0x0000000100000000)
  region size 1024K, 58 young (59392K), 3 survivors (3072K)
 Metaspace       used 20457K, capacity 20979K, committed 21248K, reserved 272384K
  class space    used 2868K, capacity 3047K, committed 3072K, reserved 253952K
}
Event: 4.448 GC heap after
{Heap after GC invocations=5 (full 0):
 garbage-first heap   total 262144K, used 19131K [0x00000000e0000000, 0x0000000100000000)
  region size 1024K, 7 young (7168K), 7 survivors (7168K)
 Metaspace       used 20457K, capacity 20979K, committed 21248K, reserved 272384K
  class space    used 2868K, capacity 3047K, committed 3072K, reserved 253952K
}
Event: 8.242 GC heap before
{Heap before GC invocations=6 (full 0):
 garbage-first heap   total 262144K, used 94907K [0x00000000e0000000, 0x0000000100000000)
  region size 1024K, 79 young (80896K), 7 survivors (7168K)
 Metaspace       used 28046K, capacity 28800K, committed 28928K, reserved 280576K
  class space    used 3793K, capacity 4053K, committed 4096K, reserved 253952K
}
Event: 8.258 GC heap after
{Heap after GC invocations=7 (full 0):
 garbage-first heap   total 262144K, used 24315K [0x00000000e0000000, 0x0000000100000000)
  region size 1024K, 9 young (9216K), 9 survivors (9216K)
 Metaspace       used 28046K, capacity 28800K, committed 28928K, reserved 280576K
  class space    used 3793K, capacity 4053K, committed 4096K, reserved 253952K
}
Event: 9.845 GC heap before
{Heap before GC invocations=7 (full 0):
 garbage-first heap   total 262144K, used 119547K [0x00000000e0000000, 0x0000000100000000)
  region size 1024K, 102 young (104448K), 9 survivors (9216K)
 Metaspace       used 34488K, capacity 35444K, committed 35584K, reserved 284672K
  class space    used 4692K, capacity 5026K, committed 5120K, reserved 253952K
}
Event: 9.873 GC heap after
{Heap after GC invocations=8 (full 0):
 garbage-first heap   total 262144K, used 34165K [0x00000000e0000000, 0x0000000100000000)
  region size 1024K, 17 young (17408K), 17 survivors (17408K)
 Metaspace       used 34488K, capacity 35444K, committed 35584K, reserved 284672K
  class space    used 4692K, capacity 5026K, committed 5120K, reserved 253952K
}
Event: 11.749 GC heap before
{Heap before GC invocations=9 (full 0):
 garbage-first heap   total 262144K, used 152949K [0x00000000e0000000, 0x0000000100000000)
  region size 1024K, 133 young (136192K), 17 survivors (17408K)
 Metaspace       used 46853K, capacity 48172K, committed 48256K, reserved 296960K
  class space    used 6258K, capacity 6737K, committed 6784K, reserved 253952K
}
Event: 11.780 GC heap after
{Heap after GC invocations=10 (full 0):
 garbage-first heap   total 262144K, used 43479K [0x00000000e0000000, 0x0000000100000000)
  region size 1024K, 17 young (17408K), 17 survivors (17408K)
 Metaspace       used 46853K, capacity 48172K, committed 48256K, reserved 296960K
  class space    used 6258K, capacity 6737K, committed 6784K, reserved 253952K
}

Deoptimization events (20 events):
Event: 11.598 Thread 0x000001f3a0f30800 Uncommon trap: trap_request=0xffffff45 fr.pc=0x000001f39452a728 relative=0x0000000000001548
Event: 11.598 Thread 0x000001f3a0f30800 Uncommon trap: reason=unstable_if action=reinterpret pc=0x000001f39452a728 method=org.codehaus.groovy.runtime.metaclass.MetaMethodIndex.addMethodToList(Ljava/lang/Object;Lgroovy/lang/MetaMethod;)Ljava/lang/Object; @ 256 c2
Event: 11.598 Thread 0x000001f3a0f30800 DEOPT PACKING pc=0x000001f39452a728 sp=0x000000b49f1f6ce0
Event: 11.598 Thread 0x000001f3a0f30800 DEOPT UNPACKING pc=0x000001f38c81912f sp=0x000000b49f1f6c88 mode 2
Event: 11.641 Thread 0x000001f3a0f30800 Uncommon trap: trap_request=0xffffff45 fr.pc=0x000001f3944cf3b8 relative=0x0000000000000658
Event: 11.641 Thread 0x000001f3a0f30800 Uncommon trap: reason=unstable_if action=reinterpret pc=0x000001f3944cf3b8 method=java.util.HashMap.putVal(ILjava/lang/Object;Ljava/lang/Object;ZZ)Ljava/lang/Object; @ 109 c2
Event: 11.641 Thread 0x000001f3a0f30800 DEOPT PACKING pc=0x000001f3944cf3b8 sp=0x000000b49f1f8c10
Event: 11.641 Thread 0x000001f3a0f30800 DEOPT UNPACKING pc=0x000001f38c81912f sp=0x000000b49f1f8b28 mode 2
Event: 11.641 Thread 0x000001f3a0f30800 Uncommon trap: trap_request=0xffffff45 fr.pc=0x000001f3943e8570 relative=0x0000000000000690
Event: 11.641 Thread 0x000001f3a0f30800 Uncommon trap: reason=unstable_if action=reinterpret pc=0x000001f3943e8570 method=java.util.HashMap.putVal(ILjava/lang/Object;Ljava/lang/Object;ZZ)Ljava/lang/Object; @ 109 c2
Event: 11.641 Thread 0x000001f3a0f30800 DEOPT PACKING pc=0x000001f3943e8570 sp=0x000000b49f1f8b60
Event: 11.641 Thread 0x000001f3a0f30800 DEOPT UNPACKING pc=0x000001f38c81912f sp=0x000000b49f1f8b18 mode 2
Event: 11.641 Thread 0x000001f3a0f30800 Uncommon trap: trap_request=0xffffff45 fr.pc=0x000001f3942f1a48 relative=0x00000000000009e8
Event: 11.641 Thread 0x000001f3a0f30800 Uncommon trap: reason=unstable_if action=reinterpret pc=0x000001f3942f1a48 method=java.util.HashMap.resize()[Ljava/util/HashMap$Node; @ 203 c2
Event: 11.641 Thread 0x000001f3a0f30800 DEOPT PACKING pc=0x000001f3942f1a48 sp=0x000000b49f1f8ab0
Event: 11.641 Thread 0x000001f3a0f30800 DEOPT UNPACKING pc=0x000001f38c81912f sp=0x000000b49f1f8a58 mode 2
Event: 11.791 Thread 0x000001f3a0f30800 DEOPT PACKING pc=0x000001f38d32bdba sp=0x000000b49f1f8870
Event: 11.791 Thread 0x000001f3a0f30800 DEOPT UNPACKING pc=0x000001f38c81964e sp=0x000000b49f1f7d68 mode 0
Event: 11.792 Thread 0x000001f3a0f30800 DEOPT PACKING pc=0x000001f38d329b16 sp=0x000000b49f1f87d0
Event: 11.792 Thread 0x000001f3a0f30800 DEOPT UNPACKING pc=0x000001f38c81964e sp=0x000000b49f1f7d68 mode 0

Classes unloaded (0 events):
No events

Classes redefined (0 events):
No events

Internal exceptions (20 events):
Event: 11.614 Thread 0x000001f3a0f30800 Exception <a 'java/lang/ClassNotFoundException'{0x00000000e823f4f8}: org/gradle/api/internal/artifacts/dependencies/DefaultExternalModuleDependency_DecoratedCustomizer> (0x00000000e823f4f8) 
thrown [t:/workspace/open/src/hotspot/share/classfile/systemDictionary.cpp, line 232]
Event: 11.702 Thread 0x000001f3a0f30800 Exception <a 'java/lang/NoSuchMethodError'{0x00000000e7ec6f80}: 'int java.lang.invoke.DirectMethodHandle$Holder.invokeInterface(java.lang.Object, java.lang.Object, java.lang.Object, java.lang.Object)'> (0x00000000e7ec6f80) 
thrown [t:/workspace/open/src/hotspot/share/interpreter/linkResolver.cpp, line 767]
Event: 11.722 Thread 0x000001f3a0f30800 Exception <a 'java/lang/ClassNotFoundException'{0x00000000e7c37518}: org/gradle/api/tasks/Copy_DecoratedBeanInfo> (0x00000000e7c37518) 
thrown [t:/workspace/open/src/hotspot/share/classfile/systemDictionary.cpp, line 232]
Event: 11.723 Thread 0x000001f3a0f30800 Exception <a 'java/lang/ClassNotFoundException'{0x00000000e7c55660}: org/gradle/api/tasks/CopyBeanInfo> (0x00000000e7c55660) 
thrown [t:/workspace/open/src/hotspot/share/classfile/systemDictionary.cpp, line 232]
Event: 11.724 Thread 0x000001f3a0f30800 Exception <a 'java/lang/ClassNotFoundException'{0x00000000e7c771a0}: org/gradle/api/tasks/AbstractCopyTaskBeanInfo> (0x00000000e7c771a0) 
thrown [t:/workspace/open/src/hotspot/share/classfile/systemDictionary.cpp, line 232]
Event: 11.725 Thread 0x000001f3a0f30800 Exception <a 'java/lang/ClassNotFoundException'{0x00000000e7c99010}: org/gradle/api/internal/ConventionTaskBeanInfo> (0x00000000e7c99010) 
thrown [t:/workspace/open/src/hotspot/share/classfile/systemDictionary.cpp, line 232]
Event: 11.726 Thread 0x000001f3a0f30800 Exception <a 'java/lang/ClassNotFoundException'{0x00000000e7cb7ea0}: org/gradle/api/DefaultTaskBeanInfo> (0x00000000e7cb7ea0) 
thrown [t:/workspace/open/src/hotspot/share/classfile/systemDictionary.cpp, line 232]
Event: 11.728 Thread 0x000001f3a0f30800 Exception <a 'java/lang/ClassNotFoundException'{0x00000000e7cd9988}: org/gradle/api/internal/AbstractTaskBeanInfo> (0x00000000e7cd9988) 
thrown [t:/workspace/open/src/hotspot/share/classfile/systemDictionary.cpp, line 232]
Event: 11.729 Thread 0x000001f3a0f30800 Exception <a 'java/lang/ClassNotFoundException'{0x00000000e7cfb578}: org/gradle/api/internal/AbstractTaskCustomizer> (0x00000000e7cfb578) 
thrown [t:/workspace/open/src/hotspot/share/classfile/systemDictionary.cpp, line 232]
Event: 11.733 Thread 0x000001f3a0f30800 Exception <a 'java/lang/ClassNotFoundException'{0x00000000e7b5b248}: org/gradle/api/DefaultTaskCustomizer> (0x00000000e7b5b248) 
thrown [t:/workspace/open/src/hotspot/share/classfile/systemDictionary.cpp, line 232]
Event: 11.745 Thread 0x000001f3a0f30800 Exception <a 'java/lang/ClassNotFoundException'{0x00000000e7b88028}: org/gradle/api/internal/ConventionTaskCustomizer> (0x00000000e7b88028) 
thrown [t:/workspace/open/src/hotspot/share/classfile/systemDictionary.cpp, line 232]
Event: 11.747 Thread 0x000001f3a0f30800 Exception <a 'java/lang/ClassNotFoundException'{0x00000000e7bb76d0}: org/gradle/api/tasks/AbstractCopyTaskCustomizer> (0x00000000e7bb76d0) 
thrown [t:/workspace/open/src/hotspot/share/classfile/systemDictionary.cpp, line 232]
Event: 11.783 Thread 0x000001f3a0f30800 Exception <a 'java/lang/ClassNotFoundException'{0x00000000eff59608}: org/gradle/api/tasks/CopyCustomizer> (0x00000000eff59608) 
thrown [t:/workspace/open/src/hotspot/share/classfile/systemDictionary.cpp, line 232]
Event: 11.785 Thread 0x000001f3a0f30800 Exception <a 'java/lang/ClassNotFoundException'{0x00000000eff8eb88}: org/gradle/api/tasks/Copy_DecoratedCustomizer> (0x00000000eff8eb88) 
thrown [t:/workspace/open/src/hotspot/share/classfile/systemDictionary.cpp, line 232]
Event: 11.795 Thread 0x000001f3a0f30800 Exception <a 'java/lang/ClassNotFoundException'{0x00000000efc56988}: org/gradle/api/internal/artifacts/configurations/DefaultConfigurationContainer_DecoratedBeanInfo> (0x00000000efc56988) 
thrown [t:/workspace/open/src/hotspot/share/classfile/systemDictionary.cpp, line 232]
Event: 11.796 Thread 0x000001f3a0f30800 Exception <a 'java/lang/ClassNotFoundException'{0x00000000efc8f290}: org/gradle/api/internal/artifacts/configurations/DefaultConfigurationContainerBeanInfo> (0x00000000efc8f290) 
thrown [t:/workspace/open/src/hotspot/share/classfile/systemDictionary.cpp, line 232]
Event: 11.797 Thread 0x000001f3a0f30800 Exception <a 'java/lang/ClassNotFoundException'{0x00000000efcb8508}: org/gradle/api/internal/AbstractValidatingNamedDomainObjectContainerBeanInfo> (0x00000000efcb8508) 
thrown [t:/workspace/open/src/hotspot/share/classfile/systemDictionary.cpp, line 232]
Event: 11.798 Thread 0x000001f3a0f30800 Exception <a 'java/lang/ClassNotFoundException'{0x00000000efce1898}: org/gradle/api/internal/AbstractValidatingNamedDomainObjectContainerCustomizer> (0x00000000efce1898) 
thrown [t:/workspace/open/src/hotspot/share/classfile/systemDictionary.cpp, line 232]
Event: 11.799 Thread 0x000001f3a0f30800 Exception <a 'java/lang/ClassNotFoundException'{0x00000000efb253c0}: org/gradle/api/internal/artifacts/configurations/DefaultConfigurationContainerCustomizer> (0x00000000efb253c0) 
thrown [t:/workspace/open/src/hotspot/share/classfile/systemDictionary.cpp, line 232]
Event: 11.802 Thread 0x000001f3a0f30800 Exception <a 'java/lang/ClassNotFoundException'{0x00000000efb75640}: org/gradle/api/internal/artifacts/configurations/DefaultConfigurationContainer_DecoratedCustomizer> (0x00000000efb75640) 
thrown [t:/workspace/open/src/hotspot/share/classfile/systemDictionary.cpp, line 232]

Events (20 events):
Event: 11.799 loading class org/gradle/api/internal/artifacts/configurations/DefaultConfigurationContainerCustomizer
Event: 11.799 loading class org/gradle/api/internal/artifacts/configurations/DefaultConfigurationContainerCustomizer done
Event: 11.799 loading class org/gradle/api/internal/artifacts/configurations/DefaultConfigurationContainerCustomizer
Event: 11.799 loading class org/gradle/api/internal/artifacts/configurations/DefaultConfigurationContainerCustomizer done
Event: 11.800 loading class org/gradle/api/internal/artifacts/configurations/DefaultConfigurationContainer_DecoratedCustomizer
Event: 11.800 loading class org/gradle/api/internal/artifacts/configurations/DefaultConfigurationContainer_DecoratedCustomizer done
Event: 11.801 loading class org/gradle/api/internal/artifacts/configurations/DefaultConfigurationContainer_DecoratedCustomizer
Event: 11.801 loading class org/gradle/api/internal/artifacts/configurations/DefaultConfigurationContainer_DecoratedCustomizer done
Event: 11.801 loading class org/gradle/api/internal/artifacts/configurations/DefaultConfigurationContainer_DecoratedCustomizer
Event: 11.801 loading class org/gradle/api/internal/artifacts/configurations/DefaultConfigurationContainer_DecoratedCustomizer done
Event: 11.801 loading class org/gradle/api/internal/artifacts/configurations/DefaultConfigurationContainer_DecoratedCustomizer
Event: 11.801 loading class org/gradle/api/internal/artifacts/configurations/DefaultConfigurationContainer_DecoratedCustomizer done
Event: 11.803 loading class org/gradle/internal/extensibility/ConventionAwareHelper$MappedPropertyImpl
Event: 11.803 loading class org/gradle/internal/extensibility/ConventionAwareHelper$MappedPropertyImpl done
Event: 11.804 loading class org/gradle/api/internal/ConventionMapping$MappedProperty
Event: 11.804 loading class org/gradle/api/internal/ConventionMapping$MappedProperty done
Event: 11.804 loading class org/gradle/internal/extensibility/ConventionAwareHelper$2
Event: 11.804 loading class org/gradle/internal/extensibility/ConventionAwareHelper$2 done
Event: 11.805 loading class org/gradle/internal/extensibility/ConventionAwareHelper$1
Event: 11.805 loading class org/gradle/internal/extensibility/ConventionAwareHelper$1 done


Dynamic libraries:
0x00007ff675e40000 - 0x00007ff675e4f000 	C:\Program Files\Java\jdk-13.0.1\bin\java.exe
0x00007ffa223c0000 - 0x00007ffa225b0000 	C:\WINDOWS\SYSTEM32\ntdll.dll
0x00007ffa20a70000 - 0x00007ffa20b22000 	C:\WINDOWS\System32\KERNEL32.DLL
0x00007ffa1f4b0000 - 0x00007ffa1f753000 	C:\WINDOWS\System32\KERNELBASE.dll
0x000000006e170000 - 0x000000006e205000 	C:\WINDOWS\System32\SYSFER.DLL
0x00007ffa1fd70000 - 0x00007ffa1fe13000 	C:\WINDOWS\System32\ADVAPI32.dll
0x00007ffa208e0000 - 0x00007ffa2097e000 	C:\WINDOWS\System32\msvcrt.dll
0x00007ffa21410000 - 0x00007ffa214a7000 	C:\WINDOWS\System32\sechost.dll
0x00007ffa21580000 - 0x00007ffa216a0000 	C:\WINDOWS\System32\RPCRT4.dll
0x00007ffa1e9c0000 - 0x00007ffa1eaba000 	C:\WINDOWS\System32\ucrtbase.dll
0x00007ffa07f70000 - 0x00007ffa07f85000 	C:\Program Files\Java\jdk-13.0.1\bin\VCRUNTIME140.dll
0x00007ffa0c4b0000 - 0x00007ffa0c4c8000 	C:\Program Files\Java\jdk-13.0.1\bin\jli.dll
0x00007ffa20740000 - 0x00007ffa208d4000 	C:\WINDOWS\System32\USER32.dll
0x00007ffa1eac0000 - 0x00007ffa1eae1000 	C:\WINDOWS\System32\win32u.dll
0x00007ff9fd6d0000 - 0x00007ff9fd955000 	C:\WINDOWS\WinSxS\amd64_microsoft.windows.common-controls_6595b64144ccf1df_6.0.18362.778_none_e6c6b761130d4fb8\COMCTL32.dll
0x00007ffa21550000 - 0x00007ffa21576000 	C:\WINDOWS\System32\GDI32.dll
0x00007ffa21fc0000 - 0x00007ffa222f6000 	C:\WINDOWS\System32\combase.dll
0x00007ffa1f2f0000 - 0x00007ffa1f484000 	C:\WINDOWS\System32\gdi32full.dll
0x00007ffa1eaf0000 - 0x00007ffa1eb70000 	C:\WINDOWS\System32\bcryptPrimitives.dll
0x00007ffa1f910000 - 0x00007ffa1f9ae000 	C:\WINDOWS\System32\msvcp_win.dll
0x00007ffa1d900000 - 0x00007ffa1d90a000 	C:\WINDOWS\SYSTEM32\VERSION.dll
0x00007ffa21f30000 - 0x00007ffa21f5e000 	C:\WINDOWS\System32\IMM32.DLL
0x00007ff9ddd00000 - 0x00007ff9ddd9b000 	C:\Program Files\Java\jdk-13.0.1\bin\msvcp140.dll
0x00007ff9cbe90000 - 0x00007ff9cc9f6000 	C:\Program Files\Java\jdk-13.0.1\bin\server\jvm.dll
0x00007ffa200e0000 - 0x00007ffa200e8000 	C:\WINDOWS\System32\PSAPI.DLL
0x00007ffa073e0000 - 0x00007ffa073e9000 	C:\WINDOWS\SYSTEM32\WSOCK32.dll
0x00007ffa21df0000 - 0x00007ffa21e5f000 	C:\WINDOWS\System32\WS2_32.dll
0x00007ffa1a6d0000 - 0x00007ffa1a6f4000 	C:\WINDOWS\SYSTEM32\WINMM.dll
0x00007ffa1a6a0000 - 0x00007ffa1a6cd000 	C:\WINDOWS\SYSTEM32\WINMMBASE.dll
0x00007ffa1f9b0000 - 0x00007ffa1f9fa000 	C:\WINDOWS\System32\cfgmgr32.dll
0x00007ffa1e950000 - 0x00007ffa1e961000 	C:\WINDOWS\System32\kernel.appcore.dll
0x00007ffa0e9f0000 - 0x00007ffa0ea00000 	C:\Program Files\Java\jdk-13.0.1\bin\verify.dll
0x00007ffa17190000 - 0x00007ffa17384000 	C:\WINDOWS\SYSTEM32\DBGHELP.DLL
0x00007ffa086d0000 - 0x00007ffa086fa000 	C:\WINDOWS\SYSTEM32\dbgcore.DLL
0x00007ff9fda40000 - 0x00007ff9fda66000 	C:\Program Files\Java\jdk-13.0.1\bin\java.dll
0x00007ff9fda20000 - 0x00007ff9fda37000 	C:\Program Files\Java\jdk-13.0.1\bin\zip.dll
0x00007ffa0c630000 - 0x00007ffa0c63a000 	C:\Program Files\Java\jdk-13.0.1\bin\jimage.dll
0x00007ffa216a0000 - 0x00007ffa21d85000 	C:\WINDOWS\System32\SHELL32.dll
0x00007ffa1fcc0000 - 0x00007ffa1fd69000 	C:\WINDOWS\System32\shcore.dll
0x00007ffa1eb70000 - 0x00007ffa1f2f0000 	C:\WINDOWS\System32\windows.storage.dll
0x00007ffa1e990000 - 0x00007ffa1e9b3000 	C:\WINDOWS\System32\profapi.dll
0x00007ffa1e900000 - 0x00007ffa1e94a000 	C:\WINDOWS\System32\powrprof.dll
0x00007ffa1e8f0000 - 0x00007ffa1e900000 	C:\WINDOWS\System32\UMPDC.dll
0x00007ffa21f60000 - 0x00007ffa21fb2000 	C:\WINDOWS\System32\shlwapi.dll
0x00007ffa1f490000 - 0x00007ffa1f4a7000 	C:\WINDOWS\System32\cryptsp.dll
0x00007ff9fd9b0000 - 0x00007ff9fd9c9000 	C:\Program Files\Java\jdk-13.0.1\bin\net.dll
0x00007ffa0efe0000 - 0x00007ffa0f0d0000 	C:\WINDOWS\SYSTEM32\WINHTTP.dll
0x00007ffa1e100000 - 0x00007ffa1e167000 	C:\WINDOWS\system32\mswsock.dll
0x00007ff9f3490000 - 0x00007ff9f34a3000 	C:\Program Files\Java\jdk-13.0.1\bin\nio.dll
0x00007ff9f3460000 - 0x00007ff9f3486000 	C:\Users\balachandran.k\.gradle\native\30\windows-amd64\native-platform.dll
0x00007ffa091c0000 - 0x00007ffa091c9000 	C:\Program Files\Java\jdk-13.0.1\bin\management.dll
0x00007ffa090c0000 - 0x00007ffa090cb000 	C:\Program Files\Java\jdk-13.0.1\bin\management_ext.dll
0x00007ffa1dc70000 - 0x00007ffa1dca3000 	C:\WINDOWS\system32\rsaenh.dll
0x00007ffa1fa00000 - 0x00007ffa1fa26000 	C:\WINDOWS\System32\bcrypt.dll
0x00007ffa1e7e0000 - 0x00007ffa1e805000 	C:\WINDOWS\SYSTEM32\USERENV.dll
0x00007ffa1e330000 - 0x00007ffa1e33c000 	C:\WINDOWS\SYSTEM32\CRYPTBASE.dll
0x00007ffa1de10000 - 0x00007ffa1de4a000 	C:\WINDOWS\SYSTEM32\IPHLPAPI.DLL
0x00007ffa1fcb0000 - 0x00007ffa1fcb8000 	C:\WINDOWS\System32\NSI.dll
0x00007ffa15fc0000 - 0x00007ffa15fd6000 	C:\WINDOWS\SYSTEM32\dhcpcsvc6.DLL
0x00007ffa15f80000 - 0x00007ffa15f9c000 	C:\WINDOWS\SYSTEM32\dhcpcsvc.DLL
0x00007ffa1de60000 - 0x00007ffa1df2a000 	C:\WINDOWS\SYSTEM32\DNSAPI.dll

dbghelp: loaded successfully - version: 4.0.5 - missing functions: none
symbol engine: initialized successfully - sym options: 0x614 - pdb path: .;C:\Program Files\Java\jdk-13.0.1\bin;C:\WINDOWS\SYSTEM32;C:\WINDOWS\WinSxS\amd64_microsoft.windows.common-controls_6595b64144ccf1df_6.0.18362.778_none_e6c6b761130d4fb8;C:\Program Files\Java\jdk-13.0.1\bin\server;C:\Users\balachandran.k\.gradle\native\30\windows-amd64

VM Arguments:
jvm_args: --add-opens=java.base/java.util=ALL-UNNAMED --add-opens=java.base/java.lang=ALL-UNNAMED --add-opens=java.base/java.lang.invoke=ALL-UNNAMED --add-opens=java.prefs/java.util.prefs=ALL-UNNAMED -XX:MaxMetaspaceSize=256m -XX:+HeapDumpOnOutOfMemoryError -Xms256m -Xmx512m -Dfile.encoding=windows-1252 -Duser.country=US -Duser.language=en -Duser.variant 
java_command: org.gradle.launcher.daemon.bootstrap.GradleDaemon 6.0.1
java_class_path (initial): C:\Users\balachandran.k\.gradle\wrapper\dists\gradle-6.0.1-all\99d3u8wxs16ndehh90lbbir67\gradle-6.0.1\lib\gradle-launcher-6.0.1.jar
Launcher Type: SUN_STANDARD

[Global flags]
     intx CICompilerCount                          = 3                                         {product} {ergonomic}
   size_t CompressedClassSpaceSize                 = 260046848                                 {product} {ergonomic}
     uint ConcGCThreads                            = 1                                         {product} {ergonomic}
     uint G1ConcRefinementThreads                  = 4                                         {product} {ergonomic}
   size_t G1HeapRegionSize                         = 1048576                                   {product} {ergonomic}
    uintx GCDrainStackTargetSize                   = 64                                        {product} {ergonomic}
     bool HeapDumpOnOutOfMemoryError               = true                                   {manageable} {command line}
   size_t InitialHeapSize                          = 268435456                                 {product} {command line}
   size_t MarkStackSize                            = 4194304                                   {product} {ergonomic}
   size_t MaxHeapSize                              = 536870912                                 {product} {command line}
   size_t MaxMetaspaceSize                         = 268435456                                 {product} {command line}
   size_t MaxNewSize                               = 321912832                                 {product} {ergonomic}
   size_t MinHeapDeltaBytes                        = 1048576                                   {product} {ergonomic}
   size_t MinHeapSize                              = 268435456                                 {product} {command line}
    uintx NonNMethodCodeHeapSize                   = 5830732                                {pd product} {ergonomic}
    uintx NonProfiledCodeHeapSize                  = 122913754                              {pd product} {ergonomic}
    uintx ProfiledCodeHeapSize                     = 122913754                              {pd product} {ergonomic}
    uintx ReservedCodeCacheSize                    = 251658240                              {pd product} {ergonomic}
     bool SegmentedCodeCache                       = true                                      {product} {ergonomic}
   size_t SoftMaxHeapSize                          = 536870912                              {manageable} {ergonomic}
     bool UseCompressedClassPointers               = true                                 {lp64_product} {ergonomic}
     bool UseCompressedOops                        = true                                 {lp64_product} {ergonomic}
     bool UseG1GC                                  = true                                      {product} {ergonomic}
     bool UseLargePagesIndividualAllocation        = false                                  {pd product} {ergonomic}

Logging:
Log output configuration:
 #0: stdout all=warning uptime,level,tags
 #1: stderr all=off uptime,level,tags

Environment Variables:
JAVA_HOME=C:\Program Files\Java\jdk-13.0.1
CLASSPATH=D:\Balachandran\ReactNative\FirstApp\android\\gradle\wrapper\gradle-wrapper.jar
PATH=D:\Balachandran\ReactNative\FirstApp\android\node_modules\.bin;D:\Balachandran\ReactNative\FirstApp\node_modules\.bin;D:\Balachandran\ReactNative\node_modules\.bin;D:\Balachandran\node_modules\.bin;D:\node_modules\.bin;C:\Program Files\nodejs;C:\Python27\;C:\Python27\Scripts;C:\oracle;C:\oracle\bin;C:\Program Files (x86)\Common Files\Oracle\Java\javapath;C:\Program Files (x86)\Intel\iCLS Client\;C:\Program Files\Intel\iCLS Client\;C:\WINDOWS\system32;C:\WINDOWS;C:\WINDOWS\System32\Wbem;C:\WINDOWS\System32\WindowsPowerShell\v1.0\;C:\Program Files (x86)\Intel\Intel(R) Management Engine Components\DAL;C:\Program Files\Intel\Intel(R) Management Engine Components\DAL;C:\Program Files (x86)\Intel\Intel(R) Management Engine Components\IPT;C:\Program Files\Intel\Intel(R) Management Engine Components\IPT;C:\Program Files\Java\jdk-13.0.1\bin\\bin;C:\Program Files\Git\cmd;C:\Program Files (x86)\Sennheiser\SoftphoneSDK\;C:\Users\balachandran.k\.dnx\bin;C:\Program Files\Microsoft DNX\Dnvm\;C:\Program Files\Microsoft SQL Server\120\Tools\Binn\;C:\Program Files\Microsoft SQL Server\Client SDK\ODBC\110\Tools\Binn\;C:\Program Files (x86)\Microsoft SQL Server\120\Tools\Binn\;C:\Program Files\Microsoft SQL Server\120\DTS\Binn\;C:\Program Files (x86)\Microsoft SQL Server\120\Tools\Binn\ManagementStudio\;C:\Program Files (x86)\Microsoft SQL Server\120\DTS\Binn\;C:\Program Files\TortoiseSVN\bin;C:\WINDOWS\System32\OpenSSH\;C:\Program Files\TortoiseGit\bin;C:\ProgramData\chocolatey\bin;C:\Program Files\nodejs\;C:\Users\balachandran.k\AppData\Local\Android\Sdk\platform-tools;C:\Users\balachandran.k\AppData\Local\Android\Sdk;C:\Users\balachandran.k\AppData\Local\Microsoft\WindowsApps;C:\Users\balachandran.k\AppData\Local\Programs\Microsoft VS Code\bin;C:\Users\balachandran.k\AppData\Roaming\npm
USERNAME=Balachandran.K
OS=Windows_NT
PROCESSOR_IDENTIFIER=Intel64 Family 6 Model 78 Stepping 3, GenuineIntel



---------------  S Y S T E M  ---------------

OS: Windows 10 , 64 bit Build 18362 (10.0.18362.778)

CPU:total 4 (initial active 4) (2 cores per cpu, 2 threads per core) family 6 model 78 stepping 3, cmov, cx8, fxsr, mmx, sse, sse2, sse3, ssse3, sse4.1, sse4.2, popcnt, avx, avx2, aes, clmul, erms, 3dnowpref, lzcnt, ht, tsc, tscinvbit, bmi1, bmi2, adx, fma

Memory: 4k page, system-wide physical 8088M (1768M free)
TotalPageFile size 9623M (AvailPageFile size 5M)
current process WorkingSet (physical memory assigned to process): 353M, peak: 353M
current process commit charge ("private bytes"): 471M, peak: 473M

vm_info: Java HotSpot(TM) 64-Bit Server VM (13.0.1+9) for windows-amd64 JRE (13.0.1+9), built on Oct  6 2019 12:37:49 by "mach5one" with unknown MS VC++:1916

END.
