#
# There is insufficient memory for the Java Runtime Environment to continue.
# Native memory allocation (malloc) failed to allocate 1886096 bytes for Chunk::new
# Possible reasons:
#   The system is out of physical RAM or swap space
#   The process is running with CompressedOops enabled, and the Java Heap may be blocking the growth of the native heap
# Possible solutions:
#   Reduce memory load on the system
#   Increase physical memory or swap space
#   Check if swap backing store is full
#   Decrease Java heap size (-Xmx/-Xms)
#   Decrease number of Java threads
#   Decrease Java thread stack sizes (-Xss)
#   Set larger code cache with -XX:ReservedCodeCacheSize=
#   JVM is running with Unscaled Compressed Oops mode in which the Java heap is
#     placed in the first 4GB address space. The Java Heap base address is the
#     maximum limit for the native heap growth. Please use -XX:HeapBaseMinAddress
#     to set the Java Heap base and to place the Java Heap above 4GB virtual address.
# This output file may be truncated or incomplete.
#
#  Out of Memory Error (t:/workspace/open/src/hotspot/share/memory/arena.cpp:196), pid=16580, tid=17820
#
# JRE version: Java(TM) SE Runtime Environment (13.0.1+9) (build 13.0.1+9)
# Java VM: Java HotSpot(TM) 64-Bit Server VM (13.0.1+9, mixed mode, sharing, tiered, compressed oops, g1 gc, windows-amd64)
# No core dump will be written. Minidumps are not enabled by default on client versions of Windows
#

---------------  S U M M A R Y ------------

Command Line: --add-opens=java.base/java.util=ALL-UNNAMED --add-opens=java.base/java.lang=ALL-UNNAMED --add-opens=java.base/java.lang.invoke=ALL-UNNAMED --add-opens=java.prefs/java.util.prefs=ALL-UNNAMED -XX:MaxMetaspaceSize=256m -XX:+HeapDumpOnOutOfMemoryError -Xms256m -Xmx512m -Dfile.encoding=windows-1252 -Duser.country=US -Duser.language=en -Duser.variant org.gradle.launcher.daemon.bootstrap.GradleDaemon 6.0.1

Host: Intel(R) Core(TM) i5-6200U CPU @ 2.30GHz, 4 cores, 7G,  Windows 10 , 64 bit Build 18362 (10.0.18362.778)
Time: Mon Apr 20 10:35:28 2020 Eastern Daylight Time elapsed time: 2102 seconds (0d 0h 35m 2s)

---------------  T H R E A D  ---------------

Current thread (0x000001f7acd45800):  JavaThread "C2 CompilerThread1" daemon [_thread_in_native, id=17820, stack(0x0000004e47f00000,0x0000004e48000000)]


Current CompileTask:
C2:2102460 14867       4       java.lang.reflect.Method::toGenericString (12 bytes)

Stack: [0x0000004e47f00000,0x0000004e48000000]
Native frames: (J=compiled Java code, j=interpreted, Vv=VM code, C=native code)
V  [jvm.dll+0x626eca]
V  [jvm.dll+0x772c6a]
V  [jvm.dll+0x77441f]
V  [jvm.dll+0x774a23]
V  [jvm.dll+0x24da58]
V  [jvm.dll+0xc3ae7]
V  [jvm.dll+0xc406c]
V  [jvm.dll+0x35de18]
V  [jvm.dll+0x329593]
V  [jvm.dll+0x32896a]
V  [jvm.dll+0x2078c7]
V  [jvm.dll+0x206adf]
V  [jvm.dll+0x18b94c]
V  [jvm.dll+0x2159bd]
V  [jvm.dll+0x213e6b]
V  [jvm.dll+0x738b16]
V  [jvm.dll+0x731c0a]
V  [jvm.dll+0x6260c6]
C  [ucrtbase.dll+0x20e72]
C  [KERNEL32.DLL+0x17bd4]
C  [ntdll.dll+0x6ce51]


---------------  P R O C E S S  ---------------

Threads class SMR info:
_java_thread_list=0x000001f7b412cf20, length=39, elements={
0x000001f78d701000, 0x000001f7aa475800, 0x000001f7aa478800, 0x000001f7aa499800,
0x000001f7aa49f000, 0x000001f7aa4a0000, 0x000001f7aa4a2000, 0x000001f7aa4b0000,
0x000001f7aaee3000, 0x000001f7aaefe000, 0x000001f7aba44000, 0x000001f7aadee800,
0x000001f7ac79a800, 0x000001f7ac4aa800, 0x000001f7ac4ab800, 0x000001f7ac4ac000,
0x000001f7ac4a9000, 0x000001f7aee03800, 0x000001f7aee00800, 0x000001f7b0663000,
0x000001f7b0666000, 0x000001f7b0668000, 0x000001f7afec4000, 0x000001f7afec0800,
0x000001f7afec1800, 0x000001f7afec2800, 0x000001f7afec3000, 0x000001f7afec5800,
0x000001f7afec5000, 0x000001f7afec0000, 0x000001f7afec9800, 0x000001f7afec8000,
0x000001f7afec6800, 0x000001f7afeca800, 0x000001f7afecb800, 0x000001f7afec7800,
0x000001f7afecc000, 0x000001f7afecd000, 0x000001f7acd45800
}

Java Threads: ( => current thread )
  0x000001f78d701000 JavaThread "main" [_thread_blocked, id=7160, stack(0x0000004e45800000,0x0000004e45900000)]
  0x000001f7aa475800 JavaThread "Reference Handler" daemon [_thread_blocked, id=13472, stack(0x0000004e45f00000,0x0000004e46000000)]
  0x000001f7aa478800 JavaThread "Finalizer" daemon [_thread_blocked, id=14896, stack(0x0000004e46000000,0x0000004e46100000)]
  0x000001f7aa499800 JavaThread "Signal Dispatcher" daemon [_thread_blocked, id=16708, stack(0x0000004e46100000,0x0000004e46200000)]
  0x000001f7aa49f000 JavaThread "Attach Listener" daemon [_thread_blocked, id=9708, stack(0x0000004e46200000,0x0000004e46300000)]
  0x000001f7aa4a0000 JavaThread "C2 CompilerThread0" daemon [_thread_in_native, id=2388, stack(0x0000004e46300000,0x0000004e46400000)]
  0x000001f7aa4a2000 JavaThread "C1 CompilerThread0" daemon [_thread_blocked, id=17740, stack(0x0000004e46400000,0x0000004e46500000)]
  0x000001f7aa4b0000 JavaThread "Sweeper thread" daemon [_thread_blocked, id=20236, stack(0x0000004e46500000,0x0000004e46600000)]
  0x000001f7aaee3000 JavaThread "Common-Cleaner" daemon [_thread_blocked, id=1980, stack(0x0000004e46600000,0x0000004e46700000)]
  0x000001f7aaefe000 JavaThread "Service Thread" daemon [_thread_blocked, id=17464, stack(0x0000004e46700000,0x0000004e46800000)]
  0x000001f7aba44000 JavaThread "Daemon health stats" [_thread_blocked, id=14692, stack(0x0000004e46d00000,0x0000004e46e00000)]
  0x000001f7aadee800 JavaThread "Incoming local TCP Connector on port 57694" [_thread_in_native, id=20208, stack(0x0000004e46c00000,0x0000004e46d00000)]
  0x000001f7ac79a800 JavaThread "Daemon periodic checks" [_thread_blocked, id=15440, stack(0x0000004e46e00000,0x0000004e46f00000)]
  0x000001f7ac4aa800 JavaThread "Cache worker for file hash cache (C:\Users\balachandran.k\.gradle\caches\6.0.1\fileHashes)" [_thread_blocked, id=20212, stack(0x0000004e47600000,0x0000004e47700000)]
  0x000001f7ac4ab800 JavaThread "File lock request listener" [_thread_in_native, id=13540, stack(0x0000004e47700000,0x0000004e47800000)]
  0x000001f7ac4ac000 JavaThread "Cache worker for journal cache (C:\Users\balachandran.k\.gradle\caches\journal-1)" [_thread_blocked, id=14820, stack(0x0000004e47800000,0x0000004e47900000)]
  0x000001f7ac4a9000 JavaThread "Cache worker for execution history cache (C:\Users\balachandran.k\.gradle\caches\6.0.1\executionHistory)" [_thread_blocked, id=17952, stack(0x0000004e47c00000,0x0000004e47d00000)]
  0x000001f7aee03800 JavaThread "Memory manager" [_thread_blocked, id=10000, stack(0x0000004e48200000,0x0000004e48300000)]
  0x000001f7aee00800 JavaThread "Cache worker for file content cache (C:\Users\balachandran.k\.gradle\caches\6.0.1\fileContent)" [_thread_blocked, id=14428, stack(0x0000004e48400000,0x0000004e48500000)]
  0x000001f7b0663000 JavaThread "Monitor" [_thread_in_native, id=12244, stack(0x0000004e48a00000,0x0000004e48b00000)]
  0x000001f7b0666000 JavaThread "Device List Monitor" [_thread_in_native, id=15908, stack(0x0000004e48b00000,0x0000004e48c00000)]
  0x000001f7b0668000 JavaThread "Java2D Disposer" daemon [_thread_blocked, id=12276, stack(0x0000004e48900000,0x0000004e48a00000)]
  0x000001f7afec4000 JavaThread "AWT-Windows" daemon [_thread_in_native, id=12348, stack(0x0000004e48e00000,0x0000004e48f00000)]
  0x000001f7afec0800 JavaThread "Daemon Thread 4" [_thread_blocked, id=14084, stack(0x0000004e45500000,0x0000004e45600000)]
  0x000001f7afec1800 JavaThread "Handler for socket connection from /127.0.0.1:57694 to /127.0.0.1:58179" [_thread_in_native, id=15084, stack(0x0000004e45600000,0x0000004e45700000)]
  0x000001f7afec2800 JavaThread "Cancel handler" [_thread_blocked, id=20048, stack(0x0000004e45700000,0x0000004e45800000)]
  0x000001f7afec3000 JavaThread "Daemon worker Thread 4" [_thread_in_vm, id=19368, stack(0x0000004e46f00000,0x0000004e47000000)]
  0x000001f7afec5800 JavaThread "Asynchronous log dispatcher for DefaultDaemonConnection: socket connection from /127.0.0.1:57694 to /127.0.0.1:58179" [_thread_blocked, id=20136, stack(0x0000004e47000000,0x0000004e47100000)]
  0x000001f7afec5000 JavaThread "Stdin handler" [_thread_blocked, id=18276, stack(0x0000004e47100000,0x0000004e47200000)]
  0x000001f7afec0000 JavaThread "Thread-62" [_thread_blocked, id=7692, stack(0x0000004e47200000,0x0000004e47300000)]
  0x000001f7afec9800 JavaThread "Cache worker for file hash cache (D:\Balachandran\ReactNative\FirstApp\android\.gradle\6.0.1\fileHashes)" [_thread_blocked, id=15512, stack(0x0000004e47300000,0x0000004e47400000)]
  0x000001f7afec8000 JavaThread "Cache worker for cache directory md-supplier (C:\Users\balachandran.k\.gradle\caches\6.0.1\md-supplier)" [_thread_blocked, id=11420, stack(0x0000004e47400000,0x0000004e47500000)]
  0x000001f7afec6800 JavaThread "Cache worker for cache directory md-rule (C:\Users\balachandran.k\.gradle\caches\6.0.1\md-rule)" [_thread_blocked, id=2368, stack(0x0000004e47500000,0x0000004e47600000)]
  0x000001f7afeca800 JavaThread "Build operations" [_thread_blocked, id=11132, stack(0x0000004e47900000,0x0000004e47a00000)]
  0x000001f7afecb800 JavaThread "Build operations Thread 2" [_thread_blocked, id=19244, stack(0x0000004e47a00000,0x0000004e47b00000)]
  0x000001f7afec7800 JavaThread "Build operations Thread 3" [_thread_blocked, id=18924, stack(0x0000004e47b00000,0x0000004e47c00000)]
  0x000001f7afecc000 JavaThread "Build operations Thread 4" [_thread_blocked, id=20380, stack(0x0000004e47d00000,0x0000004e47e00000)]
  0x000001f7afecd000 JavaThread "Cache worker for Build Output Cleanup Cache (D:\Balachandran\ReactNative\FirstApp\android\.gradle\buildOutputCleanup)" [_thread_blocked, id=18272, stack(0x0000004e47e00000,0x0000004e47f00000)]
=>0x000001f7acd45800 JavaThread "C2 CompilerThread1" daemon [_thread_in_native, id=17820, stack(0x0000004e47f00000,0x0000004e48000000)]

Other Threads:
  0x000001f7aa46e000 VMThread "VM Thread" [stack: 0x0000004e45e00000,0x0000004e45f00000] [id=12784]
  0x000001f7aaeff000 WatcherThread [stack: 0x0000004e46800000,0x0000004e46900000] [id=14176]
  0x000001f78d725800 GCTaskThread "GC Thread#0" [stack: 0x0000004e45900000,0x0000004e45a00000] [id=20204]
  0x000001f7ab4bf800 GCTaskThread "GC Thread#1" [stack: 0x0000004e46900000,0x0000004e46a00000] [id=19696]
  0x000001f7ab4de800 GCTaskThread "GC Thread#2" [stack: 0x0000004e46a00000,0x0000004e46b00000] [id=16268]
  0x000001f7ab5f3800 GCTaskThread "GC Thread#3" [stack: 0x0000004e46b00000,0x0000004e46c00000] [id=19628]
  0x000001f78d72b000 ConcurrentGCThread "G1 Main Marker" [stack: 0x0000004e45a00000,0x0000004e45b00000] [id=3844]
  0x000001f78d72d000 ConcurrentGCThread "G1 Conc#0" [stack: 0x0000004e45b00000,0x0000004e45c00000] [id=10280]
  0x000001f78d7be000 ConcurrentGCThread "G1 Refine#0" [stack: 0x0000004e45c00000,0x0000004e45d00000] [id=20108]
  0x000001f7ae823800 ConcurrentGCThread "G1 Refine#1" [stack: 0x0000004e48100000,0x0000004e48200000] [id=3652]
  0x000001f7aef28800 ConcurrentGCThread "G1 Refine#2" [stack: 0x0000004e48300000,0x0000004e48400000] [id=17764]
  0x000001f7b07fa800 ConcurrentGCThread "G1 Refine#3" [stack: 0x0000004e48000000,0x0000004e48100000] [id=20128]
  0x000001f7aa31b800 ConcurrentGCThread "G1 Young RemSet Sampling" [stack: 0x0000004e45d00000,0x0000004e45e00000] [id=18208]

Threads with active compile tasks:
C2 CompilerThread0  2102560 14898   !   4       org.gradle.internal.classloader.FilteringClassLoader::loadClass (62 bytes)
C2 CompilerThread1  2102560 14867       4       java.lang.reflect.Method::toGenericString (12 bytes)

VM state:not at safepoint (normal execution)

VM Mutex/Monitor currently owned by a thread: None

Heap address: 0x00000000e0000000, size: 512 MB, Compressed Oops mode: 32-bit
Narrow klass base: 0x0000000800000000, Narrow klass shift: 3
Compressed class space size: 260046848 Address: 0x0000000800b40000

Heap:
 garbage-first heap   total 262144K, used 102300K [0x00000000e0000000, 0x0000000100000000)
  region size 1024K, 4 young (4096K), 2 survivors (2048K)
 Metaspace       used 89954K, capacity 93051K, committed 93312K, reserved 335872K
  class space    used 11445K, capacity 12537K, committed 12672K, reserved 253952K
Heap Regions: E=young(eden), S=young(survivor), O=old, HS=humongous(starts), HC=humongous(continues), CS=collection set, F=free, A=archive, TAMS=top-at-mark-start (previous, next)
|   0|0x00000000e0000000, 0x00000000e0100000, 0x00000000e0100000|100%| O|  |TAMS 0x00000000e0100000, 0x00000000e0000000| Untracked 
|   1|0x00000000e0100000, 0x00000000e0200000, 0x00000000e0200000|100%| O|  |TAMS 0x00000000e0200000, 0x00000000e0100000| Untracked 
|   2|0x00000000e0200000, 0x00000000e0300000, 0x00000000e0300000|100%| O|  |TAMS 0x00000000e0300000, 0x00000000e0200000| Untracked 
|   3|0x00000000e0300000, 0x00000000e0400000, 0x00000000e0400000|100%|HS|  |TAMS 0x00000000e0400000, 0x00000000e0300000| Complete 
|   4|0x00000000e0400000, 0x00000000e0500000, 0x00000000e0500000|100%|HC|  |TAMS 0x00000000e0500000, 0x00000000e0400000| Complete 
|   5|0x00000000e0500000, 0x00000000e0600000, 0x00000000e0600000|100%|HC|  |TAMS 0x00000000e0600000, 0x00000000e0500000| Complete 
|   6|0x00000000e0600000, 0x00000000e0700000, 0x00000000e0700000|100%| O|  |TAMS 0x00000000e0700000, 0x00000000e0600000| Untracked 
|   7|0x00000000e0700000, 0x00000000e0800000, 0x00000000e0800000|100%| O|  |TAMS 0x00000000e0800000, 0x00000000e0700000| Untracked 
|   8|0x00000000e0800000, 0x00000000e0900000, 0x00000000e0900000|100%| O|  |TAMS 0x00000000e0900000, 0x00000000e0800000| Untracked 
|   9|0x00000000e0900000, 0x00000000e0a00000, 0x00000000e0a00000|100%| O|  |TAMS 0x00000000e0a00000, 0x00000000e0900000| Untracked 
|  10|0x00000000e0a00000, 0x00000000e0b00000, 0x00000000e0b00000|100%| O|  |TAMS 0x00000000e0b00000, 0x00000000e0a00000| Untracked 
|  11|0x00000000e0b00000, 0x00000000e0c00000, 0x00000000e0c00000|100%| O|  |TAMS 0x00000000e0c00000, 0x00000000e0b00000| Untracked 
|  12|0x00000000e0c00000, 0x00000000e0d00000, 0x00000000e0d00000|100%| O|  |TAMS 0x00000000e0d00000, 0x00000000e0c00000| Untracked 
|  13|0x00000000e0d00000, 0x00000000e0e00000, 0x00000000e0e00000|100%| O|  |TAMS 0x00000000e0e00000, 0x00000000e0d00000| Untracked 
|  14|0x00000000e0e00000, 0x00000000e0f00000, 0x00000000e0f00000|100%| O|  |TAMS 0x00000000e0f00000, 0x00000000e0e00000| Untracked 
|  15|0x00000000e0f00000, 0x00000000e1000000, 0x00000000e1000000|100%| O|  |TAMS 0x00000000e1000000, 0x00000000e0f00000| Untracked 
|  16|0x00000000e1000000, 0x00000000e1100000, 0x00000000e1100000|100%| O|  |TAMS 0x00000000e1100000, 0x00000000e1000000| Untracked 
|  17|0x00000000e1100000, 0x00000000e1200000, 0x00000000e1200000|100%| O|  |TAMS 0x00000000e1200000, 0x00000000e1100000| Untracked 
|  18|0x00000000e1200000, 0x00000000e1300000, 0x00000000e1300000|100%|HS|  |TAMS 0x00000000e1300000, 0x00000000e1200000| Complete 
|  19|0x00000000e1300000, 0x00000000e1400000, 0x00000000e1400000|100%|HC|  |TAMS 0x00000000e1400000, 0x00000000e1300000| Complete 
|  20|0x00000000e1400000, 0x00000000e1500000, 0x00000000e1500000|100%| O|  |TAMS 0x00000000e1500000, 0x00000000e1400000| Untracked 
|  21|0x00000000e1500000, 0x00000000e1500000, 0x00000000e1600000|  0%| F|  |TAMS 0x00000000e1500000, 0x00000000e1500000| Untracked 
|  22|0x00000000e1600000, 0x00000000e1700000, 0x00000000e1700000|100%| O|  |TAMS 0x00000000e1700000, 0x00000000e1600000| Untracked 
|  23|0x00000000e1700000, 0x00000000e1800000, 0x00000000e1800000|100%| O|  |TAMS 0x00000000e1800000, 0x00000000e1700000| Untracked 
|  24|0x00000000e1800000, 0x00000000e1900000, 0x00000000e1900000|100%| O|  |TAMS 0x00000000e1900000, 0x00000000e1800000| Untracked 
|  25|0x00000000e1900000, 0x00000000e1a00000, 0x00000000e1a00000|100%| O|  |TAMS 0x00000000e1a00000, 0x00000000e1900000| Untracked 
|  26|0x00000000e1a00000, 0x00000000e1b00000, 0x00000000e1b00000|100%| O|  |TAMS 0x00000000e1b00000, 0x00000000e1a00000| Untracked 
|  27|0x00000000e1b00000, 0x00000000e1b00000, 0x00000000e1c00000|  0%| F|  |TAMS 0x00000000e1b00000, 0x00000000e1b00000| Untracked 
|  28|0x00000000e1c00000, 0x00000000e1d00000, 0x00000000e1d00000|100%| O|  |TAMS 0x00000000e1d00000, 0x00000000e1c00000| Untracked 
|  29|0x00000000e1d00000, 0x00000000e1e00000, 0x00000000e1e00000|100%| O|  |TAMS 0x00000000e1e00000, 0x00000000e1d00000| Untracked 
|  30|0x00000000e1e00000, 0x00000000e1f00000, 0x00000000e1f00000|100%| O|  |TAMS 0x00000000e1f00000, 0x00000000e1e00000| Untracked 
|  31|0x00000000e1f00000, 0x00000000e1f00000, 0x00000000e2000000|  0%| F|  |TAMS 0x00000000e1f00000, 0x00000000e1f00000| Untracked 
|  32|0x00000000e2000000, 0x00000000e2000000, 0x00000000e2100000|  0%| F|  |TAMS 0x00000000e2000000, 0x00000000e2000000| Untracked 
|  33|0x00000000e2100000, 0x00000000e2200000, 0x00000000e2200000|100%| O|  |TAMS 0x00000000e2200000, 0x00000000e2100000| Untracked 
|  34|0x00000000e2200000, 0x00000000e2200000, 0x00000000e2300000|  0%| F|  |TAMS 0x00000000e2200000, 0x00000000e2200000| Untracked 
|  35|0x00000000e2300000, 0x00000000e2400000, 0x00000000e2400000|100%| O|  |TAMS 0x00000000e2400000, 0x00000000e2300000| Untracked 
|  36|0x00000000e2400000, 0x00000000e2400000, 0x00000000e2500000|  0%| F|  |TAMS 0x00000000e2400000, 0x00000000e2400000| Untracked 
|  37|0x00000000e2500000, 0x00000000e2500000, 0x00000000e2600000|  0%| F|  |TAMS 0x00000000e2500000, 0x00000000e2500000| Untracked 
|  38|0x00000000e2600000, 0x00000000e2700000, 0x00000000e2700000|100%| O|  |TAMS 0x00000000e2600000, 0x00000000e2600000| Untracked 
|  39|0x00000000e2700000, 0x00000000e2700000, 0x00000000e2800000|  0%| F|  |TAMS 0x00000000e2700000, 0x00000000e2700000| Untracked 
|  40|0x00000000e2800000, 0x00000000e2800000, 0x00000000e2900000|  0%| F|  |TAMS 0x00000000e2800000, 0x00000000e2800000| Untracked 
|  41|0x00000000e2900000, 0x00000000e2a00000, 0x00000000e2a00000|100%| O|  |TAMS 0x00000000e2a00000, 0x00000000e2900000| Untracked 
|  42|0x00000000e2a00000, 0x00000000e2a00000, 0x00000000e2b00000|  0%| F|  |TAMS 0x00000000e2a00000, 0x00000000e2a00000| Untracked 
|  43|0x00000000e2b00000, 0x00000000e2b00000, 0x00000000e2c00000|  0%| F|  |TAMS 0x00000000e2b00000, 0x00000000e2b00000| Untracked 
|  44|0x00000000e2c00000, 0x00000000e2d00000, 0x00000000e2d00000|100%| O|  |TAMS 0x00000000e2d00000, 0x00000000e2c00000| Untracked 
|  45|0x00000000e2d00000, 0x00000000e2e00000, 0x00000000e2e00000|100%| O|  |TAMS 0x00000000e2e00000, 0x00000000e2d00000| Untracked 
|  46|0x00000000e2e00000, 0x00000000e2e00000, 0x00000000e2f00000|  0%| F|  |TAMS 0x00000000e2e00000, 0x00000000e2e00000| Untracked 
|  47|0x00000000e2f00000, 0x00000000e3000000, 0x00000000e3000000|100%| O|  |TAMS 0x00000000e2f00000, 0x00000000e2f00000| Untracked 
|  48|0x00000000e3000000, 0x00000000e3000000, 0x00000000e3100000|  0%| F|  |TAMS 0x00000000e3000000, 0x00000000e3000000| Untracked 
|  49|0x00000000e3100000, 0x00000000e3200000, 0x00000000e3200000|100%|HS|  |TAMS 0x00000000e3200000, 0x00000000e3100000| Complete 
|  50|0x00000000e3200000, 0x00000000e3300000, 0x00000000e3300000|100%|HC|  |TAMS 0x00000000e3300000, 0x00000000e3200000| Complete 
|  51|0x00000000e3300000, 0x00000000e3400000, 0x00000000e3400000|100%|HC|  |TAMS 0x00000000e3400000, 0x00000000e3300000| Complete 
|  52|0x00000000e3400000, 0x00000000e3500000, 0x00000000e3500000|100%| O|  |TAMS 0x00000000e3400000, 0x00000000e3400000| Untracked 
|  53|0x00000000e3500000, 0x00000000e3600000, 0x00000000e3600000|100%| O|  |TAMS 0x00000000e3500000, 0x00000000e3500000| Untracked 
|  54|0x00000000e3600000, 0x00000000e3700000, 0x00000000e3700000|100%| O|  |TAMS 0x00000000e3700000, 0x00000000e3600000| Untracked 
|  55|0x00000000e3700000, 0x00000000e3700000, 0x00000000e3800000|  0%| F|  |TAMS 0x00000000e3700000, 0x00000000e3700000| Untracked 
|  56|0x00000000e3800000, 0x00000000e3800000, 0x00000000e3900000|  0%| F|  |TAMS 0x00000000e3800000, 0x00000000e3800000| Untracked 
|  57|0x00000000e3900000, 0x00000000e3900000, 0x00000000e3a00000|  0%| F|  |TAMS 0x00000000e3900000, 0x00000000e3900000| Untracked 
|  58|0x00000000e3a00000, 0x00000000e3a00000, 0x00000000e3b00000|  0%| F|  |TAMS 0x00000000e3a00000, 0x00000000e3a00000| Untracked 
|  59|0x00000000e3b00000, 0x00000000e3b00000, 0x00000000e3c00000|  0%| F|  |TAMS 0x00000000e3b00000, 0x00000000e3b00000| Untracked 
|  60|0x00000000e3c00000, 0x00000000e3c00000, 0x00000000e3d00000|  0%| F|  |TAMS 0x00000000e3c00000, 0x00000000e3c00000| Untracked 
|  61|0x00000000e3d00000, 0x00000000e3e00000, 0x00000000e3e00000|100%| O|  |TAMS 0x00000000e3d00000, 0x00000000e3d00000| Untracked 
|  62|0x00000000e3e00000, 0x00000000e3f00000, 0x00000000e3f00000|100%| O|  |TAMS 0x00000000e3e00000, 0x00000000e3e00000| Untracked 
|  63|0x00000000e3f00000, 0x00000000e4000000, 0x00000000e4000000|100%| O|  |TAMS 0x00000000e3f00000, 0x00000000e3f00000| Untracked 
|  64|0x00000000e4000000, 0x00000000e4100000, 0x00000000e4100000|100%| O|  |TAMS 0x00000000e4000000, 0x00000000e4000000| Untracked 
|  65|0x00000000e4100000, 0x00000000e4100000, 0x00000000e4200000|  0%| F|  |TAMS 0x00000000e4100000, 0x00000000e4100000| Untracked 
|  66|0x00000000e4200000, 0x00000000e4300000, 0x00000000e4300000|100%| O|  |TAMS 0x00000000e4200000, 0x00000000e4200000| Untracked 
|  67|0x00000000e4300000, 0x00000000e4400000, 0x00000000e4400000|100%| O|  |TAMS 0x00000000e4300000, 0x00000000e4300000| Untracked 
|  68|0x00000000e4400000, 0x00000000e4400000, 0x00000000e4500000|  0%| F|  |TAMS 0x00000000e4400000, 0x00000000e4400000| Untracked 
|  69|0x00000000e4500000, 0x00000000e4600000, 0x00000000e4600000|100%| O|  |TAMS 0x00000000e4500000, 0x00000000e4500000| Untracked 
|  70|0x00000000e4600000, 0x00000000e4700000, 0x00000000e4700000|100%| O|  |TAMS 0x00000000e4700000, 0x00000000e4600000| Untracked 
|  71|0x00000000e4700000, 0x00000000e4800000, 0x00000000e4800000|100%| O|  |TAMS 0x00000000e4700000, 0x00000000e4700000| Untracked 
|  72|0x00000000e4800000, 0x00000000e4900000, 0x00000000e4900000|100%| O|  |TAMS 0x00000000e4900000, 0x00000000e4800000| Untracked 
|  73|0x00000000e4900000, 0x00000000e4a00000, 0x00000000e4a00000|100%| O|  |TAMS 0x00000000e4900000, 0x00000000e4900000| Untracked 
|  74|0x00000000e4a00000, 0x00000000e4a00000, 0x00000000e4b00000|  0%| F|  |TAMS 0x00000000e4a00000, 0x00000000e4a00000| Untracked 
|  75|0x00000000e4b00000, 0x00000000e4c00000, 0x00000000e4c00000|100%| O|  |TAMS 0x00000000e4b00000, 0x00000000e4b00000| Untracked 
|  76|0x00000000e4c00000, 0x00000000e4d00000, 0x00000000e4d00000|100%| O|  |TAMS 0x00000000e4c00000, 0x00000000e4c00000| Untracked 
|  77|0x00000000e4d00000, 0x00000000e4df6c00, 0x00000000e4e00000| 96%| O|  |TAMS 0x00000000e4d00000, 0x00000000e4d00000| Untracked 
|  78|0x00000000e4e00000, 0x00000000e4e00000, 0x00000000e4f00000|  0%| F|  |TAMS 0x00000000e4e00000, 0x00000000e4e00000| Untracked 
|  79|0x00000000e4f00000, 0x00000000e4f00000, 0x00000000e5000000|  0%| F|  |TAMS 0x00000000e4f00000, 0x00000000e4f00000| Untracked 
|  80|0x00000000e5000000, 0x00000000e5000000, 0x00000000e5100000|  0%| F|  |TAMS 0x00000000e5000000, 0x00000000e5000000| Untracked 
|  81|0x00000000e5100000, 0x00000000e5100000, 0x00000000e5200000|  0%| F|  |TAMS 0x00000000e5100000, 0x00000000e5100000| Untracked 
|  82|0x00000000e5200000, 0x00000000e5200000, 0x00000000e5300000|  0%| F|  |TAMS 0x00000000e5200000, 0x00000000e5200000| Untracked 
|  83|0x00000000e5300000, 0x00000000e5300000, 0x00000000e5400000|  0%| F|  |TAMS 0x00000000e5300000, 0x00000000e5300000| Untracked 
|  84|0x00000000e5400000, 0x00000000e5400000, 0x00000000e5500000|  0%| F|  |TAMS 0x00000000e5400000, 0x00000000e5400000| Untracked 
|  85|0x00000000e5500000, 0x00000000e5600000, 0x00000000e5600000|100%| O|  |TAMS 0x00000000e5600000, 0x00000000e5500000| Untracked 
|  86|0x00000000e5600000, 0x00000000e5700000, 0x00000000e5700000|100%| O|  |TAMS 0x00000000e5700000, 0x00000000e5600000| Untracked 
|  87|0x00000000e5700000, 0x00000000e5800000, 0x00000000e5800000|100%| O|  |TAMS 0x00000000e5800000, 0x00000000e5700000| Untracked 
|  88|0x00000000e5800000, 0x00000000e5800000, 0x00000000e5900000|  0%| F|  |TAMS 0x00000000e5800000, 0x00000000e5800000| Untracked 
|  89|0x00000000e5900000, 0x00000000e5900000, 0x00000000e5a00000|  0%| F|  |TAMS 0x00000000e5900000, 0x00000000e5900000| Untracked 
|  90|0x00000000e5a00000, 0x00000000e5a00000, 0x00000000e5b00000|  0%| F|  |TAMS 0x00000000e5a00000, 0x00000000e5a00000| Untracked 
|  91|0x00000000e5b00000, 0x00000000e5c00000, 0x00000000e5c00000|100%| O|  |TAMS 0x00000000e5c00000, 0x00000000e5b00000| Untracked 
|  92|0x00000000e5c00000, 0x00000000e5d00000, 0x00000000e5d00000|100%| O|  |TAMS 0x00000000e5d00000, 0x00000000e5c00000| Untracked 
|  93|0x00000000e5d00000, 0x00000000e5d00000, 0x00000000e5e00000|  0%| F|  |TAMS 0x00000000e5d00000, 0x00000000e5d00000| Untracked 
|  94|0x00000000e5e00000, 0x00000000e5e00000, 0x00000000e5f00000|  0%| F|  |TAMS 0x00000000e5e00000, 0x00000000e5e00000| Untracked 
|  95|0x00000000e5f00000, 0x00000000e6000000, 0x00000000e6000000|100%| O|  |TAMS 0x00000000e6000000, 0x00000000e5f00000| Untracked 
|  96|0x00000000e6000000, 0x00000000e6100000, 0x00000000e6100000|100%| O|  |TAMS 0x00000000e6100000, 0x00000000e6000000| Untracked 
|  97|0x00000000e6100000, 0x00000000e6200000, 0x00000000e6200000|100%| O|  |TAMS 0x00000000e6200000, 0x00000000e6100000| Untracked 
|  98|0x00000000e6200000, 0x00000000e6300000, 0x00000000e6300000|100%| O|  |TAMS 0x00000000e6300000, 0x00000000e6200000| Untracked 
|  99|0x00000000e6300000, 0x00000000e6400000, 0x00000000e6400000|100%| O|  |TAMS 0x00000000e6400000, 0x00000000e6300000| Untracked 
| 100|0x00000000e6400000, 0x00000000e6500000, 0x00000000e6500000|100%| O|  |TAMS 0x00000000e6500000, 0x00000000e6400000| Untracked 
| 101|0x00000000e6500000, 0x00000000e6600000, 0x00000000e6600000|100%| O|  |TAMS 0x00000000e6600000, 0x00000000e6500000| Untracked 
| 102|0x00000000e6600000, 0x00000000e6700000, 0x00000000e6700000|100%| O|  |TAMS 0x00000000e6700000, 0x00000000e6600000| Untracked 
| 103|0x00000000e6700000, 0x00000000e6800000, 0x00000000e6800000|100%| O|  |TAMS 0x00000000e6800000, 0x00000000e6700000| Untracked 
| 104|0x00000000e6800000, 0x00000000e6900000, 0x00000000e6900000|100%| O|  |TAMS 0x00000000e6900000, 0x00000000e6800000| Untracked 
| 105|0x00000000e6900000, 0x00000000e6a00000, 0x00000000e6a00000|100%| O|  |TAMS 0x00000000e6a00000, 0x00000000e6900000| Untracked 
| 106|0x00000000e6a00000, 0x00000000e6b00000, 0x00000000e6b00000|100%| O|  |TAMS 0x00000000e6b00000, 0x00000000e6a00000| Untracked 
| 107|0x00000000e6b00000, 0x00000000e6c00000, 0x00000000e6c00000|100%| O|  |TAMS 0x00000000e6c00000, 0x00000000e6b00000| Untracked 
| 108|0x00000000e6c00000, 0x00000000e6d00000, 0x00000000e6d00000|100%| O|  |TAMS 0x00000000e6d00000, 0x00000000e6c00000| Untracked 
| 109|0x00000000e6d00000, 0x00000000e6e00000, 0x00000000e6e00000|100%| O|  |TAMS 0x00000000e6e00000, 0x00000000e6d00000| Untracked 
| 110|0x00000000e6e00000, 0x00000000e6f00000, 0x00000000e6f00000|100%| O|  |TAMS 0x00000000e6f00000, 0x00000000e6e00000| Untracked 
| 111|0x00000000e6f00000, 0x00000000e7000000, 0x00000000e7000000|100%| O|  |TAMS 0x00000000e7000000, 0x00000000e6f00000| Untracked 
| 112|0x00000000e7000000, 0x00000000e7100000, 0x00000000e7100000|100%| O|  |TAMS 0x00000000e7100000, 0x00000000e7000000| Untracked 
| 113|0x00000000e7100000, 0x00000000e7200000, 0x00000000e7200000|100%| O|  |TAMS 0x00000000e7200000, 0x00000000e7100000| Untracked 
| 114|0x00000000e7200000, 0x00000000e7300000, 0x00000000e7300000|100%| O|  |TAMS 0x00000000e7300000, 0x00000000e7200000| Untracked 
| 115|0x00000000e7300000, 0x00000000e7400000, 0x00000000e7400000|100%| O|  |TAMS 0x00000000e7400000, 0x00000000e7300000| Untracked 
| 116|0x00000000e7400000, 0x00000000e7500000, 0x00000000e7500000|100%| O|  |TAMS 0x00000000e7500000, 0x00000000e7400000| Untracked 
| 117|0x00000000e7500000, 0x00000000e7500000, 0x00000000e7600000|  0%| F|  |TAMS 0x00000000e7500000, 0x00000000e7500000| Untracked 
| 118|0x00000000e7600000, 0x00000000e7600000, 0x00000000e7700000|  0%| F|  |TAMS 0x00000000e7600000, 0x00000000e7600000| Untracked 
| 119|0x00000000e7700000, 0x00000000e7800000, 0x00000000e7800000|100%| O|  |TAMS 0x00000000e7780000, 0x00000000e7700000| Untracked 
| 120|0x00000000e7800000, 0x00000000e7900000, 0x00000000e7900000|100%| O|  |TAMS 0x00000000e7800000, 0x00000000e7800000| Untracked 
| 121|0x00000000e7900000, 0x00000000e7a00000, 0x00000000e7a00000|100%| O|  |TAMS 0x00000000e7900000, 0x00000000e7900000| Untracked 
| 122|0x00000000e7a00000, 0x00000000e7b00000, 0x00000000e7b00000|100%| O|  |TAMS 0x00000000e7a00000, 0x00000000e7a00000| Untracked 
| 123|0x00000000e7b00000, 0x00000000e7c00000, 0x00000000e7c00000|100%| O|  |TAMS 0x00000000e7b00000, 0x00000000e7b00000| Untracked 
| 124|0x00000000e7c00000, 0x00000000e7d00000, 0x00000000e7d00000|100%| O|  |TAMS 0x00000000e7c00000, 0x00000000e7c00000| Untracked 
| 125|0x00000000e7d00000, 0x00000000e7e00000, 0x00000000e7e00000|100%| O|  |TAMS 0x00000000e7d00000, 0x00000000e7d00000| Untracked 
| 126|0x00000000e7e00000, 0x00000000e7f00000, 0x00000000e7f00000|100%| O|  |TAMS 0x00000000e7e00000, 0x00000000e7e00000| Untracked 
| 127|0x00000000e7f00000, 0x00000000e8000000, 0x00000000e8000000|100%| O|  |TAMS 0x00000000e7f00000, 0x00000000e7f00000| Untracked 
| 128|0x00000000e8000000, 0x00000000e8100000, 0x00000000e8100000|100%| O|  |TAMS 0x00000000e8000000, 0x00000000e8000000| Untracked 
| 129|0x00000000e8100000, 0x00000000e8200000, 0x00000000e8200000|100%| O|  |TAMS 0x00000000e8100000, 0x00000000e8100000| Untracked 
| 130|0x00000000e8200000, 0x00000000e8300000, 0x00000000e8300000|100%| O|  |TAMS 0x00000000e8200000, 0x00000000e8200000| Untracked 
| 131|0x00000000e8300000, 0x00000000e8400000, 0x00000000e8400000|100%| O|  |TAMS 0x00000000e8300000, 0x00000000e8300000| Untracked 
| 132|0x00000000e8400000, 0x00000000e8500000, 0x00000000e8500000|100%| O|  |TAMS 0x00000000e8400000, 0x00000000e8400000| Untracked 
| 133|0x00000000e8500000, 0x00000000e8500000, 0x00000000e8600000|  0%| F|  |TAMS 0x00000000e8500000, 0x00000000e8500000| Untracked 
| 134|0x00000000e8600000, 0x00000000e8600000, 0x00000000e8700000|  0%| F|  |TAMS 0x00000000e8600000, 0x00000000e8600000| Untracked 
| 135|0x00000000e8700000, 0x00000000e8700000, 0x00000000e8800000|  0%| F|  |TAMS 0x00000000e8700000, 0x00000000e8700000| Untracked 
| 136|0x00000000e8800000, 0x00000000e8800000, 0x00000000e8900000|  0%| F|  |TAMS 0x00000000e8800000, 0x00000000e8800000| Untracked 
| 137|0x00000000e8900000, 0x00000000e8900000, 0x00000000e8a00000|  0%| F|  |TAMS 0x00000000e8900000, 0x00000000e8900000| Untracked 
| 138|0x00000000e8a00000, 0x00000000e8a00000, 0x00000000e8b00000|  0%| F|  |TAMS 0x00000000e8a00000, 0x00000000e8a00000| Untracked 
| 139|0x00000000e8b00000, 0x00000000e8b00000, 0x00000000e8c00000|  0%| F|  |TAMS 0x00000000e8b00000, 0x00000000e8b00000| Untracked 
| 140|0x00000000e8c00000, 0x00000000e8c00000, 0x00000000e8d00000|  0%| F|  |TAMS 0x00000000e8c00000, 0x00000000e8c00000| Untracked 
| 141|0x00000000e8d00000, 0x00000000e8d00000, 0x00000000e8e00000|  0%| F|  |TAMS 0x00000000e8d00000, 0x00000000e8d00000| Untracked 
| 142|0x00000000e8e00000, 0x00000000e8e00000, 0x00000000e8f00000|  0%| F|  |TAMS 0x00000000e8e00000, 0x00000000e8e00000| Untracked 
| 143|0x00000000e8f00000, 0x00000000e8f00000, 0x00000000e9000000|  0%| F|  |TAMS 0x00000000e8f00000, 0x00000000e8f00000| Untracked 
| 144|0x00000000e9000000, 0x00000000e9000000, 0x00000000e9100000|  0%| F|  |TAMS 0x00000000e9000000, 0x00000000e9000000| Untracked 
| 145|0x00000000e9100000, 0x00000000e9100000, 0x00000000e9200000|  0%| F|  |TAMS 0x00000000e9100000, 0x00000000e9100000| Untracked 
| 146|0x00000000e9200000, 0x00000000e9200000, 0x00000000e9300000|  0%| F|  |TAMS 0x00000000e9200000, 0x00000000e9200000| Untracked 
| 147|0x00000000e9300000, 0x00000000e9300000, 0x00000000e9400000|  0%| F|  |TAMS 0x00000000e9300000, 0x00000000e9300000| Untracked 
| 148|0x00000000e9400000, 0x00000000e9400000, 0x00000000e9500000|  0%| F|  |TAMS 0x00000000e9400000, 0x00000000e9400000| Untracked 
| 149|0x00000000e9500000, 0x00000000e9500000, 0x00000000e9600000|  0%| F|  |TAMS 0x00000000e9500000, 0x00000000e9500000| Untracked 
| 150|0x00000000e9600000, 0x00000000e9600000, 0x00000000e9700000|  0%| F|  |TAMS 0x00000000e9600000, 0x00000000e9600000| Untracked 
| 151|0x00000000e9700000, 0x00000000e9700000, 0x00000000e9800000|  0%| F|  |TAMS 0x00000000e9700000, 0x00000000e9700000| Untracked 
| 152|0x00000000e9800000, 0x00000000e9800000, 0x00000000e9900000|  0%| F|  |TAMS 0x00000000e9800000, 0x00000000e9800000| Untracked 
| 153|0x00000000e9900000, 0x00000000e9900000, 0x00000000e9a00000|  0%| F|  |TAMS 0x00000000e9900000, 0x00000000e9900000| Untracked 
| 154|0x00000000e9a00000, 0x00000000e9a00000, 0x00000000e9b00000|  0%| F|  |TAMS 0x00000000e9a00000, 0x00000000e9a00000| Untracked 
| 155|0x00000000e9b00000, 0x00000000e9b00000, 0x00000000e9c00000|  0%| F|  |TAMS 0x00000000e9b00000, 0x00000000e9b00000| Untracked 
| 156|0x00000000e9c00000, 0x00000000e9c00000, 0x00000000e9d00000|  0%| F|  |TAMS 0x00000000e9c00000, 0x00000000e9c00000| Untracked 
| 157|0x00000000e9d00000, 0x00000000e9d00000, 0x00000000e9e00000|  0%| F|  |TAMS 0x00000000e9d00000, 0x00000000e9d00000| Untracked 
| 158|0x00000000e9e00000, 0x00000000e9e00000, 0x00000000e9f00000|  0%| F|  |TAMS 0x00000000e9e00000, 0x00000000e9e00000| Untracked 
| 159|0x00000000e9f00000, 0x00000000e9f00000, 0x00000000ea000000|  0%| F|  |TAMS 0x00000000e9f00000, 0x00000000e9f00000| Untracked 
| 160|0x00000000ea000000, 0x00000000ea000000, 0x00000000ea100000|  0%| F|  |TAMS 0x00000000ea000000, 0x00000000ea000000| Untracked 
| 161|0x00000000ea100000, 0x00000000ea100000, 0x00000000ea200000|  0%| F|  |TAMS 0x00000000ea100000, 0x00000000ea100000| Untracked 
| 162|0x00000000ea200000, 0x00000000ea200000, 0x00000000ea300000|  0%| F|  |TAMS 0x00000000ea200000, 0x00000000ea200000| Untracked 
| 163|0x00000000ea300000, 0x00000000ea300000, 0x00000000ea400000|  0%| F|  |TAMS 0x00000000ea300000, 0x00000000ea300000| Untracked 
| 164|0x00000000ea400000, 0x00000000ea400000, 0x00000000ea500000|  0%| F|  |TAMS 0x00000000ea400000, 0x00000000ea400000| Untracked 
| 165|0x00000000ea500000, 0x00000000ea500000, 0x00000000ea600000|  0%| F|  |TAMS 0x00000000ea500000, 0x00000000ea500000| Untracked 
| 166|0x00000000ea600000, 0x00000000ea600000, 0x00000000ea700000|  0%| F|  |TAMS 0x00000000ea600000, 0x00000000ea600000| Untracked 
| 167|0x00000000ea700000, 0x00000000ea700000, 0x00000000ea800000|  0%| F|  |TAMS 0x00000000ea700000, 0x00000000ea700000| Untracked 
| 168|0x00000000ea800000, 0x00000000ea800000, 0x00000000ea900000|  0%| F|  |TAMS 0x00000000ea800000, 0x00000000ea800000| Untracked 
| 169|0x00000000ea900000, 0x00000000ea900000, 0x00000000eaa00000|  0%| F|  |TAMS 0x00000000ea900000, 0x00000000ea900000| Untracked 
| 170|0x00000000eaa00000, 0x00000000eaa00000, 0x00000000eab00000|  0%| F|  |TAMS 0x00000000eaa00000, 0x00000000eaa00000| Untracked 
| 171|0x00000000eab00000, 0x00000000eab00000, 0x00000000eac00000|  0%| F|  |TAMS 0x00000000eab00000, 0x00000000eab00000| Untracked 
| 172|0x00000000eac00000, 0x00000000eac00000, 0x00000000ead00000|  0%| F|  |TAMS 0x00000000eac00000, 0x00000000eac00000| Untracked 
| 173|0x00000000ead00000, 0x00000000ead00000, 0x00000000eae00000|  0%| F|  |TAMS 0x00000000ead00000, 0x00000000ead00000| Untracked 
| 174|0x00000000eae00000, 0x00000000eae00000, 0x00000000eaf00000|  0%| F|  |TAMS 0x00000000eae00000, 0x00000000eae00000| Untracked 
| 175|0x00000000eaf00000, 0x00000000eaf00000, 0x00000000eb000000|  0%| F|  |TAMS 0x00000000eaf00000, 0x00000000eaf00000| Untracked 
| 176|0x00000000eb000000, 0x00000000eb000000, 0x00000000eb100000|  0%| F|  |TAMS 0x00000000eb000000, 0x00000000eb000000| Untracked 
| 177|0x00000000eb100000, 0x00000000eb100000, 0x00000000eb200000|  0%| F|  |TAMS 0x00000000eb100000, 0x00000000eb100000| Untracked 
| 178|0x00000000eb200000, 0x00000000eb200000, 0x00000000eb300000|  0%| F|  |TAMS 0x00000000eb200000, 0x00000000eb200000| Untracked 
| 179|0x00000000eb300000, 0x00000000eb300000, 0x00000000eb400000|  0%| F|  |TAMS 0x00000000eb300000, 0x00000000eb300000| Untracked 
| 180|0x00000000eb400000, 0x00000000eb400000, 0x00000000eb500000|  0%| F|  |TAMS 0x00000000eb400000, 0x00000000eb400000| Untracked 
| 181|0x00000000eb500000, 0x00000000eb500000, 0x00000000eb600000|  0%| F|  |TAMS 0x00000000eb500000, 0x00000000eb500000| Untracked 
| 182|0x00000000eb600000, 0x00000000eb600000, 0x00000000eb700000|  0%| F|  |TAMS 0x00000000eb600000, 0x00000000eb600000| Untracked 
| 183|0x00000000eb700000, 0x00000000eb700000, 0x00000000eb800000|  0%| F|  |TAMS 0x00000000eb700000, 0x00000000eb700000| Untracked 
| 184|0x00000000eb800000, 0x00000000eb800000, 0x00000000eb900000|  0%| F|  |TAMS 0x00000000eb800000, 0x00000000eb800000| Untracked 
| 185|0x00000000eb900000, 0x00000000eb900000, 0x00000000eba00000|  0%| F|  |TAMS 0x00000000eb900000, 0x00000000eb900000| Untracked 
| 186|0x00000000eba00000, 0x00000000eba00000, 0x00000000ebb00000|  0%| F|  |TAMS 0x00000000eba00000, 0x00000000eba00000| Untracked 
| 187|0x00000000ebb00000, 0x00000000ebb00000, 0x00000000ebc00000|  0%| F|  |TAMS 0x00000000ebb00000, 0x00000000ebb00000| Untracked 
| 188|0x00000000ebc00000, 0x00000000ebc00000, 0x00000000ebd00000|  0%| F|  |TAMS 0x00000000ebc00000, 0x00000000ebc00000| Untracked 
| 189|0x00000000ebd00000, 0x00000000ebd00000, 0x00000000ebe00000|  0%| F|  |TAMS 0x00000000ebd00000, 0x00000000ebd00000| Untracked 
| 190|0x00000000ebe00000, 0x00000000ebe00000, 0x00000000ebf00000|  0%| F|  |TAMS 0x00000000ebe00000, 0x00000000ebe00000| Untracked 
| 191|0x00000000ebf00000, 0x00000000ebf00000, 0x00000000ec000000|  0%| F|  |TAMS 0x00000000ebf00000, 0x00000000ebf00000| Untracked 
| 192|0x00000000ec000000, 0x00000000ec000000, 0x00000000ec100000|  0%| F|  |TAMS 0x00000000ec000000, 0x00000000ec000000| Untracked 
| 193|0x00000000ec100000, 0x00000000ec100000, 0x00000000ec200000|  0%| F|  |TAMS 0x00000000ec100000, 0x00000000ec100000| Untracked 
| 194|0x00000000ec200000, 0x00000000ec200000, 0x00000000ec300000|  0%| F|  |TAMS 0x00000000ec200000, 0x00000000ec200000| Untracked 
| 195|0x00000000ec300000, 0x00000000ec300000, 0x00000000ec400000|  0%| F|  |TAMS 0x00000000ec300000, 0x00000000ec300000| Untracked 
| 196|0x00000000ec400000, 0x00000000ec400000, 0x00000000ec500000|  0%| F|  |TAMS 0x00000000ec400000, 0x00000000ec400000| Untracked 
| 197|0x00000000ec500000, 0x00000000ec500000, 0x00000000ec600000|  0%| F|  |TAMS 0x00000000ec500000, 0x00000000ec500000| Untracked 
| 198|0x00000000ec600000, 0x00000000ec600000, 0x00000000ec700000|  0%| F|  |TAMS 0x00000000ec600000, 0x00000000ec600000| Untracked 
| 199|0x00000000ec700000, 0x00000000ec700000, 0x00000000ec800000|  0%| F|  |TAMS 0x00000000ec700000, 0x00000000ec700000| Untracked 
| 200|0x00000000ec800000, 0x00000000ec800000, 0x00000000ec900000|  0%| F|  |TAMS 0x00000000ec800000, 0x00000000ec800000| Untracked 
| 201|0x00000000ec900000, 0x00000000ec900000, 0x00000000eca00000|  0%| F|  |TAMS 0x00000000ec900000, 0x00000000ec900000| Untracked 
| 202|0x00000000eca00000, 0x00000000eca00000, 0x00000000ecb00000|  0%| F|  |TAMS 0x00000000eca00000, 0x00000000eca00000| Untracked 
| 203|0x00000000ecb00000, 0x00000000ecb00000, 0x00000000ecc00000|  0%| F|  |TAMS 0x00000000ecb00000, 0x00000000ecb00000| Untracked 
| 204|0x00000000ecc00000, 0x00000000ecc00000, 0x00000000ecd00000|  0%| F|  |TAMS 0x00000000ecc00000, 0x00000000ecc00000| Untracked 
| 205|0x00000000ecd00000, 0x00000000ecd00000, 0x00000000ece00000|  0%| F|  |TAMS 0x00000000ecd00000, 0x00000000ecd00000| Untracked 
| 206|0x00000000ece00000, 0x00000000ece00000, 0x00000000ecf00000|  0%| F|  |TAMS 0x00000000ece00000, 0x00000000ece00000| Untracked 
| 207|0x00000000ecf00000, 0x00000000ecf00000, 0x00000000ed000000|  0%| F|  |TAMS 0x00000000ecf00000, 0x00000000ecf00000| Untracked 
| 208|0x00000000ed000000, 0x00000000ed000000, 0x00000000ed100000|  0%| F|  |TAMS 0x00000000ed000000, 0x00000000ed000000| Untracked 
| 209|0x00000000ed100000, 0x00000000ed100000, 0x00000000ed200000|  0%| F|  |TAMS 0x00000000ed100000, 0x00000000ed100000| Untracked 
| 210|0x00000000ed200000, 0x00000000ed200000, 0x00000000ed300000|  0%| F|  |TAMS 0x00000000ed200000, 0x00000000ed200000| Untracked 
| 211|0x00000000ed300000, 0x00000000ed300000, 0x00000000ed400000|  0%| F|  |TAMS 0x00000000ed300000, 0x00000000ed300000| Untracked 
| 212|0x00000000ed400000, 0x00000000ed400000, 0x00000000ed500000|  0%| F|  |TAMS 0x00000000ed400000, 0x00000000ed400000| Untracked 
| 213|0x00000000ed500000, 0x00000000ed500000, 0x00000000ed600000|  0%| F|  |TAMS 0x00000000ed500000, 0x00000000ed500000| Untracked 
| 214|0x00000000ed600000, 0x00000000ed600000, 0x00000000ed700000|  0%| F|  |TAMS 0x00000000ed600000, 0x00000000ed600000| Untracked 
| 215|0x00000000ed700000, 0x00000000ed700000, 0x00000000ed800000|  0%| F|  |TAMS 0x00000000ed700000, 0x00000000ed700000| Untracked 
| 216|0x00000000ed800000, 0x00000000ed800000, 0x00000000ed900000|  0%| F|  |TAMS 0x00000000ed800000, 0x00000000ed800000| Untracked 
| 217|0x00000000ed900000, 0x00000000ed900000, 0x00000000eda00000|  0%| F|  |TAMS 0x00000000ed900000, 0x00000000ed900000| Untracked 
| 218|0x00000000eda00000, 0x00000000eda00000, 0x00000000edb00000|  0%| F|  |TAMS 0x00000000eda00000, 0x00000000eda00000| Untracked 
| 219|0x00000000edb00000, 0x00000000edb00000, 0x00000000edc00000|  0%| F|  |TAMS 0x00000000edb00000, 0x00000000edb00000| Untracked 
| 220|0x00000000edc00000, 0x00000000edc00000, 0x00000000edd00000|  0%| F|  |TAMS 0x00000000edc00000, 0x00000000edc00000| Untracked 
| 221|0x00000000edd00000, 0x00000000edd00000, 0x00000000ede00000|  0%| F|  |TAMS 0x00000000edd00000, 0x00000000edd00000| Untracked 
| 222|0x00000000ede00000, 0x00000000ede00000, 0x00000000edf00000|  0%| F|  |TAMS 0x00000000ede00000, 0x00000000ede00000| Untracked 
| 223|0x00000000edf00000, 0x00000000edf00000, 0x00000000ee000000|  0%| F|  |TAMS 0x00000000edf00000, 0x00000000edf00000| Untracked 
| 224|0x00000000ee000000, 0x00000000ee000000, 0x00000000ee100000|  0%| F|  |TAMS 0x00000000ee000000, 0x00000000ee000000| Untracked 
| 225|0x00000000ee100000, 0x00000000ee100000, 0x00000000ee200000|  0%| F|  |TAMS 0x00000000ee100000, 0x00000000ee100000| Untracked 
| 226|0x00000000ee200000, 0x00000000ee200000, 0x00000000ee300000|  0%| F|  |TAMS 0x00000000ee200000, 0x00000000ee200000| Untracked 
| 227|0x00000000ee300000, 0x00000000ee300000, 0x00000000ee400000|  0%| F|  |TAMS 0x00000000ee300000, 0x00000000ee300000| Untracked 
| 228|0x00000000ee400000, 0x00000000ee400000, 0x00000000ee500000|  0%| F|  |TAMS 0x00000000ee400000, 0x00000000ee400000| Untracked 
| 229|0x00000000ee500000, 0x00000000ee500000, 0x00000000ee600000|  0%| F|  |TAMS 0x00000000ee500000, 0x00000000ee500000| Untracked 
| 230|0x00000000ee600000, 0x00000000ee600000, 0x00000000ee700000|  0%| F|  |TAMS 0x00000000ee600000, 0x00000000ee600000| Untracked 
| 231|0x00000000ee700000, 0x00000000ee700000, 0x00000000ee800000|  0%| F|  |TAMS 0x00000000ee700000, 0x00000000ee700000| Untracked 
| 232|0x00000000ee800000, 0x00000000ee800000, 0x00000000ee900000|  0%| F|  |TAMS 0x00000000ee800000, 0x00000000ee800000| Untracked 
| 233|0x00000000ee900000, 0x00000000ee900000, 0x00000000eea00000|  0%| F|  |TAMS 0x00000000ee900000, 0x00000000ee900000| Untracked 
| 234|0x00000000eea00000, 0x00000000eea00000, 0x00000000eeb00000|  0%| F|  |TAMS 0x00000000eea00000, 0x00000000eea00000| Untracked 
| 235|0x00000000eeb00000, 0x00000000eeb00000, 0x00000000eec00000|  0%| F|  |TAMS 0x00000000eeb00000, 0x00000000eeb00000| Untracked 
| 236|0x00000000eec00000, 0x00000000eec00000, 0x00000000eed00000|  0%| F|  |TAMS 0x00000000eec00000, 0x00000000eec00000| Untracked 
| 237|0x00000000eed00000, 0x00000000eed00000, 0x00000000eee00000|  0%| F|  |TAMS 0x00000000eed00000, 0x00000000eed00000| Untracked 
| 238|0x00000000eee00000, 0x00000000eee00000, 0x00000000eef00000|  0%| F|  |TAMS 0x00000000eee00000, 0x00000000eee00000| Untracked 
| 239|0x00000000eef00000, 0x00000000eef00000, 0x00000000ef000000|  0%| F|  |TAMS 0x00000000eef00000, 0x00000000eef00000| Untracked 
| 240|0x00000000ef000000, 0x00000000ef000000, 0x00000000ef100000|  0%| F|  |TAMS 0x00000000ef000000, 0x00000000ef000000| Untracked 
| 241|0x00000000ef100000, 0x00000000ef100000, 0x00000000ef200000|  0%| F|  |TAMS 0x00000000ef100000, 0x00000000ef100000| Untracked 
| 242|0x00000000ef200000, 0x00000000ef2f0780, 0x00000000ef300000| 93%| S|CS|TAMS 0x00000000ef200000, 0x00000000ef200000| Complete 
| 243|0x00000000ef300000, 0x00000000ef400000, 0x00000000ef400000|100%| S|CS|TAMS 0x00000000ef300000, 0x00000000ef300000| Complete 
| 244|0x00000000ef400000, 0x00000000ef400000, 0x00000000ef500000|  0%| F|  |TAMS 0x00000000ef400000, 0x00000000ef400000| Untracked 
| 245|0x00000000ef500000, 0x00000000ef500000, 0x00000000ef600000|  0%| F|  |TAMS 0x00000000ef500000, 0x00000000ef500000| Untracked 
| 246|0x00000000ef600000, 0x00000000ef600000, 0x00000000ef700000|  0%| F|  |TAMS 0x00000000ef600000, 0x00000000ef600000| Untracked 
| 247|0x00000000ef700000, 0x00000000ef700000, 0x00000000ef800000|  0%| F|  |TAMS 0x00000000ef700000, 0x00000000ef700000| Untracked 
| 248|0x00000000ef800000, 0x00000000ef800000, 0x00000000ef900000|  0%| F|  |TAMS 0x00000000ef800000, 0x00000000ef800000| Untracked 
| 249|0x00000000ef900000, 0x00000000ef900000, 0x00000000efa00000|  0%| F|  |TAMS 0x00000000ef900000, 0x00000000ef900000| Untracked 
| 250|0x00000000efa00000, 0x00000000efa00000, 0x00000000efb00000|  0%| F|  |TAMS 0x00000000efa00000, 0x00000000efa00000| Untracked 
| 251|0x00000000efb00000, 0x00000000efb00000, 0x00000000efc00000|  0%| F|  |TAMS 0x00000000efb00000, 0x00000000efb00000| Untracked 
| 252|0x00000000efc00000, 0x00000000efc00000, 0x00000000efd00000|  0%| F|  |TAMS 0x00000000efc00000, 0x00000000efc00000| Untracked 
| 253|0x00000000efd00000, 0x00000000efd80650, 0x00000000efe00000| 50%| E|  |TAMS 0x00000000efd00000, 0x00000000efd00000| Complete 
| 254|0x00000000efe00000, 0x00000000eff00000, 0x00000000eff00000|100%| E|CS|TAMS 0x00000000efe00000, 0x00000000efe00000| Complete 
| 255|0x00000000eff00000, 0x00000000f0000000, 0x00000000f0000000|100%| E|CS|TAMS 0x00000000eff00000, 0x00000000eff00000| Complete 

Card table byte_map: [0x000001f7a6c80000,0x000001f7a6d80000] _byte_map_base: 0x000001f7a6580000

Marking Bits (Prev, Next): (CMBitMap*) 0x000001f78d726158, (CMBitMap*) 0x000001f78d726198
 Prev Bits: [0x000001f7a6e80000, 0x000001f7a7680000)
 Next Bits: [0x000001f7a7680000, 0x000001f7a7e80000)

Polling page: 0x000001f78d5b0000

Metaspace:

Usage:
  Non-class:     78.72 MB capacity,    76.72 MB ( 97%) used,     1.77 MB (  2%) free+waste,   243.75 KB ( <1%) overhead. 
      Class:     12.25 MB capacity,    11.18 MB ( 91%) used,   981.60 KB (  8%) free+waste,   110.50 KB ( <1%) overhead. 
       Both:     90.97 MB capacity,    87.90 MB ( 97%) used,     2.73 MB (  3%) free+waste,   354.25 KB ( <1%) overhead. 

Virtual space:
  Non-class space:       80.00 MB reserved,      79.00 MB ( 99%) committed 
      Class space:      248.00 MB reserved,      12.38 MB (  5%) committed 
             Both:      328.00 MB reserved,      91.38 MB ( 28%) committed 

Chunk freelists:
   Non-Class:  86.00 KB
       Class:  31.00 KB
        Both:  117.00 KB

MaxMetaspaceSize: 256.00 MB
CompressedClassSpaceSize: 248.00 MB

CodeHeap 'non-profiled nmethods': size=120064Kb used=9310Kb max_used=9310Kb free=110753Kb
 bounds [0x000001f79eee0000, 0x000001f79f800000, 0x000001f7a6420000]
CodeHeap 'profiled nmethods': size=120000Kb used=27821Kb max_used=28289Kb free=92178Kb
 bounds [0x000001f7979b0000, 0x000001f799570000, 0x000001f79eee0000]
CodeHeap 'non-nmethods': size=5696Kb used=2456Kb max_used=2520Kb free=3239Kb
 bounds [0x000001f797420000, 0x000001f7976b0000, 0x000001f7979b0000]
 total_blobs=20447 nmethods=12423 adapters=866
 compilation: enabled
              stopped_count=0, restarted_count=0
 full_count=0

Compilation events (20 events):
Event: 2102.251 Thread 0x000001f7aa4a2000 nmethod 14887 0x000001f798212f90 code [0x000001f798213160, 0x000001f7982136a0]
Event: 2102.256 Thread 0x000001f7aa4a2000 14889   !   3       jdk.internal.loader.URLClassPath$FileLoader::getResource (164 bytes)
Event: 2102.258 Thread 0x000001f7aa4a2000 nmethod 14889 0x000001f79819d690 code [0x000001f79819da00, 0x000001f79819f0b0]
Event: 2102.264 Thread 0x000001f7aa4a2000 14891       3       com.google.common.collect.CompactHashSet$1::next (57 bytes)
Event: 2102.265 Thread 0x000001f7aa4a2000 nmethod 14891 0x000001f798cbd590 code [0x000001f798cbd780, 0x000001f798cbdd40]
Event: 2102.265 Thread 0x000001f7aa4a2000 14894       3       com.google.common.collect.AbstractMapBasedMultimap$KeySet::iterator (25 bytes)
Event: 2102.265 Thread 0x000001f7aa4a2000 nmethod 14894 0x000001f798565a10 code [0x000001f798565c00, 0x000001f7985661a0]
Event: 2102.265 Thread 0x000001f7aa4a2000 14892       3       com.google.common.collect.CompactHashSet$1::checkForConcurrentModification (23 bytes)
Event: 2102.266 Thread 0x000001f7aa4a2000 nmethod 14892 0x000001f7984b4f90 code [0x000001f7984b5140, 0x000001f7984b53f0]
Event: 2102.266 Thread 0x000001f7aa4a2000 14893       3       com.google.common.collect.CompactHashSet::getSuccessor (18 bytes)
Event: 2102.266 Thread 0x000001f7aa4a2000 nmethod 14893 0x000001f7989ffb90 code [0x000001f7989ffd40, 0x000001f7989fff18]
Event: 2102.271 Thread 0x000001f7aa4a0000 nmethod 14881 0x000001f79f53bb90 code [0x000001f79f53bd80, 0x000001f79f53d2a8]
Event: 2102.271 Thread 0x000001f7aa4a0000 14885   !   4       java.util.concurrent.ConcurrentHashMap::replaceNode (437 bytes)
Event: 2102.288 Thread 0x000001f7aa4a0000 nmethod 14885 0x000001f79f5e1a90 code [0x000001f79f5e1c40, 0x000001f79f5e25e8]
Event: 2102.288 Thread 0x000001f7aa4a0000 14888       4       java.lang.reflect.Method::getTypeParameters (20 bytes)
Event: 2102.303 Thread 0x000001f7aa4a0000 nmethod 14888 0x000001f79f53ae10 code [0x000001f79f53afe0, 0x000001f79f53b6f8]
Event: 2102.303 Thread 0x000001f7aa4a0000 14890       4       org.gradle.internal.reflect.PropertyAccessorType::takesSingleParameter (14 bytes)
Event: 2102.303 Thread 0x000001f7aa4a0000 nmethod 14890 0x000001f79f6d3390 code [0x000001f79f6d3520, 0x000001f79f6d3598]
Event: 2102.303 Thread 0x000001f7aa4a0000 14880       4       java.beans.MethodDescriptor::<init> (48 bytes)
Event: 2102.343 Thread 0x000001f7aa4a0000 nmethod 14880 0x000001f79f7f5d90 code [0x000001f79f7f6020, 0x000001f79f7f7680]

GC Heap History (20 events):
Event: 54.621 GC heap before
{Heap before GC invocations=12 (full 0):
 garbage-first heap   total 262144K, used 169395K [0x00000000e0000000, 0x0000000100000000)
  region size 1024K, 115 young (117760K), 5 survivors (5120K)
 Metaspace       used 63541K, capacity 65711K, committed 66048K, reserved 311296K
  class space    used 8592K, capacity 9373K, committed 9472K, reserved 253952K
}
Event: 54.645 GC heap after
{Heap after GC invocations=13 (full 0):
 garbage-first heap   total 262144K, used 70144K [0x00000000e0000000, 0x0000000100000000)
  region size 1024K, 15 young (15360K), 15 survivors (15360K)
 Metaspace       used 63541K, capacity 65711K, committed 66048K, reserved 311296K
  class space    used 8592K, capacity 9373K, committed 9472K, reserved 253952K
}
Event: 63.120 GC heap before
{Heap before GC invocations=13 (full 0):
 garbage-first heap   total 262144K, used 178688K [0x00000000e0000000, 0x0000000100000000)
  region size 1024K, 121 young (123904K), 15 survivors (15360K)
 Metaspace       used 71917K, capacity 74329K, committed 74496K, reserved 319488K
  class space    used 9547K, capacity 10373K, committed 10496K, reserved 253952K
}
Event: 63.178 GC heap after
{Heap after GC invocations=14 (full 0):
 garbage-first heap   total 262144K, used 86711K [0x00000000e0000000, 0x0000000100000000)
  region size 1024K, 16 young (16384K), 16 survivors (16384K)
 Metaspace       used 71917K, capacity 74329K, committed 74496K, reserved 319488K
  class space    used 9547K, capacity 10373K, committed 10496K, reserved 253952K
}
Event: 69.495 GC heap before
{Heap before GC invocations=14 (full 0):
 garbage-first heap   total 262144K, used 185015K [0x00000000e0000000, 0x0000000100000000)
  region size 1024K, 113 young (115712K), 16 survivors (16384K)
 Metaspace       used 74088K, capacity 76568K, committed 76800K, reserved 321536K
  class space    used 9839K, capacity 10705K, committed 10752K, reserved 253952K
}
Event: 69.536 GC heap after
{Heap after GC invocations=15 (full 0):
 garbage-first heap   total 262144K, used 94208K [0x00000000e0000000, 0x0000000100000000)
  region size 1024K, 7 young (7168K), 7 survivors (7168K)
 Metaspace       used 74088K, capacity 76568K, committed 76800K, reserved 321536K
  class space    used 9839K, capacity 10705K, committed 10752K, reserved 253952K
}
Event: 72.638 GC heap before
{Heap before GC invocations=15 (full 0):
 garbage-first heap   total 262144K, used 193536K [0x00000000e0000000, 0x0000000100000000)
  region size 1024K, 104 young (106496K), 7 survivors (7168K)
 Metaspace       used 75056K, capacity 77630K, committed 77696K, reserved 321536K
  class space    used 9940K, capacity 10848K, committed 10880K, reserved 253952K
}
Event: 72.660 GC heap after
{Heap after GC invocations=16 (full 0):
 garbage-first heap   total 262144K, used 100352K [0x00000000e0000000, 0x0000000100000000)
  region size 1024K, 13 young (13312K), 13 survivors (13312K)
 Metaspace       used 75056K, capacity 77630K, committed 77696K, reserved 321536K
  class space    used 9940K, capacity 10848K, committed 10880K, reserved 253952K
}
Event: 1049.305 GC heap before
{Heap before GC invocations=16 (full 0):
 garbage-first heap   total 262144K, used 197632K [0x00000000e0000000, 0x0000000100000000)
  region size 1024K, 109 young (111616K), 13 survivors (13312K)
 Metaspace       used 80695K, capacity 83328K, committed 83584K, reserved 327680K
  class space    used 10427K, capacity 11349K, committed 11392K, reserved 253952K
}
Event: 1049.367 GC heap after
{Heap after GC invocations=17 (full 0):
 garbage-first heap   total 262144K, used 103096K [0x00000000e0000000, 0x0000000100000000)
  region size 1024K, 11 young (11264K), 11 survivors (11264K)
 Metaspace       used 80695K, capacity 83328K, committed 83584K, reserved 327680K
  class space    used 10427K, capacity 11349K, committed 11392K, reserved 253952K
}
Event: 1300.003 GC heap before
{Heap before GC invocations=17 (full 0):
 garbage-first heap   total 262144K, used 202424K [0x00000000e0000000, 0x0000000100000000)
  region size 1024K, 108 young (110592K), 11 survivors (11264K)
 Metaspace       used 81747K, capacity 84564K, committed 84736K, reserved 327680K
  class space    used 10501K, capacity 11481K, committed 11520K, reserved 253952K
}
Event: 1300.043 GC heap after
{Heap after GC invocations=18 (full 0):
 garbage-first heap   total 262144K, used 121511K [0x00000000e0000000, 0x0000000100000000)
  region size 1024K, 14 young (14336K), 14 survivors (14336K)
 Metaspace       used 81747K, capacity 84564K, committed 84736K, reserved 327680K
  class space    used 10501K, capacity 11481K, committed 11520K, reserved 253952K
}
Event: 1301.960 GC heap before
{Heap before GC invocations=18 (full 0):
 garbage-first heap   total 262144K, used 202407K [0x00000000e0000000, 0x0000000100000000)
  region size 1024K, 94 young (96256K), 14 survivors (14336K)
 Metaspace       used 82003K, capacity 84882K, committed 84992K, reserved 327680K
  class space    used 10523K, capacity 11520K, committed 11520K, reserved 253952K
}
Event: 1302.001 GC heap after
{Heap after GC invocations=19 (full 0):
 garbage-first heap   total 262144K, used 128000K [0x00000000e0000000, 0x0000000100000000)
  region size 1024K, 6 young (6144K), 6 survivors (6144K)
 Metaspace       used 82003K, capacity 84882K, committed 84992K, reserved 327680K
  class space    used 10523K, capacity 11520K, committed 11520K, reserved 253952K
}
Event: 2100.190 GC heap before
{Heap before GC invocations=19 (full 0):
 garbage-first heap   total 262144K, used 206848K [0x00000000e0000000, 0x0000000100000000)
  region size 1024K, 84 young (86016K), 6 survivors (6144K)
 Metaspace       used 82617K, capacity 85506K, committed 85632K, reserved 329728K
  class space    used 10566K, capacity 11566K, committed 11648K, reserved 253952K
}
Event: 2100.205 GC heap after
{Heap after GC invocations=20 (full 0):
 garbage-first heap   total 262144K, used 128150K [0x00000000e0000000, 0x0000000100000000)
  region size 1024K, 6 young (6144K), 6 survivors (6144K)
 Metaspace       used 82617K, capacity 85506K, committed 85632K, reserved 329728K
  class space    used 10566K, capacity 11566K, committed 11648K, reserved 253952K
}
Event: 2102.047 GC heap before
{Heap before GC invocations=21 (full 0):
 garbage-first heap   total 262144K, used 210070K [0x00000000e0000000, 0x0000000100000000)
  region size 1024K, 86 young (88064K), 6 survivors (6144K)
 Metaspace       used 89410K, capacity 92398K, committed 92928K, reserved 335872K
  class space    used 11367K, capacity 12403K, committed 12544K, reserved 253952K
}
Event: 2102.063 GC heap after
{Heap after GC invocations=22 (full 0):
 garbage-first heap   total 262144K, used 132608K [0x00000000e0000000, 0x0000000100000000)
  region size 1024K, 10 young (10240K), 10 survivors (10240K)
 Metaspace       used 89410K, capacity 92398K, committed 92928K, reserved 335872K
  class space    used 11367K, capacity 12403K, committed 12544K, reserved 253952K
}
Event: 2102.092 GC heap before
{Heap before GC invocations=22 (full 0):
 garbage-first heap   total 262144K, used 134656K [0x00000000e0000000, 0x0000000100000000)
  region size 1024K, 12 young (12288K), 10 survivors (10240K)
 Metaspace       used 89501K, capacity 92557K, committed 92928K, reserved 335872K
  class space    used 11388K, capacity 12435K, committed 12544K, reserved 253952K
}
Event: 2102.121 GC heap after
{Heap after GC invocations=23 (full 0):
 garbage-first heap   total 262144K, used 111426K [0x00000000e0000000, 0x0000000100000000)
  region size 1024K, 2 young (2048K), 2 survivors (2048K)
 Metaspace       used 89501K, capacity 92557K, committed 92928K, reserved 335872K
  class space    used 11388K, capacity 12435K, committed 12544K, reserved 253952K
}

Deoptimization events (20 events):
Event: 2102.063 Thread 0x000001f7aaee3000 Uncommon trap: trap_request=0xffffffde fr.pc=0x000001f79f081500 relative=0x00000000000008a0
Event: 2102.063 Thread 0x000001f7aaee3000 Uncommon trap: reason=class_check action=maybe_recompile pc=0x000001f79f081500 method=jdk.internal.ref.PhantomCleanable.clean()V @ 12 c2
Event: 2102.063 Thread 0x000001f7aaee3000 DEOPT PACKING pc=0x000001f79f081500 sp=0x0000004e466ff420
Event: 2102.063 Thread 0x000001f7aaee3000 DEOPT UNPACKING pc=0x000001f79746912f sp=0x0000004e466ff420 mode 2
Event: 2102.207 Thread 0x000001f7afec3000 Uncommon trap: trap_request=0xffffff45 fr.pc=0x000001f79f2c0b8c relative=0x00000000000004cc
Event: 2102.208 Thread 0x000001f7afec3000 Uncommon trap: reason=unstable_if action=reinterpret pc=0x000001f79f2c0b8c method=java.lang.ref.SoftReference.get()Ljava/lang/Object; @ 6 c2
Event: 2102.208 Thread 0x000001f7afec3000 DEOPT PACKING pc=0x000001f79f2c0b8c sp=0x0000004e46ff50c0
Event: 2102.208 Thread 0x000001f7afec3000 DEOPT UNPACKING pc=0x000001f79746912f sp=0x0000004e46ff4f80 mode 2
Event: 2102.250 Thread 0x000001f7afec3000 Uncommon trap: trap_request=0xffffff45 fr.pc=0x000001f79f04b700 relative=0x0000000000005000
Event: 2102.250 Thread 0x000001f7afec3000 Uncommon trap: reason=unstable_if action=reinterpret pc=0x000001f79f04b700 method=java.lang.ref.SoftReference.get()Ljava/lang/Object; @ 6 c2
Event: 2102.251 Thread 0x000001f7afec3000 DEOPT PACKING pc=0x000001f79f04b700 sp=0x0000004e46ff7580
Event: 2102.251 Thread 0x000001f7afec3000 DEOPT UNPACKING pc=0x000001f79746912f sp=0x0000004e46ff7280 mode 2
Event: 2102.263 Thread 0x000001f7afec3000 Uncommon trap: trap_request=0xffffffd6 fr.pc=0x000001f79f3240a8 relative=0x0000000000001748
Event: 2102.263 Thread 0x000001f7afec3000 Uncommon trap: reason=array_check action=maybe_recompile pc=0x000001f79f3240a8 method=java.util.TimSort.reverseRange([Ljava/lang/Object;II)V @ 27 c2
Event: 2102.263 Thread 0x000001f7afec3000 DEOPT PACKING pc=0x000001f79f3240a8 sp=0x0000004e46ff98a0
Event: 2102.263 Thread 0x000001f7afec3000 DEOPT UNPACKING pc=0x000001f79746912f sp=0x0000004e46ff96f0 mode 2
Event: 2102.264 Thread 0x000001f7afec3000 Uncommon trap: trap_request=0xffffffd6 fr.pc=0x000001f79f323d4c relative=0x00000000000013ec
Event: 2102.264 Thread 0x000001f7afec3000 Uncommon trap: reason=array_check action=maybe_recompile pc=0x000001f79f323d4c method=java.util.TimSort.reverseRange([Ljava/lang/Object;II)V @ 27 c2
Event: 2102.264 Thread 0x000001f7afec3000 DEOPT PACKING pc=0x000001f79f323d4c sp=0x0000004e46ff9c50
Event: 2102.264 Thread 0x000001f7afec3000 DEOPT UNPACKING pc=0x000001f79746912f sp=0x0000004e46ff9aa0 mode 2

Classes unloaded (20 events):
Event: 2100.487 Thread 0x000001f7aa46e000 Unloading class 0x0000000800c75440 'java/lang/invoke/LambdaForm$MH'
Event: 2100.487 Thread 0x000001f7aa46e000 Unloading class 0x0000000800c75040 'java/lang/invoke/LambdaForm$MH'
Event: 2100.487 Thread 0x000001f7aa46e000 Unloading class 0x0000000800c75c40 'java/lang/invoke/LambdaForm$MH'
Event: 2100.487 Thread 0x000001f7aa46e000 Unloading class 0x0000000800c75840 'java/lang/invoke/LambdaForm$MH'
Event: 2100.487 Thread 0x000001f7aa46e000 Unloading class 0x0000000800c76440 'java/lang/invoke/LambdaForm$MH'
Event: 2100.487 Thread 0x000001f7aa46e000 Unloading class 0x0000000800c76040 'java/lang/invoke/LambdaForm$BMH'
Event: 2100.487 Thread 0x000001f7aa46e000 Unloading class 0x0000000800c44c40 'java/lang/invoke/LambdaForm$DMH'
Event: 2100.487 Thread 0x000001f7aa46e000 Unloading class 0x0000000800c45040 'java/lang/invoke/LambdaForm$DMH'
Event: 2100.487 Thread 0x000001f7aa46e000 Unloading class 0x0000000800c45840 'java/lang/invoke/LambdaForm$MH'
Event: 2100.487 Thread 0x000001f7aa46e000 Unloading class 0x0000000800c46440 'java/lang/invoke/LambdaForm$MH'
Event: 2100.487 Thread 0x000001f7aa46e000 Unloading class 0x0000000800c46040 'java/lang/invoke/LambdaForm$MH'
Event: 2100.487 Thread 0x000001f7aa46e000 Unloading class 0x0000000800c46840 'java/lang/invoke/LambdaForm$MH'
Event: 2100.487 Thread 0x000001f7aa46e000 Unloading class 0x0000000800c42c40 'java/lang/invoke/LambdaForm$MH'
Event: 2100.487 Thread 0x000001f7aa46e000 Unloading class 0x0000000800c41c40 'java/lang/invoke/LambdaForm$MH'
Event: 2100.487 Thread 0x000001f7aa46e000 Unloading class 0x0000000800c41440 'java/lang/invoke/LambdaForm$MH'
Event: 2100.487 Thread 0x000001f7aa46e000 Unloading class 0x0000000800c41040 'java/lang/invoke/LambdaForm$MH'
Event: 2100.487 Thread 0x000001f7aa46e000 Unloading class 0x0000000800c40c40 'java/lang/invoke/LambdaForm$MH'
Event: 2100.487 Thread 0x000001f7aa46e000 Unloading class 0x0000000800c40840 'java/lang/invoke/LambdaForm$MH'
Event: 2100.487 Thread 0x000001f7aa46e000 Unloading class 0x0000000800c40040 'java/lang/invoke/LambdaForm$MH'
Event: 2100.487 Thread 0x000001f7aa46e000 Unloading class 0x0000000800c2a440 'java/lang/invoke/LambdaForm$MH'

Classes redefined (0 events):
No events

Internal exceptions (20 events):
Event: 2102.154 Thread 0x000001f7afec3000 Exception <a 'java/lang/ClassNotFoundException'{0x00000000efb5f5b0}: com/android/build/gradle/internal/dsl/SplitOptionsCustomizer> (0x00000000efb5f5b0) 
thrown [t:/workspace/open/src/hotspot/share/classfile/systemDictionary.cpp, line 232]
Event: 2102.155 Thread 0x000001f7afec3000 Exception <a 'java/lang/ClassNotFoundException'{0x00000000efb7e330}: com/android/build/gradle/internal/dsl/AbiSplitOptionsCustomizer> (0x00000000efb7e330) 
thrown [t:/workspace/open/src/hotspot/share/classfile/systemDictionary.cpp, line 232]
Event: 2102.156 Thread 0x000001f7afec3000 Exception <a 'java/lang/ClassNotFoundException'{0x00000000efb971e8}: com/android/build/gradle/internal/dsl/AbiSplitOptions_DecoratedCustomizer> (0x00000000efb971e8) 
thrown [t:/workspace/open/src/hotspot/share/classfile/systemDictionary.cpp, line 232]
Event: 2102.184 Thread 0x000001f7afec3000 Exception <a 'java/lang/ClassNotFoundException'{0x00000000efa1a618}: com/android/build/gradle/internal/dsl/SigningConfig_DecoratedBeanInfo> (0x00000000efa1a618) 
thrown [t:/workspace/open/src/hotspot/share/classfile/systemDictionary.cpp, line 232]
Event: 2102.185 Thread 0x000001f7afec3000 Exception <a 'java/lang/ClassNotFoundException'{0x00000000efa2d688}: com/android/build/gradle/internal/dsl/SigningConfigBeanInfo> (0x00000000efa2d688) 
thrown [t:/workspace/open/src/hotspot/share/classfile/systemDictionary.cpp, line 232]
Event: 2102.186 Thread 0x000001f7afec3000 Exception <a 'java/lang/ClassNotFoundException'{0x00000000efa45cb8}: com/android/builder/signing/DefaultSigningConfigBeanInfo> (0x00000000efa45cb8) 
thrown [t:/workspace/open/src/hotspot/share/classfile/systemDictionary.cpp, line 232]
Event: 2102.186 Thread 0x000001f7afec3000 Exception <a 'java/lang/ClassNotFoundException'{0x00000000efa58568}: com/android/builder/signing/DefaultSigningConfigCustomizer> (0x00000000efa58568) 
thrown [t:/workspace/open/src/hotspot/share/classfile/systemDictionary.cpp, line 232]
Event: 2102.203 Thread 0x000001f7afec3000 Exception <a 'java/lang/ClassNotFoundException'{0x00000000efa78ef0}: com/android/build/gradle/internal/dsl/SigningConfigCustomizer> (0x00000000efa78ef0) 
thrown [t:/workspace/open/src/hotspot/share/classfile/systemDictionary.cpp, line 232]
Event: 2102.204 Thread 0x000001f7afec3000 Exception <a 'java/lang/ClassNotFoundException'{0x00000000efa9d1a8}: com/android/build/gradle/internal/dsl/SigningConfig_DecoratedCustomizer> (0x00000000efa9d1a8) 
thrown [t:/workspace/open/src/hotspot/share/classfile/systemDictionary.cpp, line 232]
Event: 2102.206 Thread 0x000001f7afec3000 Exception <a 'java/lang/ClassNotFoundException'{0x00000000efadd0d8}: build_8ugn1ym5xat27x8oyudkdfrsf$_run_closure1$_closure7BeanInfo> (0x00000000efadd0d8) 
thrown [t:/workspace/open/src/hotspot/share/classfile/systemDictionary.cpp, line 232]
Event: 2102.206 Thread 0x000001f7afec3000 Exception <a 'java/lang/ClassNotFoundException'{0x00000000efae9fe0}: build_8ugn1ym5xat27x8oyudkdfrsf$_run_closure1$_closure7Customizer> (0x00000000efae9fe0) 
thrown [t:/workspace/open/src/hotspot/share/classfile/systemDictionary.cpp, line 232]
Event: 2102.207 Thread 0x000001f7afec3000 Implicit null exception at 0x000001f79f2c07f5 to 0x000001f79f2c0b76
Event: 2102.210 Thread 0x000001f7afec3000 Exception <a 'java/lang/ClassNotFoundException'{0x00000000ef93b9c8}: build_8ugn1ym5xat27x8oyudkdfrsf$_run_closure1BeanInfo> (0x00000000ef93b9c8) 
thrown [t:/workspace/open/src/hotspot/share/classfile/systemDictionary.cpp, line 232]
Event: 2102.211 Thread 0x000001f7afec3000 Exception <a 'java/lang/ClassNotFoundException'{0x00000000ef9492f0}: build_8ugn1ym5xat27x8oyudkdfrsf$_run_closure1Customizer> (0x00000000ef9492f0) 
thrown [t:/workspace/open/src/hotspot/share/classfile/systemDictionary.cpp, line 232]
Event: 2102.218 Thread 0x000001f7afec3000 Exception <a 'java/lang/ClassNotFoundException'{0x00000000ef9a0bd0}: build_8ugn1ym5xat27x8oyudkdfrsf$_run_closure1$_closure8BeanInfo> (0x00000000ef9a0bd0) 
thrown [t:/workspace/open/src/hotspot/share/classfile/systemDictionary.cpp, line 232]
Event: 2102.219 Thread 0x000001f7afec3000 Exception <a 'java/lang/ClassNotFoundException'{0x00000000ef9adad8}: build_8ugn1ym5xat27x8oyudkdfrsf$_run_closure1$_closure8Customizer> (0x00000000ef9adad8) 
thrown [t:/workspace/open/src/hotspot/share/classfile/systemDictionary.cpp, line 232]
Event: 2102.223 Thread 0x000001f7afec3000 Exception <a 'java/lang/ClassNotFoundException'{0x00000000ef9f8500}: com/android/build/gradle/internal/dsl/PackagingOptions_DecoratedBeanInfo> (0x00000000ef9f8500) 
thrown [t:/workspace/open/src/hotspot/share/classfile/systemDictionary.cpp, line 232]
Event: 2102.224 Thread 0x000001f7afec3000 Exception <a 'java/lang/ClassNotFoundException'{0x00000000ef80a588}: com/android/build/gradle/internal/dsl/PackagingOptionsBeanInfo> (0x00000000ef80a588) 
thrown [t:/workspace/open/src/hotspot/share/classfile/systemDictionary.cpp, line 232]
Event: 2102.225 Thread 0x000001f7afec3000 Exception <a 'java/lang/ClassNotFoundException'{0x00000000ef81c0f8}: com/android/build/gradle/internal/dsl/PackagingOptionsCustomizer> (0x00000000ef81c0f8) 
thrown [t:/workspace/open/src/hotspot/share/classfile/systemDictionary.cpp, line 232]
Event: 2102.226 Thread 0x000001f7afec3000 Exception <a 'java/lang/ClassNotFoundException'{0x00000000ef83d630}: com/android/build/gradle/internal/dsl/PackagingOptions_DecoratedCustomizer> (0x00000000ef83d630) 
thrown [t:/workspace/open/src/hotspot/share/classfile/systemDictionary.cpp, line 232]

Events (20 events):
Event: 2102.228 loading class groovy/runtime/metaclass/build_8ugn1ym5xat27x8oyudkdfrsf$_run_closure1$_closure10MetaClass
Event: 2102.228 loading class groovy/runtime/metaclass/build_8ugn1ym5xat27x8oyudkdfrsf$_run_closure1$_closure10MetaClass done
Event: 2102.229 loading class groovy/runtime/metaclass/org/gradle/api/internal/DefaultDomainObjectSetMetaClass
Event: 2102.229 loading class groovy/runtime/metaclass/org/gradle/api/internal/DefaultDomainObjectSetMetaClass done
Event: 2102.248 loading class groovy/runtime/metaclass/build_8ugn1ym5xat27x8oyudkdfrsf$_run_closure2MetaClass
Event: 2102.248 loading class groovy/runtime/metaclass/build_8ugn1ym5xat27x8oyudkdfrsf$_run_closure2MetaClass done
Event: 2102.248 loading class groovy/runtime/metaclass/org/gradle/api/internal/file/collections/DefaultConfigurableFileTreeMetaClass
Event: 2102.248 loading class groovy/runtime/metaclass/org/gradle/api/internal/file/collections/DefaultConfigurableFileTreeMetaClass done
Event: 2102.250 Executing VM operation: RevokeBias
Event: 2102.250 Executing VM operation: RevokeBias done
Event: 2102.255 loading class groovy/runtime/metaclass/build_8ugn1ym5xat27x8oyudkdfrsf$_run_closure2$_closure16MetaClass
Event: 2102.255 loading class groovy/runtime/metaclass/build_8ugn1ym5xat27x8oyudkdfrsf$_run_closure2$_closure16MetaClass done
Event: 2102.257 loading class groovy/runtime/metaclass/build_8ugn1ym5xat27x8oyudkdfrsf$_run_closure2$_closure17MetaClass
Event: 2102.257 loading class groovy/runtime/metaclass/build_8ugn1ym5xat27x8oyudkdfrsf$_run_closure2$_closure17MetaClass done
Event: 2102.259 loading class groovy/runtime/metaclass/build_8ugn1ym5xat27x8oyudkdfrsf$_run_closure2$_closure18MetaClass
Event: 2102.259 loading class groovy/runtime/metaclass/build_8ugn1ym5xat27x8oyudkdfrsf$_run_closure2$_closure18MetaClass done
Event: 2102.260 loading class org/gradle/api/tasks/Copy
Event: 2102.260 loading class org/gradle/api/tasks/Copy done
Event: 2102.261 loading class groovy/runtime/metaclass/build_8ugn1ym5xat27x8oyudkdfrsf$_run_closure3MetaClass
Event: 2102.261 loading class groovy/runtime/metaclass/build_8ugn1ym5xat27x8oyudkdfrsf$_run_closure3MetaClass done


Dynamic libraries:
0x00007ff675e40000 - 0x00007ff675e4f000 	C:\Program Files\Java\jdk-13.0.1\bin\java.exe
0x00007ffa223c0000 - 0x00007ffa225b0000 	C:\WINDOWS\SYSTEM32\ntdll.dll
0x00007ffa20a70000 - 0x00007ffa20b22000 	C:\WINDOWS\System32\KERNEL32.DLL
0x00007ffa1f4b0000 - 0x00007ffa1f753000 	C:\WINDOWS\System32\KERNELBASE.dll
0x000000006e170000 - 0x000000006e205000 	C:\WINDOWS\System32\SYSFER.DLL
0x00007ffa1fd70000 - 0x00007ffa1fe13000 	C:\WINDOWS\System32\ADVAPI32.dll
0x00007ffa208e0000 - 0x00007ffa2097e000 	C:\WINDOWS\System32\msvcrt.dll
0x00007ffa21410000 - 0x00007ffa214a7000 	C:\WINDOWS\System32\sechost.dll
0x00007ffa21580000 - 0x00007ffa216a0000 	C:\WINDOWS\System32\RPCRT4.dll
0x00007ffa1e9c0000 - 0x00007ffa1eaba000 	C:\WINDOWS\System32\ucrtbase.dll
0x00007ff9f3440000 - 0x00007ff9f3455000 	C:\Program Files\Java\jdk-13.0.1\bin\VCRUNTIME140.dll
0x00007ff9f2eb0000 - 0x00007ff9f2ec8000 	C:\Program Files\Java\jdk-13.0.1\bin\jli.dll
0x00007ffa20740000 - 0x00007ffa208d4000 	C:\WINDOWS\System32\USER32.dll
0x00007ffa1eac0000 - 0x00007ffa1eae1000 	C:\WINDOWS\System32\win32u.dll
0x00007ffa21550000 - 0x00007ffa21576000 	C:\WINDOWS\System32\GDI32.dll
0x00007ffa1f2f0000 - 0x00007ffa1f484000 	C:\WINDOWS\System32\gdi32full.dll
0x00007ff9fd6d0000 - 0x00007ff9fd955000 	C:\WINDOWS\WinSxS\amd64_microsoft.windows.common-controls_6595b64144ccf1df_6.0.18362.778_none_e6c6b761130d4fb8\COMCTL32.dll
0x00007ffa1f910000 - 0x00007ffa1f9ae000 	C:\WINDOWS\System32\msvcp_win.dll
0x00007ffa21fc0000 - 0x00007ffa222f6000 	C:\WINDOWS\System32\combase.dll
0x00007ffa1eaf0000 - 0x00007ffa1eb70000 	C:\WINDOWS\System32\bcryptPrimitives.dll
0x00007ffa1d900000 - 0x00007ffa1d90a000 	C:\WINDOWS\SYSTEM32\VERSION.dll
0x00007ffa21f30000 - 0x00007ffa21f5e000 	C:\WINDOWS\System32\IMM32.DLL
0x00007ff9dccb0000 - 0x00007ff9dcd4b000 	C:\Program Files\Java\jdk-13.0.1\bin\msvcp140.dll
0x00007ff9b7800000 - 0x00007ff9b8366000 	C:\Program Files\Java\jdk-13.0.1\bin\server\jvm.dll
0x00007ffa200e0000 - 0x00007ffa200e8000 	C:\WINDOWS\System32\PSAPI.DLL
0x00007ffa073e0000 - 0x00007ffa073e9000 	C:\WINDOWS\SYSTEM32\WSOCK32.dll
0x00007ffa21df0000 - 0x00007ffa21e5f000 	C:\WINDOWS\System32\WS2_32.dll
0x00007ffa1a6d0000 - 0x00007ffa1a6f4000 	C:\WINDOWS\SYSTEM32\WINMM.dll
0x00007ffa1a6a0000 - 0x00007ffa1a6cd000 	C:\WINDOWS\SYSTEM32\WINMMBASE.dll
0x00007ffa1f9b0000 - 0x00007ffa1f9fa000 	C:\WINDOWS\System32\cfgmgr32.dll
0x00007ffa1e950000 - 0x00007ffa1e961000 	C:\WINDOWS\System32\kernel.appcore.dll
0x00007ffa0c630000 - 0x00007ffa0c640000 	C:\Program Files\Java\jdk-13.0.1\bin\verify.dll
0x00007ffa17190000 - 0x00007ffa17384000 	C:\WINDOWS\SYSTEM32\DBGHELP.DLL
0x00007ffa086d0000 - 0x00007ffa086fa000 	C:\WINDOWS\SYSTEM32\dbgcore.DLL
0x00007ff9f1ea0000 - 0x00007ff9f1ec6000 	C:\Program Files\Java\jdk-13.0.1\bin\java.dll
0x00007ff9f1b90000 - 0x00007ff9f1ba7000 	C:\Program Files\Java\jdk-13.0.1\bin\zip.dll
0x00007ffa0c3a0000 - 0x00007ffa0c3aa000 	C:\Program Files\Java\jdk-13.0.1\bin\jimage.dll
0x00007ffa216a0000 - 0x00007ffa21d85000 	C:\WINDOWS\System32\SHELL32.dll
0x00007ffa1fcc0000 - 0x00007ffa1fd69000 	C:\WINDOWS\System32\shcore.dll
0x00007ffa1eb70000 - 0x00007ffa1f2f0000 	C:\WINDOWS\System32\windows.storage.dll
0x00007ffa1e990000 - 0x00007ffa1e9b3000 	C:\WINDOWS\System32\profapi.dll
0x00007ffa1e900000 - 0x00007ffa1e94a000 	C:\WINDOWS\System32\powrprof.dll
0x00007ffa1e8f0000 - 0x00007ffa1e900000 	C:\WINDOWS\System32\UMPDC.dll
0x00007ffa21f60000 - 0x00007ffa21fb2000 	C:\WINDOWS\System32\shlwapi.dll
0x00007ffa1f490000 - 0x00007ffa1f4a7000 	C:\WINDOWS\System32\cryptsp.dll
0x00007ff9f09b0000 - 0x00007ff9f09c9000 	C:\Program Files\Java\jdk-13.0.1\bin\net.dll
0x00007ffa0efe0000 - 0x00007ffa0f0d0000 	C:\WINDOWS\SYSTEM32\WINHTTP.dll
0x00007ffa1e100000 - 0x00007ffa1e167000 	C:\WINDOWS\system32\mswsock.dll
0x00007ff9f0990000 - 0x00007ff9f09a3000 	C:\Program Files\Java\jdk-13.0.1\bin\nio.dll
0x00007ffa1a820000 - 0x00007ffa1a846000 	C:\Users\balachandran.k\.gradle\native\30\windows-amd64\native-platform.dll
0x00007ffa0e9f0000 - 0x00007ffa0e9f9000 	C:\Program Files\Java\jdk-13.0.1\bin\management.dll
0x00007ffa0c4c0000 - 0x00007ffa0c4cb000 	C:\Program Files\Java\jdk-13.0.1\bin\management_ext.dll
0x00007ffa1dc70000 - 0x00007ffa1dca3000 	C:\WINDOWS\system32\rsaenh.dll
0x00007ffa1fa00000 - 0x00007ffa1fa26000 	C:\WINDOWS\System32\bcrypt.dll
0x00007ffa1e7e0000 - 0x00007ffa1e805000 	C:\WINDOWS\SYSTEM32\USERENV.dll
0x00007ffa1e330000 - 0x00007ffa1e33c000 	C:\WINDOWS\SYSTEM32\CRYPTBASE.dll
0x00007ffa1de10000 - 0x00007ffa1de4a000 	C:\WINDOWS\SYSTEM32\IPHLPAPI.DLL
0x00007ffa1fcb0000 - 0x00007ffa1fcb8000 	C:\WINDOWS\System32\NSI.dll
0x00007ffa15fc0000 - 0x00007ffa15fd6000 	C:\WINDOWS\SYSTEM32\dhcpcsvc6.DLL
0x00007ffa15f80000 - 0x00007ffa15f9c000 	C:\WINDOWS\SYSTEM32\dhcpcsvc.DLL
0x00007ffa1de60000 - 0x00007ffa1df2a000 	C:\WINDOWS\SYSTEM32\DNSAPI.dll
0x00007ffa0c4b0000 - 0x00007ffa0c4be000 	C:\Program Files\Java\jdk-13.0.1\bin\sunmscapi.dll
0x00007ffa1f760000 - 0x00007ffa1f8a9000 	C:\WINDOWS\System32\CRYPT32.dll
0x00007ffa1e970000 - 0x00007ffa1e982000 	C:\WINDOWS\System32\MSASN1.dll
0x00007ffa1e430000 - 0x00007ffa1e456000 	C:\WINDOWS\SYSTEM32\ncrypt.dll
0x00007ffa1e3f0000 - 0x00007ffa1e42b000 	C:\WINDOWS\SYSTEM32\NTASN1.dll
0x00007ffa091c0000 - 0x00007ffa091e5000 	C:\Program Files\Java\jdk-13.0.1\bin\sunec.dll
0x00007ffa0eee0000 - 0x00007ffa0eeea000 	C:\Windows\System32\rasadhlp.dll
0x00007ffa16830000 - 0x00007ffa168a7000 	C:\WINDOWS\System32\fwpuclnt.dll
0x00007ff9ddc00000 - 0x00007ff9ddd99000 	C:\Program Files\Java\jdk-13.0.1\bin\awt.dll
0x00007ffa21e60000 - 0x00007ffa21f24000 	C:\WINDOWS\System32\OLEAUT32.dll
0x00007ffa1b7d0000 - 0x00007ffa1bd90000 	C:\WINDOWS\SYSTEM32\d2d1.dll
0x00007ffa1c710000 - 0x00007ffa1c79f000 	C:\WINDOWS\SYSTEM32\apphelp.dll
0x00007ffa1cb40000 - 0x00007ffa1cbd9000 	C:\WINDOWS\system32\uxtheme.dll
0x00007ffa20c40000 - 0x00007ffa20d76000 	C:\WINDOWS\System32\MSCTF.dll
0x00007ffa1fb50000 - 0x00007ffa1fca7000 	C:\WINDOWS\System32\ole32.dll

dbghelp: loaded successfully - version: 4.0.5 - missing functions: none
symbol engine: initialized successfully - sym options: 0x614 - pdb path: .;C:\Program Files\Java\jdk-13.0.1\bin;C:\WINDOWS\SYSTEM32;C:\WINDOWS\WinSxS\amd64_microsoft.windows.common-controls_6595b64144ccf1df_6.0.18362.778_none_e6c6b761130d4fb8;C:\Program Files\Java\jdk-13.0.1\bin\server;C:\Users\balachandran.k\.gradle\native\30\windows-amd64

VM Arguments:
jvm_args: --add-opens=java.base/java.util=ALL-UNNAMED --add-opens=java.base/java.lang=ALL-UNNAMED --add-opens=java.base/java.lang.invoke=ALL-UNNAMED --add-opens=java.prefs/java.util.prefs=ALL-UNNAMED -XX:MaxMetaspaceSize=256m -XX:+HeapDumpOnOutOfMemoryError -Xms256m -Xmx512m -Dfile.encoding=windows-1252 -Duser.country=US -Duser.language=en -Duser.variant 
java_command: org.gradle.launcher.daemon.bootstrap.GradleDaemon 6.0.1
java_class_path (initial): C:\Users\balachandran.k\.gradle\wrapper\dists\gradle-6.0.1-all\99d3u8wxs16ndehh90lbbir67\gradle-6.0.1\lib\gradle-launcher-6.0.1.jar
Launcher Type: SUN_STANDARD

[Global flags]
     intx CICompilerCount                          = 3                                         {product} {ergonomic}
   size_t CompressedClassSpaceSize                 = 260046848                                 {product} {ergonomic}
     uint ConcGCThreads                            = 1                                         {product} {ergonomic}
     uint G1ConcRefinementThreads                  = 4                                         {product} {ergonomic}
   size_t G1HeapRegionSize                         = 1048576                                   {product} {ergonomic}
    uintx GCDrainStackTargetSize                   = 64                                        {product} {ergonomic}
     bool HeapDumpOnOutOfMemoryError               = true                                   {manageable} {command line}
   size_t InitialHeapSize                          = 268435456                                 {product} {command line}
   size_t MarkStackSize                            = 4194304                                   {product} {ergonomic}
   size_t MaxHeapSize                              = 536870912                                 {product} {command line}
   size_t MaxMetaspaceSize                         = 268435456                                 {product} {command line}
   size_t MaxNewSize                               = 321912832                                 {product} {ergonomic}
   size_t MinHeapDeltaBytes                        = 1048576                                   {product} {ergonomic}
   size_t MinHeapSize                              = 268435456                                 {product} {command line}
    uintx NonNMethodCodeHeapSize                   = 5830732                                {pd product} {ergonomic}
    uintx NonProfiledCodeHeapSize                  = 122913754                              {pd product} {ergonomic}
    uintx ProfiledCodeHeapSize                     = 122913754                              {pd product} {ergonomic}
    uintx ReservedCodeCacheSize                    = 251658240                              {pd product} {ergonomic}
     bool SegmentedCodeCache                       = true                                      {product} {ergonomic}
   size_t SoftMaxHeapSize                          = 536870912                              {manageable} {ergonomic}
     bool UseCompressedClassPointers               = true                                 {lp64_product} {ergonomic}
     bool UseCompressedOops                        = true                                 {lp64_product} {ergonomic}
     bool UseG1GC                                  = true                                      {product} {ergonomic}
     bool UseLargePagesIndividualAllocation        = false                                  {pd product} {ergonomic}

Logging:
Log output configuration:
 #0: stdout all=warning uptime,level,tags
 #1: stderr all=off uptime,level,tags

Environment Variables:
JAVA_HOME=C:\Program Files\Java\jdk-13.0.1
CLASSPATH=D:\Balachandran\ReactNative\FirstApp\android\\gradle\wrapper\gradle-wrapper.jar
PATH=D:\Balachandran\ReactNative\FirstApp\android\node_modules\.bin;D:\Balachandran\ReactNative\FirstApp\node_modules\.bin;D:\Balachandran\ReactNative\node_modules\.bin;D:\Balachandran\node_modules\.bin;D:\node_modules\.bin;C:\Program Files\nodejs;C:\Python27\;C:\Python27\Scripts;C:\oracle;C:\oracle\bin;C:\Program Files (x86)\Common Files\Oracle\Java\javapath;C:\Program Files (x86)\Intel\iCLS Client\;C:\Program Files\Intel\iCLS Client\;C:\WINDOWS\system32;C:\WINDOWS;C:\WINDOWS\System32\Wbem;C:\WINDOWS\System32\WindowsPowerShell\v1.0\;C:\Program Files (x86)\Intel\Intel(R) Management Engine Components\DAL;C:\Program Files\Intel\Intel(R) Management Engine Components\DAL;C:\Program Files (x86)\Intel\Intel(R) Management Engine Components\IPT;C:\Program Files\Intel\Intel(R) Management Engine Components\IPT;C:\Program Files\Java\jdk-13.0.1\bin\\bin;C:\Program Files\Git\cmd;C:\Program Files (x86)\Sennheiser\SoftphoneSDK\;C:\Users\balachandran.k\.dnx\bin;C:\Program Files\Microsoft DNX\Dnvm\;C:\Program Files\Microsoft SQL Server\120\Tools\Binn\;C:\Program Files\Microsoft SQL Server\Client SDK\ODBC\110\Tools\Binn\;C:\Program Files (x86)\Microsoft SQL Server\120\Tools\Binn\;C:\Program Files\Microsoft SQL Server\120\DTS\Binn\;C:\Program Files (x86)\Microsoft SQL Server\120\Tools\Binn\ManagementStudio\;C:\Program Files (x86)\Microsoft SQL Server\120\DTS\Binn\;C:\Program Files\TortoiseSVN\bin;C:\WINDOWS\System32\OpenSSH\;C:\Program Files\TortoiseGit\bin;C:\ProgramData\chocolatey\bin;C:\Program Files\nodejs\;C:\Users\balachandran.k\AppData\Local\Android\Sdk\platform-tools;C:\Users\balachandran.k\AppData\Local\Android\Sdk;C:\Users\balachandran.k\AppData\Local\Microsoft\WindowsApps;C:\Users\balachandran.k\AppData\Local\Programs\Microsoft VS Code\bin;C:\Users\balachandran.k\AppData\Roaming\npm
USERNAME=Balachandran.K
OS=Windows_NT
PROCESSOR_IDENTIFIER=Intel64 Family 6 Model 78 Stepping 3, GenuineIntel



---------------  S Y S T E M  ---------------

OS: Windows 10 , 64 bit Build 18362 (10.0.18362.778)

CPU:total 4 (initial active 4) (2 cores per cpu, 2 threads per core) family 6 model 78 stepping 3, cmov, cx8, fxsr, mmx, sse, sse2, sse3, ssse3, sse4.1, sse4.2, popcnt, avx, avx2, aes, clmul, erms, 3dnowpref, lzcnt, ht, tsc, tscinvbit, bmi1, bmi2, adx, fma

Memory: 4k page, system-wide physical 8088M (1720M free)
TotalPageFile size 9623M (AvailPageFile size 9M)
current process WorkingSet (physical memory assigned to process): 477M, peak: 517M
current process commit charge ("private bytes"): 559M, peak: 563M

vm_info: Java HotSpot(TM) 64-Bit Server VM (13.0.1+9) for windows-amd64 JRE (13.0.1+9), built on Oct  6 2019 12:37:49 by "mach5one" with unknown MS VC++:1916

END.
